ARM GAS  C:\Users\purdu\AppData\Local\Temp\ccmaNVYX.s 			page 1


   1              		.cpu cortex-m4
   2              		.arch armv7e-m
   3              		.fpu fpv4-sp-d16
   4              		.eabi_attribute 27, 1
   5              		.eabi_attribute 28, 1
   6              		.eabi_attribute 20, 1
   7              		.eabi_attribute 21, 1
   8              		.eabi_attribute 23, 3
   9              		.eabi_attribute 24, 1
  10              		.eabi_attribute 25, 1
  11              		.eabi_attribute 26, 1
  12              		.eabi_attribute 30, 1
  13              		.eabi_attribute 34, 1
  14              		.eabi_attribute 18, 4
  15              		.file	"CAN_Setup.c"
  16              		.text
  17              	.Ltext0:
  18              		.cfi_sections	.debug_frame
  19              		.file 1 "BSP/BSP.c/CAN_Setup.c"
  20              		.section	.text.Check_CAN,"ax",%progbits
  21              		.align	1
  22              		.global	Check_CAN
  23              		.syntax unified
  24              		.thumb
  25              		.thumb_func
  27              	Check_CAN:
  28              	.LFB147:
   1:BSP/BSP.c/CAN_Setup.c **** /**
   2:BSP/BSP.c/CAN_Setup.c ****  * @file CAN_Setup.c
   3:BSP/BSP.c/CAN_Setup.c ****  * @author Leo Liu
   4:BSP/BSP.c/CAN_Setup.c ****  * @brief Setting up the CAN communication
   5:BSP/BSP.c/CAN_Setup.c ****  * @version 1.0
   6:BSP/BSP.c/CAN_Setup.c ****  * @date 2022/07/08
   7:BSP/BSP.c/CAN_Setup.c ****  * 
   8:BSP/BSP.c/CAN_Setup.c ****  * @copyright Copyright (c) 2022
   9:BSP/BSP.c/CAN_Setup.c ****  * 
  10:BSP/BSP.c/CAN_Setup.c ****  */
  11:BSP/BSP.c/CAN_Setup.c **** #include "CAN_Setup.h"
  12:BSP/BSP.c/CAN_Setup.c **** 
  13:BSP/BSP.c/CAN_Setup.c **** void CAN_IT_Init(CAN_HandleTypeDef *hcanx, uint8_t Can_type);
  14:BSP/BSP.c/CAN_Setup.c **** void CAN_RxMessage_Export_Data(CAN_HandleTypeDef *hcanx, osMessageQId CANx_Handle, uint8_t Can_type
  15:BSP/BSP.c/CAN_Setup.c **** void CAN_SendData(osMessageQId CANx_Handle, CAN_HandleTypeDef *CANx, uint8_t id_type, uint32_t id, 
  16:BSP/BSP.c/CAN_Setup.c **** void CAN_0x140_Send_Data(CAN_HandleTypeDef *hcanx, uint8_t Motor_ID, uint8_t CMD, uint8_t Data_1, u
  17:BSP/BSP.c/CAN_Setup.c **** 			uint8_t Data_4, uint8_t Data_5, uint8_t Data_6, uint8_t Data_7);
  18:BSP/BSP.c/CAN_Setup.c **** void CAN_0x1FF_Send_Data(CAN_HandleTypeDef *hcanx, int16_t Output_1, int16_t Output_2, int16_t Outp
  19:BSP/BSP.c/CAN_Setup.c **** void CAN_0x200_Send_Data(CAN_HandleTypeDef *hcanx, int16_t Output_1, int16_t Output_2, int16_t Outp
  20:BSP/BSP.c/CAN_Setup.c **** void CAN_0x2FF_Send_Data(CAN_HandleTypeDef *hcanx, int16_t Output_1, int16_t Output_2, int16_t Outp
  21:BSP/BSP.c/CAN_Setup.c **** void CAN_0x210_Send_Data(CAN_HandleTypeDef *hcanx, int16_t Target_Power);
  22:BSP/BSP.c/CAN_Setup.c **** void Check_CAN(void);
  23:BSP/BSP.c/CAN_Setup.c **** 
  24:BSP/BSP.c/CAN_Setup.c **** CAN_Func_t CAN_Func = CAN_Func_GroundInit;
  25:BSP/BSP.c/CAN_Setup.c **** #undef CAN_Func_GroundInit
  26:BSP/BSP.c/CAN_Setup.c **** 
  27:BSP/BSP.c/CAN_Setup.c **** CAN_Data_t CAN_Data[2] = CAN_Data_GroundInit;
  28:BSP/BSP.c/CAN_Setup.c **** #undef CAN_Data_GroundInit
  29:BSP/BSP.c/CAN_Setup.c **** 
  30:BSP/BSP.c/CAN_Setup.c **** CAN_Devices_t *Monitor_CAN[] = {&Monitor_CAN1, &Monitor_CAN2};
ARM GAS  C:\Users\purdu\AppData\Local\Temp\ccmaNVYX.s 			page 2


  31:BSP/BSP.c/CAN_Setup.c **** CAN_Devices_t Monitor_CAN1, Monitor_CAN2;
  32:BSP/BSP.c/CAN_Setup.c **** 
  33:BSP/BSP.c/CAN_Setup.c **** //Initialization for the filter
  34:BSP/BSP.c/CAN_Setup.c **** static void CAN_FILTER_Init(CAN_FilterTypeDef *CAN_Filter, CAN_HandleTypeDef *hcanx)
  35:BSP/BSP.c/CAN_Setup.c **** {
  36:BSP/BSP.c/CAN_Setup.c ****     CAN_Filter->FilterFIFOAssignment = CAN_FILTER_FIFO0; 
  37:BSP/BSP.c/CAN_Setup.c ****     CAN_Filter->FilterBank = 0;                        
  38:BSP/BSP.c/CAN_Setup.c ****     CAN_Filter->SlaveStartFilterBank = 0;
  39:BSP/BSP.c/CAN_Setup.c ****     CAN_Filter->FilterMode = CAN_FILTERMODE_IDMASK;   
  40:BSP/BSP.c/CAN_Setup.c ****     CAN_Filter->FilterScale = CAN_FILTERSCALE_32BIT;  
  41:BSP/BSP.c/CAN_Setup.c ****     CAN_Filter->FilterActivation = CAN_FILTER_ENABLE; 
  42:BSP/BSP.c/CAN_Setup.c ****                                                      
  43:BSP/BSP.c/CAN_Setup.c ****     CAN_Filter->FilterIdHigh = 0x0000;                
  44:BSP/BSP.c/CAN_Setup.c ****     CAN_Filter->FilterIdLow = 0x0000;                 
  45:BSP/BSP.c/CAN_Setup.c ****     CAN_Filter->FilterMaskIdHigh = 0x0000;            
  46:BSP/BSP.c/CAN_Setup.c ****     CAN_Filter->FilterMaskIdLow = 0x0000;             
  47:BSP/BSP.c/CAN_Setup.c ****     HAL_CAN_ConfigFilter(hcanx, CAN_Filter);
  48:BSP/BSP.c/CAN_Setup.c **** }
  49:BSP/BSP.c/CAN_Setup.c **** 
  50:BSP/BSP.c/CAN_Setup.c **** //CAN interrupt initialization
  51:BSP/BSP.c/CAN_Setup.c **** void CAN_IT_Init(CAN_HandleTypeDef *hcanx, uint8_t Can_type)
  52:BSP/BSP.c/CAN_Setup.c **** {
  53:BSP/BSP.c/CAN_Setup.c ****     uint8_t Canx_type = Can_type - 1;
  54:BSP/BSP.c/CAN_Setup.c ****     CAN_FILTER_Init(&CAN_Data[Canx_type].CAN_FilterTypedef.CAN_Filter, hcanx);
  55:BSP/BSP.c/CAN_Setup.c ****     HAL_CAN_Start(hcanx);
  56:BSP/BSP.c/CAN_Setup.c ****     __HAL_CAN_ENABLE_IT(hcanx, CAN_IT_RX_FIFO0_MSG_PENDING); 
  57:BSP/BSP.c/CAN_Setup.c **** }
  58:BSP/BSP.c/CAN_Setup.c **** 
  59:BSP/BSP.c/CAN_Setup.c **** //Export CAN data based on ID
  60:BSP/BSP.c/CAN_Setup.c **** void CAN_RxMessage_Export_Data(CAN_HandleTypeDef *hcanx, osMessageQId CANx_Handle, uint8_t Can_type
  61:BSP/BSP.c/CAN_Setup.c **** {
  62:BSP/BSP.c/CAN_Setup.c ****     CAN_Export_Data_t CAN_Export_Data[2];
  63:BSP/BSP.c/CAN_Setup.c ****     uint8_t Canx_type = Can_type - 1;
  64:BSP/BSP.c/CAN_Setup.c ****     HAL_CAN_GetRxMessage(hcanx, CAN_RX_FIFO0,&CAN_Data[Canx_type].CAN_RxTypedef.CANx_RxHeader,CAN_D
  65:BSP/BSP.c/CAN_Setup.c **** 
  66:BSP/BSP.c/CAN_Setup.c ****     CAN_Export_Data[Canx_type].CAN_RxHeader = CAN_Data[Canx_type].CAN_RxTypedef.CANx_RxHeader;
  67:BSP/BSP.c/CAN_Setup.c ****     memcpy(&CAN_Export_Data[Canx_type].CANx_Export_RxMessage,CAN_Data[Canx_type].CAN_RxTypedef.CAN_
  68:BSP/BSP.c/CAN_Setup.c **** 
  69:BSP/BSP.c/CAN_Setup.c ****     xQueueSendToBackFromISR(CANx_Handle, &CAN_Export_Data[Canx_type], 0); 
  70:BSP/BSP.c/CAN_Setup.c **** }
  71:BSP/BSP.c/CAN_Setup.c **** 
  72:BSP/BSP.c/CAN_Setup.c **** //Send CAN data
  73:BSP/BSP.c/CAN_Setup.c **** void CAN_SendData(osMessageQId CANx_Handle, CAN_HandleTypeDef *CANx, uint8_t id_type, uint32_t id, 
  74:BSP/BSP.c/CAN_Setup.c **** {
  75:BSP/BSP.c/CAN_Setup.c ****     CAN_Send_Data_t CAN_Send_Data;
  76:BSP/BSP.c/CAN_Setup.c **** 
  77:BSP/BSP.c/CAN_Setup.c ****     CAN_Send_Data.Canx = CANx;
  78:BSP/BSP.c/CAN_Setup.c **** 
  79:BSP/BSP.c/CAN_Setup.c ****     CAN_Send_Data.CAN_TxHeader.StdId = id;
  80:BSP/BSP.c/CAN_Setup.c **** 		CAN_Send_Data.CAN_TxHeader.ExtId = 0x00; 
  81:BSP/BSP.c/CAN_Setup.c ****     CAN_Send_Data.CAN_TxHeader.IDE = id_type;      
  82:BSP/BSP.c/CAN_Setup.c ****     CAN_Send_Data.CAN_TxHeader.RTR = CAN_RTR_DATA; 
  83:BSP/BSP.c/CAN_Setup.c ****     CAN_Send_Data.CAN_TxHeader.DLC = 0x08;         
  84:BSP/BSP.c/CAN_Setup.c ****     CAN_Send_Data.CAN_TxHeader.TransmitGlobalTime = DISABLE;
  85:BSP/BSP.c/CAN_Setup.c **** 
  86:BSP/BSP.c/CAN_Setup.c ****     memcpy(CAN_Send_Data.CANx_Send_RxMessage,data,sizeof(uint8_t[8]));
  87:BSP/BSP.c/CAN_Setup.c **** 
ARM GAS  C:\Users\purdu\AppData\Local\Temp\ccmaNVYX.s 			page 3


  88:BSP/BSP.c/CAN_Setup.c ****     xQueueSend(CANx_Handle, &CAN_Send_Data, 0);
  89:BSP/BSP.c/CAN_Setup.c **** }
  90:BSP/BSP.c/CAN_Setup.c **** 
  91:BSP/BSP.c/CAN_Setup.c **** //Specified identifier 0x140 package (for MF9025 V2 Motor)
  92:BSP/BSP.c/CAN_Setup.c **** void CAN_0x140_Send_Data(CAN_HandleTypeDef *hcanx, uint8_t Motor_ID, uint8_t CMD, uint8_t Data_1, u
  93:BSP/BSP.c/CAN_Setup.c **** 	uint8_t Data_4, uint8_t Data_5, uint8_t Data_6, uint8_t Data_7)
  94:BSP/BSP.c/CAN_Setup.c **** {
  95:BSP/BSP.c/CAN_Setup.c **** 	uint8_t data[8];
  96:BSP/BSP.c/CAN_Setup.c **** 	
  97:BSP/BSP.c/CAN_Setup.c **** 	data[0] = CMD;
  98:BSP/BSP.c/CAN_Setup.c **** 	data[1] = Data_1;
  99:BSP/BSP.c/CAN_Setup.c **** 	data[2] = Data_2;
 100:BSP/BSP.c/CAN_Setup.c **** 	data[3] = Data_3;
 101:BSP/BSP.c/CAN_Setup.c **** 	data[4] = Data_4;
 102:BSP/BSP.c/CAN_Setup.c **** 	data[5] = Data_5;
 103:BSP/BSP.c/CAN_Setup.c **** 	data[6] = Data_6;
 104:BSP/BSP.c/CAN_Setup.c **** 	data[7] = Data_7;
 105:BSP/BSP.c/CAN_Setup.c **** 
 106:BSP/BSP.c/CAN_Setup.c **** 	CAN_SendData(CAN_SendHandle, hcanx, CAN_ID_STD, (0x140 + Motor_ID), data);
 107:BSP/BSP.c/CAN_Setup.c **** }
 108:BSP/BSP.c/CAN_Setup.c **** 
 109:BSP/BSP.c/CAN_Setup.c **** //Specified identifier 0x1FF package
 110:BSP/BSP.c/CAN_Setup.c **** void CAN_0x1FF_Send_Data(CAN_HandleTypeDef *hcanx, int16_t Output_1, int16_t Output_2, int16_t Outp
 111:BSP/BSP.c/CAN_Setup.c **** {
 112:BSP/BSP.c/CAN_Setup.c **** 	uint8_t data[8];
 113:BSP/BSP.c/CAN_Setup.c **** 
 114:BSP/BSP.c/CAN_Setup.c **** 	data[0] = Output_1 >> 8;
 115:BSP/BSP.c/CAN_Setup.c **** 	data[1] = Output_1;
 116:BSP/BSP.c/CAN_Setup.c **** 	data[2] = Output_2 >> 8;
 117:BSP/BSP.c/CAN_Setup.c **** 	data[3] = Output_2;
 118:BSP/BSP.c/CAN_Setup.c **** 	data[4] = Output_3 >> 8;
 119:BSP/BSP.c/CAN_Setup.c **** 	data[5] = Output_3;
 120:BSP/BSP.c/CAN_Setup.c **** 	data[6] = Output_4 >> 8;
 121:BSP/BSP.c/CAN_Setup.c **** 	data[7] = Output_4;
 122:BSP/BSP.c/CAN_Setup.c **** 
 123:BSP/BSP.c/CAN_Setup.c **** 	CAN_SendData(CAN_SendHandle, hcanx, CAN_ID_STD, 0x1FF, data);
 124:BSP/BSP.c/CAN_Setup.c **** }
 125:BSP/BSP.c/CAN_Setup.c **** 
 126:BSP/BSP.c/CAN_Setup.c **** //Specified identifier 0x200 package
 127:BSP/BSP.c/CAN_Setup.c **** void CAN_0x200_Send_Data(CAN_HandleTypeDef *hcanx, int16_t Output_1, int16_t Output_2, int16_t Outp
 128:BSP/BSP.c/CAN_Setup.c **** {
 129:BSP/BSP.c/CAN_Setup.c **** 	uint8_t data[8];
 130:BSP/BSP.c/CAN_Setup.c **** 
 131:BSP/BSP.c/CAN_Setup.c **** 	data[0] = Output_1 >> 8;
 132:BSP/BSP.c/CAN_Setup.c **** 	data[1] = Output_1;
 133:BSP/BSP.c/CAN_Setup.c **** 	data[2] = Output_2 >> 8;
 134:BSP/BSP.c/CAN_Setup.c **** 	data[3] = Output_2;
 135:BSP/BSP.c/CAN_Setup.c **** 	data[4] = Output_3 >> 8;
 136:BSP/BSP.c/CAN_Setup.c **** 	data[5] = Output_3;
 137:BSP/BSP.c/CAN_Setup.c **** 	data[6] = Output_4 >> 8;
 138:BSP/BSP.c/CAN_Setup.c **** 	data[7] = Output_4;
 139:BSP/BSP.c/CAN_Setup.c **** 
 140:BSP/BSP.c/CAN_Setup.c **** 	CAN_SendData(CAN_SendHandle, hcanx, CAN_ID_STD, 0x200, data);
 141:BSP/BSP.c/CAN_Setup.c **** }
 142:BSP/BSP.c/CAN_Setup.c **** 
 143:BSP/BSP.c/CAN_Setup.c **** //Specified identifier 0x2FF package
 144:BSP/BSP.c/CAN_Setup.c **** void CAN_0x2FF_Send_Data(CAN_HandleTypeDef *hcanx, int16_t Output_1, int16_t Output_2, int16_t Outp
ARM GAS  C:\Users\purdu\AppData\Local\Temp\ccmaNVYX.s 			page 4


 145:BSP/BSP.c/CAN_Setup.c **** {
 146:BSP/BSP.c/CAN_Setup.c **** 	uint8_t data[8];
 147:BSP/BSP.c/CAN_Setup.c **** 
 148:BSP/BSP.c/CAN_Setup.c **** 	data[0] = Output_1 >> 8;
 149:BSP/BSP.c/CAN_Setup.c **** 	data[1] = Output_1;
 150:BSP/BSP.c/CAN_Setup.c **** 	data[2] = Output_2 >> 8;
 151:BSP/BSP.c/CAN_Setup.c **** 	data[3] = Output_2;
 152:BSP/BSP.c/CAN_Setup.c **** 	data[4] = Output_3 >> 8;
 153:BSP/BSP.c/CAN_Setup.c **** 	data[5] = Output_3;
 154:BSP/BSP.c/CAN_Setup.c **** 	data[6] = Output_4 >> 8;
 155:BSP/BSP.c/CAN_Setup.c **** 	data[7] = Output_4;
 156:BSP/BSP.c/CAN_Setup.c **** 
 157:BSP/BSP.c/CAN_Setup.c **** 	CAN_SendData(CAN_SendHandle, hcanx, CAN_ID_STD, 0x2FF, data);
 158:BSP/BSP.c/CAN_Setup.c **** }
 159:BSP/BSP.c/CAN_Setup.c **** 
 160:BSP/BSP.c/CAN_Setup.c **** //Specified identifier 0x210 package
 161:BSP/BSP.c/CAN_Setup.c **** void CAN_0x210_Send_Data(CAN_HandleTypeDef *hcanx, int16_t Target_Power)
 162:BSP/BSP.c/CAN_Setup.c **** {
 163:BSP/BSP.c/CAN_Setup.c **** 	uint8_t data[8];
 164:BSP/BSP.c/CAN_Setup.c **** 
 165:BSP/BSP.c/CAN_Setup.c **** 	data[0] = Target_Power >> 8;
 166:BSP/BSP.c/CAN_Setup.c **** 	data[1] = Target_Power;
 167:BSP/BSP.c/CAN_Setup.c **** 
 168:BSP/BSP.c/CAN_Setup.c **** 	CAN_SendData(CAN_SendHandle, hcanx, CAN_ID_STD, 0x210, data);
 169:BSP/BSP.c/CAN_Setup.c **** }
 170:BSP/BSP.c/CAN_Setup.c **** 
 171:BSP/BSP.c/CAN_Setup.c **** void Check_CAN(void)
 172:BSP/BSP.c/CAN_Setup.c **** {
  29              		.loc 1 172 1 view -0
  30              		.cfi_startproc
  31              		@ args = 0, pretend = 0, frame = 0
  32              		@ frame_needed = 0, uses_anonymous_args = 0
  33              		@ link register save eliminated.
 173:BSP/BSP.c/CAN_Setup.c ****     for (uint8_t i = 0; i < 2; i++)
  34              		.loc 1 173 5 view .LVU1
  35              	.LBB2:
  36              		.loc 1 173 10 view .LVU2
  37              	.LVL0:
  38              		.loc 1 173 18 is_stmt 0 view .LVU3
  39 0000 0023     		movs	r3, #0
  40              		.loc 1 173 5 view .LVU4
  41 0002 08E0     		b	.L2
  42              	.LVL1:
  43              	.L3:
 174:BSP/BSP.c/CAN_Setup.c ****     {
 175:BSP/BSP.c/CAN_Setup.c ****         if (Monitor_CAN[i]->Info_Update_Frame < 1)
 176:BSP/BSP.c/CAN_Setup.c ****         {
 177:BSP/BSP.c/CAN_Setup.c ****             Monitor_CAN[i]->Offline_Flag = 1;
 178:BSP/BSP.c/CAN_Setup.c ****         }
 179:BSP/BSP.c/CAN_Setup.c ****         else
 180:BSP/BSP.c/CAN_Setup.c ****         {
 181:BSP/BSP.c/CAN_Setup.c ****             Monitor_CAN[i]->Offline_Flag = 0;
  44              		.loc 1 181 13 is_stmt 1 view .LVU5
  45              		.loc 1 181 42 is_stmt 0 view .LVU6
  46 0004 0020     		movs	r0, #0
  47 0006 1071     		strb	r0, [r2, #4]
  48              	.L4:
ARM GAS  C:\Users\purdu\AppData\Local\Temp\ccmaNVYX.s 			page 5


 182:BSP/BSP.c/CAN_Setup.c ****         }
 183:BSP/BSP.c/CAN_Setup.c ****         Monitor_CAN[i]->Info_Update_Frame = 0;
  49              		.loc 1 183 9 is_stmt 1 discriminator 2 view .LVU7
  50              		.loc 1 183 20 is_stmt 0 discriminator 2 view .LVU8
  51 0008 094A     		ldr	r2, .L7
  52 000a 52F82120 		ldr	r2, [r2, r1, lsl #2]
  53              		.loc 1 183 43 discriminator 2 view .LVU9
  54 000e 0021     		movs	r1, #0
  55 0010 5180     		strh	r1, [r2, #2]	@ movhi
 173:BSP/BSP.c/CAN_Setup.c ****     {
  56              		.loc 1 173 33 is_stmt 1 discriminator 2 view .LVU10
  57 0012 0133     		adds	r3, r3, #1
  58              	.LVL2:
 173:BSP/BSP.c/CAN_Setup.c ****     {
  59              		.loc 1 173 33 is_stmt 0 discriminator 2 view .LVU11
  60 0014 DBB2     		uxtb	r3, r3
  61              	.LVL3:
  62              	.L2:
 173:BSP/BSP.c/CAN_Setup.c ****     {
  63              		.loc 1 173 27 is_stmt 1 discriminator 1 view .LVU12
  64 0016 012B     		cmp	r3, #1
  65 0018 09D8     		bhi	.L6
 175:BSP/BSP.c/CAN_Setup.c ****         {
  66              		.loc 1 175 9 view .LVU13
 175:BSP/BSP.c/CAN_Setup.c ****         {
  67              		.loc 1 175 24 is_stmt 0 view .LVU14
  68 001a 1946     		mov	r1, r3
  69 001c 044A     		ldr	r2, .L7
  70 001e 52F82320 		ldr	r2, [r2, r3, lsl #2]
 175:BSP/BSP.c/CAN_Setup.c ****         {
  71              		.loc 1 175 27 view .LVU15
  72 0022 5088     		ldrh	r0, [r2, #2]
 175:BSP/BSP.c/CAN_Setup.c ****         {
  73              		.loc 1 175 12 view .LVU16
  74 0024 0028     		cmp	r0, #0
  75 0026 EDD1     		bne	.L3
 177:BSP/BSP.c/CAN_Setup.c ****         }
  76              		.loc 1 177 13 is_stmt 1 view .LVU17
 177:BSP/BSP.c/CAN_Setup.c ****         }
  77              		.loc 1 177 42 is_stmt 0 view .LVU18
  78 0028 0120     		movs	r0, #1
  79 002a 1071     		strb	r0, [r2, #4]
  80 002c ECE7     		b	.L4
  81              	.L6:
  82              	.LBE2:
 184:BSP/BSP.c/CAN_Setup.c ****     }
 185:BSP/BSP.c/CAN_Setup.c **** }
  83              		.loc 1 185 1 view .LVU19
  84 002e 7047     		bx	lr
  85              	.L8:
  86              		.align	2
  87              	.L7:
  88 0030 00000000 		.word	Monitor_CAN
  89              		.cfi_endproc
  90              	.LFE147:
  92              		.section	.text.CAN_FILTER_Init,"ax",%progbits
  93              		.align	1
ARM GAS  C:\Users\purdu\AppData\Local\Temp\ccmaNVYX.s 			page 6


  94              		.syntax unified
  95              		.thumb
  96              		.thumb_func
  98              	CAN_FILTER_Init:
  99              	.LVL4:
 100              	.LFB138:
  35:BSP/BSP.c/CAN_Setup.c ****     CAN_Filter->FilterFIFOAssignment = CAN_FILTER_FIFO0; 
 101              		.loc 1 35 1 is_stmt 1 view -0
 102              		.cfi_startproc
 103              		@ args = 0, pretend = 0, frame = 0
 104              		@ frame_needed = 0, uses_anonymous_args = 0
  35:BSP/BSP.c/CAN_Setup.c ****     CAN_Filter->FilterFIFOAssignment = CAN_FILTER_FIFO0; 
 105              		.loc 1 35 1 is_stmt 0 view .LVU21
 106 0000 08B5     		push	{r3, lr}
 107              	.LCFI0:
 108              		.cfi_def_cfa_offset 8
 109              		.cfi_offset 3, -8
 110              		.cfi_offset 14, -4
 111 0002 0346     		mov	r3, r0
 112 0004 0846     		mov	r0, r1
 113              	.LVL5:
  36:BSP/BSP.c/CAN_Setup.c ****     CAN_Filter->FilterBank = 0;                        
 114              		.loc 1 36 5 is_stmt 1 view .LVU22
  36:BSP/BSP.c/CAN_Setup.c ****     CAN_Filter->FilterBank = 0;                        
 115              		.loc 1 36 38 is_stmt 0 view .LVU23
 116 0006 0022     		movs	r2, #0
 117 0008 1A61     		str	r2, [r3, #16]
  37:BSP/BSP.c/CAN_Setup.c ****     CAN_Filter->SlaveStartFilterBank = 0;
 118              		.loc 1 37 5 is_stmt 1 view .LVU24
  37:BSP/BSP.c/CAN_Setup.c ****     CAN_Filter->SlaveStartFilterBank = 0;
 119              		.loc 1 37 28 is_stmt 0 view .LVU25
 120 000a 5A61     		str	r2, [r3, #20]
  38:BSP/BSP.c/CAN_Setup.c ****     CAN_Filter->FilterMode = CAN_FILTERMODE_IDMASK;   
 121              		.loc 1 38 5 is_stmt 1 view .LVU26
  38:BSP/BSP.c/CAN_Setup.c ****     CAN_Filter->FilterMode = CAN_FILTERMODE_IDMASK;   
 122              		.loc 1 38 38 is_stmt 0 view .LVU27
 123 000c 5A62     		str	r2, [r3, #36]
  39:BSP/BSP.c/CAN_Setup.c ****     CAN_Filter->FilterScale = CAN_FILTERSCALE_32BIT;  
 124              		.loc 1 39 5 is_stmt 1 view .LVU28
  39:BSP/BSP.c/CAN_Setup.c ****     CAN_Filter->FilterScale = CAN_FILTERSCALE_32BIT;  
 125              		.loc 1 39 28 is_stmt 0 view .LVU29
 126 000e 9A61     		str	r2, [r3, #24]
  40:BSP/BSP.c/CAN_Setup.c ****     CAN_Filter->FilterActivation = CAN_FILTER_ENABLE; 
 127              		.loc 1 40 5 is_stmt 1 view .LVU30
  40:BSP/BSP.c/CAN_Setup.c ****     CAN_Filter->FilterActivation = CAN_FILTER_ENABLE; 
 128              		.loc 1 40 29 is_stmt 0 view .LVU31
 129 0010 0121     		movs	r1, #1
 130              	.LVL6:
  40:BSP/BSP.c/CAN_Setup.c ****     CAN_Filter->FilterActivation = CAN_FILTER_ENABLE; 
 131              		.loc 1 40 29 view .LVU32
 132 0012 D961     		str	r1, [r3, #28]
  41:BSP/BSP.c/CAN_Setup.c ****                                                      
 133              		.loc 1 41 5 is_stmt 1 view .LVU33
  41:BSP/BSP.c/CAN_Setup.c ****                                                      
 134              		.loc 1 41 34 is_stmt 0 view .LVU34
 135 0014 1962     		str	r1, [r3, #32]
  43:BSP/BSP.c/CAN_Setup.c ****     CAN_Filter->FilterIdLow = 0x0000;                 
ARM GAS  C:\Users\purdu\AppData\Local\Temp\ccmaNVYX.s 			page 7


 136              		.loc 1 43 5 is_stmt 1 view .LVU35
  43:BSP/BSP.c/CAN_Setup.c ****     CAN_Filter->FilterIdLow = 0x0000;                 
 137              		.loc 1 43 30 is_stmt 0 view .LVU36
 138 0016 1A60     		str	r2, [r3]
  44:BSP/BSP.c/CAN_Setup.c ****     CAN_Filter->FilterMaskIdHigh = 0x0000;            
 139              		.loc 1 44 5 is_stmt 1 view .LVU37
  44:BSP/BSP.c/CAN_Setup.c ****     CAN_Filter->FilterMaskIdHigh = 0x0000;            
 140              		.loc 1 44 29 is_stmt 0 view .LVU38
 141 0018 5A60     		str	r2, [r3, #4]
  45:BSP/BSP.c/CAN_Setup.c ****     CAN_Filter->FilterMaskIdLow = 0x0000;             
 142              		.loc 1 45 5 is_stmt 1 view .LVU39
  45:BSP/BSP.c/CAN_Setup.c ****     CAN_Filter->FilterMaskIdLow = 0x0000;             
 143              		.loc 1 45 34 is_stmt 0 view .LVU40
 144 001a 9A60     		str	r2, [r3, #8]
  46:BSP/BSP.c/CAN_Setup.c ****     HAL_CAN_ConfigFilter(hcanx, CAN_Filter);
 145              		.loc 1 46 5 is_stmt 1 view .LVU41
  46:BSP/BSP.c/CAN_Setup.c ****     HAL_CAN_ConfigFilter(hcanx, CAN_Filter);
 146              		.loc 1 46 33 is_stmt 0 view .LVU42
 147 001c DA60     		str	r2, [r3, #12]
  47:BSP/BSP.c/CAN_Setup.c **** }
 148              		.loc 1 47 5 is_stmt 1 view .LVU43
 149 001e 1946     		mov	r1, r3
 150 0020 FFF7FEFF 		bl	HAL_CAN_ConfigFilter
 151              	.LVL7:
  48:BSP/BSP.c/CAN_Setup.c **** 
 152              		.loc 1 48 1 is_stmt 0 view .LVU44
 153 0024 08BD     		pop	{r3, pc}
 154              		.cfi_endproc
 155              	.LFE138:
 157              		.section	.text.CAN_IT_Init,"ax",%progbits
 158              		.align	1
 159              		.global	CAN_IT_Init
 160              		.syntax unified
 161              		.thumb
 162              		.thumb_func
 164              	CAN_IT_Init:
 165              	.LVL8:
 166              	.LFB139:
  52:BSP/BSP.c/CAN_Setup.c ****     uint8_t Canx_type = Can_type - 1;
 167              		.loc 1 52 1 is_stmt 1 view -0
 168              		.cfi_startproc
 169              		@ args = 0, pretend = 0, frame = 0
 170              		@ frame_needed = 0, uses_anonymous_args = 0
  52:BSP/BSP.c/CAN_Setup.c ****     uint8_t Canx_type = Can_type - 1;
 171              		.loc 1 52 1 is_stmt 0 view .LVU46
 172 0000 10B5     		push	{r4, lr}
 173              	.LCFI1:
 174              		.cfi_def_cfa_offset 8
 175              		.cfi_offset 4, -8
 176              		.cfi_offset 14, -4
 177 0002 0446     		mov	r4, r0
  53:BSP/BSP.c/CAN_Setup.c ****     CAN_FILTER_Init(&CAN_Data[Canx_type].CAN_FilterTypedef.CAN_Filter, hcanx);
 178              		.loc 1 53 5 is_stmt 1 view .LVU47
  53:BSP/BSP.c/CAN_Setup.c ****     CAN_FILTER_Init(&CAN_Data[Canx_type].CAN_FilterTypedef.CAN_Filter, hcanx);
 179              		.loc 1 53 13 is_stmt 0 view .LVU48
 180 0004 4B1E     		subs	r3, r1, #1
 181 0006 DBB2     		uxtb	r3, r3
ARM GAS  C:\Users\purdu\AppData\Local\Temp\ccmaNVYX.s 			page 8


 182              	.LVL9:
  54:BSP/BSP.c/CAN_Setup.c ****     HAL_CAN_Start(hcanx);
 183              		.loc 1 54 5 is_stmt 1 view .LVU49
 184 0008 0146     		mov	r1, r0
 185              	.LVL10:
  54:BSP/BSP.c/CAN_Setup.c ****     HAL_CAN_Start(hcanx);
 186              		.loc 1 54 5 is_stmt 0 view .LVU50
 187 000a 4C20     		movs	r0, #76
 188              	.LVL11:
  54:BSP/BSP.c/CAN_Setup.c ****     HAL_CAN_Start(hcanx);
 189              		.loc 1 54 5 view .LVU51
 190 000c 064A     		ldr	r2, .L13
 191 000e 00FB0320 		mla	r0, r0, r3, r2
 192 0012 FFF7FEFF 		bl	CAN_FILTER_Init
 193              	.LVL12:
  55:BSP/BSP.c/CAN_Setup.c ****     __HAL_CAN_ENABLE_IT(hcanx, CAN_IT_RX_FIFO0_MSG_PENDING); 
 194              		.loc 1 55 5 is_stmt 1 view .LVU52
 195 0016 2046     		mov	r0, r4
 196 0018 FFF7FEFF 		bl	HAL_CAN_Start
 197              	.LVL13:
  56:BSP/BSP.c/CAN_Setup.c **** }
 198              		.loc 1 56 5 view .LVU53
 199 001c 2268     		ldr	r2, [r4]
 200 001e 5369     		ldr	r3, [r2, #20]
 201 0020 43F00203 		orr	r3, r3, #2
 202 0024 5361     		str	r3, [r2, #20]
  57:BSP/BSP.c/CAN_Setup.c **** 
 203              		.loc 1 57 1 is_stmt 0 view .LVU54
 204 0026 10BD     		pop	{r4, pc}
 205              	.LVL14:
 206              	.L14:
  57:BSP/BSP.c/CAN_Setup.c **** 
 207              		.loc 1 57 1 view .LVU55
 208              		.align	2
 209              	.L13:
 210 0028 00000000 		.word	CAN_Data
 211              		.cfi_endproc
 212              	.LFE139:
 214              		.section	.text.CAN_RxMessage_Export_Data,"ax",%progbits
 215              		.align	1
 216              		.global	CAN_RxMessage_Export_Data
 217              		.syntax unified
 218              		.thumb
 219              		.thumb_func
 221              	CAN_RxMessage_Export_Data:
 222              	.LVL15:
 223              	.LFB140:
  61:BSP/BSP.c/CAN_Setup.c ****     CAN_Export_Data_t CAN_Export_Data[2];
 224              		.loc 1 61 1 is_stmt 1 view -0
 225              		.cfi_startproc
 226              		@ args = 0, pretend = 0, frame = 72
 227              		@ frame_needed = 0, uses_anonymous_args = 0
  61:BSP/BSP.c/CAN_Setup.c ****     CAN_Export_Data_t CAN_Export_Data[2];
 228              		.loc 1 61 1 is_stmt 0 view .LVU57
 229 0000 2DE9F043 		push	{r4, r5, r6, r7, r8, r9, lr}
 230              	.LCFI2:
 231              		.cfi_def_cfa_offset 28
ARM GAS  C:\Users\purdu\AppData\Local\Temp\ccmaNVYX.s 			page 9


 232              		.cfi_offset 4, -28
 233              		.cfi_offset 5, -24
 234              		.cfi_offset 6, -20
 235              		.cfi_offset 7, -16
 236              		.cfi_offset 8, -12
 237              		.cfi_offset 9, -8
 238              		.cfi_offset 14, -4
 239 0004 93B0     		sub	sp, sp, #76
 240              	.LCFI3:
 241              		.cfi_def_cfa_offset 104
 242 0006 0F46     		mov	r7, r1
  62:BSP/BSP.c/CAN_Setup.c ****     uint8_t Canx_type = Can_type - 1;
 243              		.loc 1 62 5 is_stmt 1 view .LVU58
  63:BSP/BSP.c/CAN_Setup.c ****     HAL_CAN_GetRxMessage(hcanx, CAN_RX_FIFO0,&CAN_Data[Canx_type].CAN_RxTypedef.CANx_RxHeader,CAN_D
 244              		.loc 1 63 5 view .LVU59
  63:BSP/BSP.c/CAN_Setup.c ****     HAL_CAN_GetRxMessage(hcanx, CAN_RX_FIFO0,&CAN_Data[Canx_type].CAN_RxTypedef.CANx_RxHeader,CAN_D
 245              		.loc 1 63 13 is_stmt 0 view .LVU60
 246 0008 551E     		subs	r5, r2, #1
 247 000a EDB2     		uxtb	r5, r5
 248              	.LVL16:
  64:BSP/BSP.c/CAN_Setup.c **** 
 249              		.loc 1 64 5 is_stmt 1 view .LVU61
  64:BSP/BSP.c/CAN_Setup.c **** 
 250              		.loc 1 64 128 is_stmt 0 view .LVU62
 251 000c 4FF04C09 		mov	r9, #76
 252 0010 09FB05F9 		mul	r9, r9, r5
 253 0014 09F14006 		add	r6, r9, #64
 254 0018 184C     		ldr	r4, .L17
 255 001a 2644     		add	r6, r6, r4
 256 001c 06F10408 		add	r8, r6, #4
  64:BSP/BSP.c/CAN_Setup.c **** 
 257              		.loc 1 64 5 view .LVU63
 258 0020 09F12802 		add	r2, r9, #40
 259              	.LVL17:
  64:BSP/BSP.c/CAN_Setup.c **** 
 260              		.loc 1 64 5 view .LVU64
 261 0024 4346     		mov	r3, r8
 262 0026 2244     		add	r2, r2, r4
 263 0028 0021     		movs	r1, #0
 264              	.LVL18:
  64:BSP/BSP.c/CAN_Setup.c **** 
 265              		.loc 1 64 5 view .LVU65
 266 002a FFF7FEFF 		bl	HAL_CAN_GetRxMessage
 267              	.LVL19:
  66:BSP/BSP.c/CAN_Setup.c ****     memcpy(&CAN_Export_Data[Canx_type].CANx_Export_RxMessage,CAN_Data[Canx_type].CAN_RxTypedef.CAN_
 268              		.loc 1 66 5 is_stmt 1 view .LVU66
  66:BSP/BSP.c/CAN_Setup.c ****     memcpy(&CAN_Export_Data[Canx_type].CANx_Export_RxMessage,CAN_Data[Canx_type].CAN_RxTypedef.CAN_
 269              		.loc 1 66 45 is_stmt 0 view .LVU67
 270 002e 05EBC503 		add	r3, r5, r5, lsl #3
 271 0032 12AA     		add	r2, sp, #72
 272 0034 02EB8303 		add	r3, r2, r3, lsl #2
 273 0038 04EB090C 		add	ip, r4, r9
 274 003c A3F14804 		sub	r4, r3, #72
 275 0040 0CF1280C 		add	ip, ip, #40
 276 0044 BCE80F00 		ldmia	ip!, {r0, r1, r2, r3}
 277 0048 0FC4     		stmia	r4!, {r0, r1, r2, r3}
 278 004a 9CE80700 		ldm	ip, {r0, r1, r2}
ARM GAS  C:\Users\purdu\AppData\Local\Temp\ccmaNVYX.s 			page 10


 279 004e 84E80700 		stm	r4, {r0, r1, r2}
  67:BSP/BSP.c/CAN_Setup.c **** 
 280              		.loc 1 67 5 is_stmt 1 view .LVU68
  67:BSP/BSP.c/CAN_Setup.c **** 
 281              		.loc 1 67 12 is_stmt 0 view .LVU69
 282 0052 05EBC503 		add	r3, r5, r5, lsl #3
 283 0056 9B00     		lsls	r3, r3, #2
 284 0058 1833     		adds	r3, r3, #24
 285 005a 6B44     		add	r3, r3, sp
  67:BSP/BSP.c/CAN_Setup.c **** 
 286              		.loc 1 67 5 view .LVU70
 287 005c 7168     		ldr	r1, [r6, #4]	@ unaligned
 288 005e B268     		ldr	r2, [r6, #8]	@ unaligned
 289 0060 5960     		str	r1, [r3, #4]	@ unaligned
 290 0062 9A60     		str	r2, [r3, #8]	@ unaligned
  69:BSP/BSP.c/CAN_Setup.c **** }
 291              		.loc 1 69 5 is_stmt 1 view .LVU71
 292 0064 05EBC505 		add	r5, r5, r5, lsl #3
 293              	.LVL20:
  69:BSP/BSP.c/CAN_Setup.c **** }
 294              		.loc 1 69 5 is_stmt 0 view .LVU72
 295 0068 0023     		movs	r3, #0
 296 006a 1A46     		mov	r2, r3
 297 006c 0DEB8501 		add	r1, sp, r5, lsl #2
 298 0070 3846     		mov	r0, r7
 299 0072 FFF7FEFF 		bl	xQueueGenericSendFromISR
 300              	.LVL21:
  70:BSP/BSP.c/CAN_Setup.c **** 
 301              		.loc 1 70 1 view .LVU73
 302 0076 13B0     		add	sp, sp, #76
 303              	.LCFI4:
 304              		.cfi_def_cfa_offset 28
 305              		@ sp needed
 306 0078 BDE8F083 		pop	{r4, r5, r6, r7, r8, r9, pc}
 307              	.LVL22:
 308              	.L18:
  70:BSP/BSP.c/CAN_Setup.c **** 
 309              		.loc 1 70 1 view .LVU74
 310              		.align	2
 311              	.L17:
 312 007c 00000000 		.word	CAN_Data
 313              		.cfi_endproc
 314              	.LFE140:
 316              		.section	.text.CAN_SendData,"ax",%progbits
 317              		.align	1
 318              		.global	CAN_SendData
 319              		.syntax unified
 320              		.thumb
 321              		.thumb_func
 323              	CAN_SendData:
 324              	.LVL23:
 325              	.LFB141:
  74:BSP/BSP.c/CAN_Setup.c ****     CAN_Send_Data_t CAN_Send_Data;
 326              		.loc 1 74 1 is_stmt 1 view -0
 327              		.cfi_startproc
 328              		@ args = 4, pretend = 0, frame = 40
 329              		@ frame_needed = 0, uses_anonymous_args = 0
ARM GAS  C:\Users\purdu\AppData\Local\Temp\ccmaNVYX.s 			page 11


  74:BSP/BSP.c/CAN_Setup.c ****     CAN_Send_Data_t CAN_Send_Data;
 330              		.loc 1 74 1 is_stmt 0 view .LVU76
 331 0000 10B5     		push	{r4, lr}
 332              	.LCFI5:
 333              		.cfi_def_cfa_offset 8
 334              		.cfi_offset 4, -8
 335              		.cfi_offset 14, -4
 336 0002 8AB0     		sub	sp, sp, #40
 337              	.LCFI6:
 338              		.cfi_def_cfa_offset 48
 339 0004 8446     		mov	ip, r0
 340 0006 0C9C     		ldr	r4, [sp, #48]
  75:BSP/BSP.c/CAN_Setup.c **** 
 341              		.loc 1 75 5 is_stmt 1 view .LVU77
  77:BSP/BSP.c/CAN_Setup.c **** 
 342              		.loc 1 77 5 view .LVU78
  77:BSP/BSP.c/CAN_Setup.c **** 
 343              		.loc 1 77 24 is_stmt 0 view .LVU79
 344 0008 0191     		str	r1, [sp, #4]
  79:BSP/BSP.c/CAN_Setup.c **** 		CAN_Send_Data.CAN_TxHeader.ExtId = 0x00; 
 345              		.loc 1 79 5 is_stmt 1 view .LVU80
  79:BSP/BSP.c/CAN_Setup.c **** 		CAN_Send_Data.CAN_TxHeader.ExtId = 0x00; 
 346              		.loc 1 79 38 is_stmt 0 view .LVU81
 347 000a 0293     		str	r3, [sp, #8]
  80:BSP/BSP.c/CAN_Setup.c ****     CAN_Send_Data.CAN_TxHeader.IDE = id_type;      
 348              		.loc 1 80 3 is_stmt 1 view .LVU82
  80:BSP/BSP.c/CAN_Setup.c ****     CAN_Send_Data.CAN_TxHeader.IDE = id_type;      
 349              		.loc 1 80 36 is_stmt 0 view .LVU83
 350 000c 0023     		movs	r3, #0
 351              	.LVL24:
  80:BSP/BSP.c/CAN_Setup.c ****     CAN_Send_Data.CAN_TxHeader.IDE = id_type;      
 352              		.loc 1 80 36 view .LVU84
 353 000e 0393     		str	r3, [sp, #12]
  81:BSP/BSP.c/CAN_Setup.c ****     CAN_Send_Data.CAN_TxHeader.RTR = CAN_RTR_DATA; 
 354              		.loc 1 81 5 is_stmt 1 view .LVU85
  81:BSP/BSP.c/CAN_Setup.c ****     CAN_Send_Data.CAN_TxHeader.RTR = CAN_RTR_DATA; 
 355              		.loc 1 81 36 is_stmt 0 view .LVU86
 356 0010 0492     		str	r2, [sp, #16]
  82:BSP/BSP.c/CAN_Setup.c ****     CAN_Send_Data.CAN_TxHeader.DLC = 0x08;         
 357              		.loc 1 82 5 is_stmt 1 view .LVU87
  82:BSP/BSP.c/CAN_Setup.c ****     CAN_Send_Data.CAN_TxHeader.DLC = 0x08;         
 358              		.loc 1 82 36 is_stmt 0 view .LVU88
 359 0012 0593     		str	r3, [sp, #20]
  83:BSP/BSP.c/CAN_Setup.c ****     CAN_Send_Data.CAN_TxHeader.TransmitGlobalTime = DISABLE;
 360              		.loc 1 83 5 is_stmt 1 view .LVU89
  83:BSP/BSP.c/CAN_Setup.c ****     CAN_Send_Data.CAN_TxHeader.TransmitGlobalTime = DISABLE;
 361              		.loc 1 83 36 is_stmt 0 view .LVU90
 362 0014 0822     		movs	r2, #8
 363              	.LVL25:
  83:BSP/BSP.c/CAN_Setup.c ****     CAN_Send_Data.CAN_TxHeader.TransmitGlobalTime = DISABLE;
 364              		.loc 1 83 36 view .LVU91
 365 0016 0692     		str	r2, [sp, #24]
  84:BSP/BSP.c/CAN_Setup.c **** 
 366              		.loc 1 84 5 is_stmt 1 view .LVU92
  84:BSP/BSP.c/CAN_Setup.c **** 
 367              		.loc 1 84 51 is_stmt 0 view .LVU93
 368 0018 8DF81C30 		strb	r3, [sp, #28]
ARM GAS  C:\Users\purdu\AppData\Local\Temp\ccmaNVYX.s 			page 12


  86:BSP/BSP.c/CAN_Setup.c **** 
 369              		.loc 1 86 5 is_stmt 1 view .LVU94
 370 001c 08AA     		add	r2, sp, #32
 371 001e 2068     		ldr	r0, [r4]	@ unaligned
 372              	.LVL26:
  86:BSP/BSP.c/CAN_Setup.c **** 
 373              		.loc 1 86 5 is_stmt 0 view .LVU95
 374 0020 6168     		ldr	r1, [r4, #4]	@ unaligned
 375              	.LVL27:
  86:BSP/BSP.c/CAN_Setup.c **** 
 376              		.loc 1 86 5 view .LVU96
 377 0022 03C2     		stmia	r2!, {r0, r1}
  88:BSP/BSP.c/CAN_Setup.c **** }
 378              		.loc 1 88 5 is_stmt 1 view .LVU97
 379 0024 1A46     		mov	r2, r3
 380 0026 01A9     		add	r1, sp, #4
 381              	.LVL28:
  88:BSP/BSP.c/CAN_Setup.c **** }
 382              		.loc 1 88 5 is_stmt 0 view .LVU98
 383 0028 6046     		mov	r0, ip
 384 002a FFF7FEFF 		bl	xQueueGenericSend
 385              	.LVL29:
  89:BSP/BSP.c/CAN_Setup.c **** 
 386              		.loc 1 89 1 view .LVU99
 387 002e 0AB0     		add	sp, sp, #40
 388              	.LCFI7:
 389              		.cfi_def_cfa_offset 8
 390              		@ sp needed
 391 0030 10BD     		pop	{r4, pc}
  89:BSP/BSP.c/CAN_Setup.c **** 
 392              		.loc 1 89 1 view .LVU100
 393              		.cfi_endproc
 394              	.LFE141:
 396              		.section	.text.CAN_0x140_Send_Data,"ax",%progbits
 397              		.align	1
 398              		.global	CAN_0x140_Send_Data
 399              		.syntax unified
 400              		.thumb
 401              		.thumb_func
 403              	CAN_0x140_Send_Data:
 404              	.LVL30:
 405              	.LFB142:
  94:BSP/BSP.c/CAN_Setup.c **** 	uint8_t data[8];
 406              		.loc 1 94 1 is_stmt 1 view -0
 407              		.cfi_startproc
 408              		@ args = 24, pretend = 0, frame = 8
 409              		@ frame_needed = 0, uses_anonymous_args = 0
  94:BSP/BSP.c/CAN_Setup.c **** 	uint8_t data[8];
 410              		.loc 1 94 1 is_stmt 0 view .LVU102
 411 0000 00B5     		push	{lr}
 412              	.LCFI8:
 413              		.cfi_def_cfa_offset 4
 414              		.cfi_offset 14, -4
 415 0002 85B0     		sub	sp, sp, #20
 416              	.LCFI9:
 417              		.cfi_def_cfa_offset 24
  95:BSP/BSP.c/CAN_Setup.c **** 	
ARM GAS  C:\Users\purdu\AppData\Local\Temp\ccmaNVYX.s 			page 13


 418              		.loc 1 95 2 is_stmt 1 view .LVU103
  97:BSP/BSP.c/CAN_Setup.c **** 	data[1] = Data_1;
 419              		.loc 1 97 2 view .LVU104
  97:BSP/BSP.c/CAN_Setup.c **** 	data[1] = Data_1;
 420              		.loc 1 97 10 is_stmt 0 view .LVU105
 421 0004 8DF80820 		strb	r2, [sp, #8]
  98:BSP/BSP.c/CAN_Setup.c **** 	data[2] = Data_2;
 422              		.loc 1 98 2 is_stmt 1 view .LVU106
  98:BSP/BSP.c/CAN_Setup.c **** 	data[2] = Data_2;
 423              		.loc 1 98 10 is_stmt 0 view .LVU107
 424 0008 8DF80930 		strb	r3, [sp, #9]
  99:BSP/BSP.c/CAN_Setup.c **** 	data[3] = Data_3;
 425              		.loc 1 99 2 is_stmt 1 view .LVU108
  99:BSP/BSP.c/CAN_Setup.c **** 	data[3] = Data_3;
 426              		.loc 1 99 10 is_stmt 0 view .LVU109
 427 000c 9DF81830 		ldrb	r3, [sp, #24]	@ zero_extendqisi2
 428              	.LVL31:
  99:BSP/BSP.c/CAN_Setup.c **** 	data[3] = Data_3;
 429              		.loc 1 99 10 view .LVU110
 430 0010 8DF80A30 		strb	r3, [sp, #10]
 100:BSP/BSP.c/CAN_Setup.c **** 	data[4] = Data_4;
 431              		.loc 1 100 2 is_stmt 1 view .LVU111
 100:BSP/BSP.c/CAN_Setup.c **** 	data[4] = Data_4;
 432              		.loc 1 100 10 is_stmt 0 view .LVU112
 433 0014 9DF81C30 		ldrb	r3, [sp, #28]	@ zero_extendqisi2
 434 0018 8DF80B30 		strb	r3, [sp, #11]
 101:BSP/BSP.c/CAN_Setup.c **** 	data[5] = Data_5;
 435              		.loc 1 101 2 is_stmt 1 view .LVU113
 101:BSP/BSP.c/CAN_Setup.c **** 	data[5] = Data_5;
 436              		.loc 1 101 10 is_stmt 0 view .LVU114
 437 001c 9DF82030 		ldrb	r3, [sp, #32]	@ zero_extendqisi2
 438 0020 8DF80C30 		strb	r3, [sp, #12]
 102:BSP/BSP.c/CAN_Setup.c **** 	data[6] = Data_6;
 439              		.loc 1 102 2 is_stmt 1 view .LVU115
 102:BSP/BSP.c/CAN_Setup.c **** 	data[6] = Data_6;
 440              		.loc 1 102 10 is_stmt 0 view .LVU116
 441 0024 9DF82430 		ldrb	r3, [sp, #36]	@ zero_extendqisi2
 442 0028 8DF80D30 		strb	r3, [sp, #13]
 103:BSP/BSP.c/CAN_Setup.c **** 	data[7] = Data_7;
 443              		.loc 1 103 2 is_stmt 1 view .LVU117
 103:BSP/BSP.c/CAN_Setup.c **** 	data[7] = Data_7;
 444              		.loc 1 103 10 is_stmt 0 view .LVU118
 445 002c 9DF82830 		ldrb	r3, [sp, #40]	@ zero_extendqisi2
 446 0030 8DF80E30 		strb	r3, [sp, #14]
 104:BSP/BSP.c/CAN_Setup.c **** 
 447              		.loc 1 104 2 is_stmt 1 view .LVU119
 104:BSP/BSP.c/CAN_Setup.c **** 
 448              		.loc 1 104 10 is_stmt 0 view .LVU120
 449 0034 9DF82C30 		ldrb	r3, [sp, #44]	@ zero_extendqisi2
 450 0038 8DF80F30 		strb	r3, [sp, #15]
 106:BSP/BSP.c/CAN_Setup.c **** }
 451              		.loc 1 106 2 is_stmt 1 view .LVU121
 452 003c 02AB     		add	r3, sp, #8
 453 003e 0093     		str	r3, [sp]
 454 0040 01F5A073 		add	r3, r1, #320
 455 0044 0022     		movs	r2, #0
 456              	.LVL32:
ARM GAS  C:\Users\purdu\AppData\Local\Temp\ccmaNVYX.s 			page 14


 106:BSP/BSP.c/CAN_Setup.c **** }
 457              		.loc 1 106 2 is_stmt 0 view .LVU122
 458 0046 0146     		mov	r1, r0
 459              	.LVL33:
 106:BSP/BSP.c/CAN_Setup.c **** }
 460              		.loc 1 106 2 view .LVU123
 461 0048 0348     		ldr	r0, .L23
 462              	.LVL34:
 106:BSP/BSP.c/CAN_Setup.c **** }
 463              		.loc 1 106 2 view .LVU124
 464 004a 0068     		ldr	r0, [r0]
 465 004c FFF7FEFF 		bl	CAN_SendData
 466              	.LVL35:
 107:BSP/BSP.c/CAN_Setup.c **** 
 467              		.loc 1 107 1 view .LVU125
 468 0050 05B0     		add	sp, sp, #20
 469              	.LCFI10:
 470              		.cfi_def_cfa_offset 4
 471              		@ sp needed
 472 0052 5DF804FB 		ldr	pc, [sp], #4
 473              	.LVL36:
 474              	.L24:
 107:BSP/BSP.c/CAN_Setup.c **** 
 475              		.loc 1 107 1 view .LVU126
 476 0056 00BF     		.align	2
 477              	.L23:
 478 0058 00000000 		.word	CAN_SendHandle
 479              		.cfi_endproc
 480              	.LFE142:
 482              		.section	.text.CAN_0x1FF_Send_Data,"ax",%progbits
 483              		.align	1
 484              		.global	CAN_0x1FF_Send_Data
 485              		.syntax unified
 486              		.thumb
 487              		.thumb_func
 489              	CAN_0x1FF_Send_Data:
 490              	.LVL37:
 491              	.LFB143:
 111:BSP/BSP.c/CAN_Setup.c **** 	uint8_t data[8];
 492              		.loc 1 111 1 is_stmt 1 view -0
 493              		.cfi_startproc
 494              		@ args = 4, pretend = 0, frame = 8
 495              		@ frame_needed = 0, uses_anonymous_args = 0
 111:BSP/BSP.c/CAN_Setup.c **** 	uint8_t data[8];
 496              		.loc 1 111 1 is_stmt 0 view .LVU128
 497 0000 00B5     		push	{lr}
 498              	.LCFI11:
 499              		.cfi_def_cfa_offset 4
 500              		.cfi_offset 14, -4
 501 0002 85B0     		sub	sp, sp, #20
 502              	.LCFI12:
 503              		.cfi_def_cfa_offset 24
 504 0004 BDF918C0 		ldrsh	ip, [sp, #24]
 112:BSP/BSP.c/CAN_Setup.c **** 
 505              		.loc 1 112 2 is_stmt 1 view .LVU129
 114:BSP/BSP.c/CAN_Setup.c **** 	data[1] = Output_1;
 506              		.loc 1 114 2 view .LVU130
ARM GAS  C:\Users\purdu\AppData\Local\Temp\ccmaNVYX.s 			page 15


 114:BSP/BSP.c/CAN_Setup.c **** 	data[1] = Output_1;
 507              		.loc 1 114 10 is_stmt 0 view .LVU131
 508 0008 4FEA212E 		asr	lr, r1, #8
 509 000c 8DF808E0 		strb	lr, [sp, #8]
 115:BSP/BSP.c/CAN_Setup.c **** 	data[2] = Output_2 >> 8;
 510              		.loc 1 115 2 is_stmt 1 view .LVU132
 115:BSP/BSP.c/CAN_Setup.c **** 	data[2] = Output_2 >> 8;
 511              		.loc 1 115 10 is_stmt 0 view .LVU133
 512 0010 8DF80910 		strb	r1, [sp, #9]
 116:BSP/BSP.c/CAN_Setup.c **** 	data[3] = Output_2;
 513              		.loc 1 116 2 is_stmt 1 view .LVU134
 116:BSP/BSP.c/CAN_Setup.c **** 	data[3] = Output_2;
 514              		.loc 1 116 10 is_stmt 0 view .LVU135
 515 0014 1112     		asrs	r1, r2, #8
 516              	.LVL38:
 116:BSP/BSP.c/CAN_Setup.c **** 	data[3] = Output_2;
 517              		.loc 1 116 10 view .LVU136
 518 0016 8DF80A10 		strb	r1, [sp, #10]
 117:BSP/BSP.c/CAN_Setup.c **** 	data[4] = Output_3 >> 8;
 519              		.loc 1 117 2 is_stmt 1 view .LVU137
 117:BSP/BSP.c/CAN_Setup.c **** 	data[4] = Output_3 >> 8;
 520              		.loc 1 117 10 is_stmt 0 view .LVU138
 521 001a 8DF80B20 		strb	r2, [sp, #11]
 118:BSP/BSP.c/CAN_Setup.c **** 	data[5] = Output_3;
 522              		.loc 1 118 2 is_stmt 1 view .LVU139
 118:BSP/BSP.c/CAN_Setup.c **** 	data[5] = Output_3;
 523              		.loc 1 118 10 is_stmt 0 view .LVU140
 524 001e 1A12     		asrs	r2, r3, #8
 525              	.LVL39:
 118:BSP/BSP.c/CAN_Setup.c **** 	data[5] = Output_3;
 526              		.loc 1 118 10 view .LVU141
 527 0020 8DF80C20 		strb	r2, [sp, #12]
 119:BSP/BSP.c/CAN_Setup.c **** 	data[6] = Output_4 >> 8;
 528              		.loc 1 119 2 is_stmt 1 view .LVU142
 119:BSP/BSP.c/CAN_Setup.c **** 	data[6] = Output_4 >> 8;
 529              		.loc 1 119 10 is_stmt 0 view .LVU143
 530 0024 8DF80D30 		strb	r3, [sp, #13]
 120:BSP/BSP.c/CAN_Setup.c **** 	data[7] = Output_4;
 531              		.loc 1 120 2 is_stmt 1 view .LVU144
 120:BSP/BSP.c/CAN_Setup.c **** 	data[7] = Output_4;
 532              		.loc 1 120 10 is_stmt 0 view .LVU145
 533 0028 9DF91930 		ldrsb	r3, [sp, #25]
 534              	.LVL40:
 120:BSP/BSP.c/CAN_Setup.c **** 	data[7] = Output_4;
 535              		.loc 1 120 10 view .LVU146
 536 002c 8DF80E30 		strb	r3, [sp, #14]
 121:BSP/BSP.c/CAN_Setup.c **** 
 537              		.loc 1 121 2 is_stmt 1 view .LVU147
 121:BSP/BSP.c/CAN_Setup.c **** 
 538              		.loc 1 121 10 is_stmt 0 view .LVU148
 539 0030 8DF80FC0 		strb	ip, [sp, #15]
 123:BSP/BSP.c/CAN_Setup.c **** }
 540              		.loc 1 123 2 is_stmt 1 view .LVU149
 541 0034 02AB     		add	r3, sp, #8
 542 0036 0093     		str	r3, [sp]
 543 0038 40F2FF13 		movw	r3, #511
 544 003c 0022     		movs	r2, #0
ARM GAS  C:\Users\purdu\AppData\Local\Temp\ccmaNVYX.s 			page 16


 545 003e 0146     		mov	r1, r0
 546 0040 0348     		ldr	r0, .L27
 547              	.LVL41:
 123:BSP/BSP.c/CAN_Setup.c **** }
 548              		.loc 1 123 2 is_stmt 0 view .LVU150
 549 0042 0068     		ldr	r0, [r0]
 550 0044 FFF7FEFF 		bl	CAN_SendData
 551              	.LVL42:
 124:BSP/BSP.c/CAN_Setup.c **** 
 552              		.loc 1 124 1 view .LVU151
 553 0048 05B0     		add	sp, sp, #20
 554              	.LCFI13:
 555              		.cfi_def_cfa_offset 4
 556              		@ sp needed
 557 004a 5DF804FB 		ldr	pc, [sp], #4
 558              	.LVL43:
 559              	.L28:
 124:BSP/BSP.c/CAN_Setup.c **** 
 560              		.loc 1 124 1 view .LVU152
 561 004e 00BF     		.align	2
 562              	.L27:
 563 0050 00000000 		.word	CAN_SendHandle
 564              		.cfi_endproc
 565              	.LFE143:
 567              		.section	.text.CAN_0x200_Send_Data,"ax",%progbits
 568              		.align	1
 569              		.global	CAN_0x200_Send_Data
 570              		.syntax unified
 571              		.thumb
 572              		.thumb_func
 574              	CAN_0x200_Send_Data:
 575              	.LVL44:
 576              	.LFB144:
 128:BSP/BSP.c/CAN_Setup.c **** 	uint8_t data[8];
 577              		.loc 1 128 1 is_stmt 1 view -0
 578              		.cfi_startproc
 579              		@ args = 4, pretend = 0, frame = 8
 580              		@ frame_needed = 0, uses_anonymous_args = 0
 128:BSP/BSP.c/CAN_Setup.c **** 	uint8_t data[8];
 581              		.loc 1 128 1 is_stmt 0 view .LVU154
 582 0000 00B5     		push	{lr}
 583              	.LCFI14:
 584              		.cfi_def_cfa_offset 4
 585              		.cfi_offset 14, -4
 586 0002 85B0     		sub	sp, sp, #20
 587              	.LCFI15:
 588              		.cfi_def_cfa_offset 24
 589 0004 BDF918C0 		ldrsh	ip, [sp, #24]
 129:BSP/BSP.c/CAN_Setup.c **** 
 590              		.loc 1 129 2 is_stmt 1 view .LVU155
 131:BSP/BSP.c/CAN_Setup.c **** 	data[1] = Output_1;
 591              		.loc 1 131 2 view .LVU156
 131:BSP/BSP.c/CAN_Setup.c **** 	data[1] = Output_1;
 592              		.loc 1 131 10 is_stmt 0 view .LVU157
 593 0008 4FEA212E 		asr	lr, r1, #8
 594 000c 8DF808E0 		strb	lr, [sp, #8]
 132:BSP/BSP.c/CAN_Setup.c **** 	data[2] = Output_2 >> 8;
ARM GAS  C:\Users\purdu\AppData\Local\Temp\ccmaNVYX.s 			page 17


 595              		.loc 1 132 2 is_stmt 1 view .LVU158
 132:BSP/BSP.c/CAN_Setup.c **** 	data[2] = Output_2 >> 8;
 596              		.loc 1 132 10 is_stmt 0 view .LVU159
 597 0010 8DF80910 		strb	r1, [sp, #9]
 133:BSP/BSP.c/CAN_Setup.c **** 	data[3] = Output_2;
 598              		.loc 1 133 2 is_stmt 1 view .LVU160
 133:BSP/BSP.c/CAN_Setup.c **** 	data[3] = Output_2;
 599              		.loc 1 133 10 is_stmt 0 view .LVU161
 600 0014 1112     		asrs	r1, r2, #8
 601              	.LVL45:
 133:BSP/BSP.c/CAN_Setup.c **** 	data[3] = Output_2;
 602              		.loc 1 133 10 view .LVU162
 603 0016 8DF80A10 		strb	r1, [sp, #10]
 134:BSP/BSP.c/CAN_Setup.c **** 	data[4] = Output_3 >> 8;
 604              		.loc 1 134 2 is_stmt 1 view .LVU163
 134:BSP/BSP.c/CAN_Setup.c **** 	data[4] = Output_3 >> 8;
 605              		.loc 1 134 10 is_stmt 0 view .LVU164
 606 001a 8DF80B20 		strb	r2, [sp, #11]
 135:BSP/BSP.c/CAN_Setup.c **** 	data[5] = Output_3;
 607              		.loc 1 135 2 is_stmt 1 view .LVU165
 135:BSP/BSP.c/CAN_Setup.c **** 	data[5] = Output_3;
 608              		.loc 1 135 10 is_stmt 0 view .LVU166
 609 001e 1A12     		asrs	r2, r3, #8
 610              	.LVL46:
 135:BSP/BSP.c/CAN_Setup.c **** 	data[5] = Output_3;
 611              		.loc 1 135 10 view .LVU167
 612 0020 8DF80C20 		strb	r2, [sp, #12]
 136:BSP/BSP.c/CAN_Setup.c **** 	data[6] = Output_4 >> 8;
 613              		.loc 1 136 2 is_stmt 1 view .LVU168
 136:BSP/BSP.c/CAN_Setup.c **** 	data[6] = Output_4 >> 8;
 614              		.loc 1 136 10 is_stmt 0 view .LVU169
 615 0024 8DF80D30 		strb	r3, [sp, #13]
 137:BSP/BSP.c/CAN_Setup.c **** 	data[7] = Output_4;
 616              		.loc 1 137 2 is_stmt 1 view .LVU170
 137:BSP/BSP.c/CAN_Setup.c **** 	data[7] = Output_4;
 617              		.loc 1 137 10 is_stmt 0 view .LVU171
 618 0028 9DF91930 		ldrsb	r3, [sp, #25]
 619              	.LVL47:
 137:BSP/BSP.c/CAN_Setup.c **** 	data[7] = Output_4;
 620              		.loc 1 137 10 view .LVU172
 621 002c 8DF80E30 		strb	r3, [sp, #14]
 138:BSP/BSP.c/CAN_Setup.c **** 
 622              		.loc 1 138 2 is_stmt 1 view .LVU173
 138:BSP/BSP.c/CAN_Setup.c **** 
 623              		.loc 1 138 10 is_stmt 0 view .LVU174
 624 0030 8DF80FC0 		strb	ip, [sp, #15]
 140:BSP/BSP.c/CAN_Setup.c **** }
 625              		.loc 1 140 2 is_stmt 1 view .LVU175
 626 0034 02AB     		add	r3, sp, #8
 627 0036 0093     		str	r3, [sp]
 628 0038 4FF40073 		mov	r3, #512
 629 003c 0022     		movs	r2, #0
 630 003e 0146     		mov	r1, r0
 631 0040 0348     		ldr	r0, .L31
 632              	.LVL48:
 140:BSP/BSP.c/CAN_Setup.c **** }
 633              		.loc 1 140 2 is_stmt 0 view .LVU176
ARM GAS  C:\Users\purdu\AppData\Local\Temp\ccmaNVYX.s 			page 18


 634 0042 0068     		ldr	r0, [r0]
 635 0044 FFF7FEFF 		bl	CAN_SendData
 636              	.LVL49:
 141:BSP/BSP.c/CAN_Setup.c **** 
 637              		.loc 1 141 1 view .LVU177
 638 0048 05B0     		add	sp, sp, #20
 639              	.LCFI16:
 640              		.cfi_def_cfa_offset 4
 641              		@ sp needed
 642 004a 5DF804FB 		ldr	pc, [sp], #4
 643              	.LVL50:
 644              	.L32:
 141:BSP/BSP.c/CAN_Setup.c **** 
 645              		.loc 1 141 1 view .LVU178
 646 004e 00BF     		.align	2
 647              	.L31:
 648 0050 00000000 		.word	CAN_SendHandle
 649              		.cfi_endproc
 650              	.LFE144:
 652              		.section	.text.CAN_0x2FF_Send_Data,"ax",%progbits
 653              		.align	1
 654              		.global	CAN_0x2FF_Send_Data
 655              		.syntax unified
 656              		.thumb
 657              		.thumb_func
 659              	CAN_0x2FF_Send_Data:
 660              	.LVL51:
 661              	.LFB145:
 145:BSP/BSP.c/CAN_Setup.c **** 	uint8_t data[8];
 662              		.loc 1 145 1 is_stmt 1 view -0
 663              		.cfi_startproc
 664              		@ args = 4, pretend = 0, frame = 8
 665              		@ frame_needed = 0, uses_anonymous_args = 0
 145:BSP/BSP.c/CAN_Setup.c **** 	uint8_t data[8];
 666              		.loc 1 145 1 is_stmt 0 view .LVU180
 667 0000 00B5     		push	{lr}
 668              	.LCFI17:
 669              		.cfi_def_cfa_offset 4
 670              		.cfi_offset 14, -4
 671 0002 85B0     		sub	sp, sp, #20
 672              	.LCFI18:
 673              		.cfi_def_cfa_offset 24
 674 0004 BDF918C0 		ldrsh	ip, [sp, #24]
 146:BSP/BSP.c/CAN_Setup.c **** 
 675              		.loc 1 146 2 is_stmt 1 view .LVU181
 148:BSP/BSP.c/CAN_Setup.c **** 	data[1] = Output_1;
 676              		.loc 1 148 2 view .LVU182
 148:BSP/BSP.c/CAN_Setup.c **** 	data[1] = Output_1;
 677              		.loc 1 148 10 is_stmt 0 view .LVU183
 678 0008 4FEA212E 		asr	lr, r1, #8
 679 000c 8DF808E0 		strb	lr, [sp, #8]
 149:BSP/BSP.c/CAN_Setup.c **** 	data[2] = Output_2 >> 8;
 680              		.loc 1 149 2 is_stmt 1 view .LVU184
 149:BSP/BSP.c/CAN_Setup.c **** 	data[2] = Output_2 >> 8;
 681              		.loc 1 149 10 is_stmt 0 view .LVU185
 682 0010 8DF80910 		strb	r1, [sp, #9]
 150:BSP/BSP.c/CAN_Setup.c **** 	data[3] = Output_2;
ARM GAS  C:\Users\purdu\AppData\Local\Temp\ccmaNVYX.s 			page 19


 683              		.loc 1 150 2 is_stmt 1 view .LVU186
 150:BSP/BSP.c/CAN_Setup.c **** 	data[3] = Output_2;
 684              		.loc 1 150 10 is_stmt 0 view .LVU187
 685 0014 1112     		asrs	r1, r2, #8
 686              	.LVL52:
 150:BSP/BSP.c/CAN_Setup.c **** 	data[3] = Output_2;
 687              		.loc 1 150 10 view .LVU188
 688 0016 8DF80A10 		strb	r1, [sp, #10]
 151:BSP/BSP.c/CAN_Setup.c **** 	data[4] = Output_3 >> 8;
 689              		.loc 1 151 2 is_stmt 1 view .LVU189
 151:BSP/BSP.c/CAN_Setup.c **** 	data[4] = Output_3 >> 8;
 690              		.loc 1 151 10 is_stmt 0 view .LVU190
 691 001a 8DF80B20 		strb	r2, [sp, #11]
 152:BSP/BSP.c/CAN_Setup.c **** 	data[5] = Output_3;
 692              		.loc 1 152 2 is_stmt 1 view .LVU191
 152:BSP/BSP.c/CAN_Setup.c **** 	data[5] = Output_3;
 693              		.loc 1 152 10 is_stmt 0 view .LVU192
 694 001e 1A12     		asrs	r2, r3, #8
 695              	.LVL53:
 152:BSP/BSP.c/CAN_Setup.c **** 	data[5] = Output_3;
 696              		.loc 1 152 10 view .LVU193
 697 0020 8DF80C20 		strb	r2, [sp, #12]
 153:BSP/BSP.c/CAN_Setup.c **** 	data[6] = Output_4 >> 8;
 698              		.loc 1 153 2 is_stmt 1 view .LVU194
 153:BSP/BSP.c/CAN_Setup.c **** 	data[6] = Output_4 >> 8;
 699              		.loc 1 153 10 is_stmt 0 view .LVU195
 700 0024 8DF80D30 		strb	r3, [sp, #13]
 154:BSP/BSP.c/CAN_Setup.c **** 	data[7] = Output_4;
 701              		.loc 1 154 2 is_stmt 1 view .LVU196
 154:BSP/BSP.c/CAN_Setup.c **** 	data[7] = Output_4;
 702              		.loc 1 154 10 is_stmt 0 view .LVU197
 703 0028 9DF91930 		ldrsb	r3, [sp, #25]
 704              	.LVL54:
 154:BSP/BSP.c/CAN_Setup.c **** 	data[7] = Output_4;
 705              		.loc 1 154 10 view .LVU198
 706 002c 8DF80E30 		strb	r3, [sp, #14]
 155:BSP/BSP.c/CAN_Setup.c **** 
 707              		.loc 1 155 2 is_stmt 1 view .LVU199
 155:BSP/BSP.c/CAN_Setup.c **** 
 708              		.loc 1 155 10 is_stmt 0 view .LVU200
 709 0030 8DF80FC0 		strb	ip, [sp, #15]
 157:BSP/BSP.c/CAN_Setup.c **** }
 710              		.loc 1 157 2 is_stmt 1 view .LVU201
 711 0034 02AB     		add	r3, sp, #8
 712 0036 0093     		str	r3, [sp]
 713 0038 40F2FF23 		movw	r3, #767
 714 003c 0022     		movs	r2, #0
 715 003e 0146     		mov	r1, r0
 716 0040 0348     		ldr	r0, .L35
 717              	.LVL55:
 157:BSP/BSP.c/CAN_Setup.c **** }
 718              		.loc 1 157 2 is_stmt 0 view .LVU202
 719 0042 0068     		ldr	r0, [r0]
 720 0044 FFF7FEFF 		bl	CAN_SendData
 721              	.LVL56:
 158:BSP/BSP.c/CAN_Setup.c **** 
 722              		.loc 1 158 1 view .LVU203
ARM GAS  C:\Users\purdu\AppData\Local\Temp\ccmaNVYX.s 			page 20


 723 0048 05B0     		add	sp, sp, #20
 724              	.LCFI19:
 725              		.cfi_def_cfa_offset 4
 726              		@ sp needed
 727 004a 5DF804FB 		ldr	pc, [sp], #4
 728              	.LVL57:
 729              	.L36:
 158:BSP/BSP.c/CAN_Setup.c **** 
 730              		.loc 1 158 1 view .LVU204
 731 004e 00BF     		.align	2
 732              	.L35:
 733 0050 00000000 		.word	CAN_SendHandle
 734              		.cfi_endproc
 735              	.LFE145:
 737              		.section	.text.CAN_0x210_Send_Data,"ax",%progbits
 738              		.align	1
 739              		.global	CAN_0x210_Send_Data
 740              		.syntax unified
 741              		.thumb
 742              		.thumb_func
 744              	CAN_0x210_Send_Data:
 745              	.LVL58:
 746              	.LFB146:
 162:BSP/BSP.c/CAN_Setup.c **** 	uint8_t data[8];
 747              		.loc 1 162 1 is_stmt 1 view -0
 748              		.cfi_startproc
 749              		@ args = 0, pretend = 0, frame = 8
 750              		@ frame_needed = 0, uses_anonymous_args = 0
 162:BSP/BSP.c/CAN_Setup.c **** 	uint8_t data[8];
 751              		.loc 1 162 1 is_stmt 0 view .LVU206
 752 0000 00B5     		push	{lr}
 753              	.LCFI20:
 754              		.cfi_def_cfa_offset 4
 755              		.cfi_offset 14, -4
 756 0002 85B0     		sub	sp, sp, #20
 757              	.LCFI21:
 758              		.cfi_def_cfa_offset 24
 163:BSP/BSP.c/CAN_Setup.c **** 
 759              		.loc 1 163 2 is_stmt 1 view .LVU207
 165:BSP/BSP.c/CAN_Setup.c **** 	data[1] = Target_Power;
 760              		.loc 1 165 2 view .LVU208
 165:BSP/BSP.c/CAN_Setup.c **** 	data[1] = Target_Power;
 761              		.loc 1 165 10 is_stmt 0 view .LVU209
 762 0004 0B12     		asrs	r3, r1, #8
 763 0006 8DF80830 		strb	r3, [sp, #8]
 166:BSP/BSP.c/CAN_Setup.c **** 
 764              		.loc 1 166 2 is_stmt 1 view .LVU210
 166:BSP/BSP.c/CAN_Setup.c **** 
 765              		.loc 1 166 10 is_stmt 0 view .LVU211
 766 000a 8DF80910 		strb	r1, [sp, #9]
 168:BSP/BSP.c/CAN_Setup.c **** }
 767              		.loc 1 168 2 is_stmt 1 view .LVU212
 768 000e 02AB     		add	r3, sp, #8
 769 0010 0093     		str	r3, [sp]
 770 0012 4FF40473 		mov	r3, #528
 771 0016 0022     		movs	r2, #0
 772 0018 0146     		mov	r1, r0
ARM GAS  C:\Users\purdu\AppData\Local\Temp\ccmaNVYX.s 			page 21


 773              	.LVL59:
 168:BSP/BSP.c/CAN_Setup.c **** }
 774              		.loc 1 168 2 is_stmt 0 view .LVU213
 775 001a 0348     		ldr	r0, .L39
 776              	.LVL60:
 168:BSP/BSP.c/CAN_Setup.c **** }
 777              		.loc 1 168 2 view .LVU214
 778 001c 0068     		ldr	r0, [r0]
 779 001e FFF7FEFF 		bl	CAN_SendData
 780              	.LVL61:
 169:BSP/BSP.c/CAN_Setup.c **** 
 781              		.loc 1 169 1 view .LVU215
 782 0022 05B0     		add	sp, sp, #20
 783              	.LCFI22:
 784              		.cfi_def_cfa_offset 4
 785              		@ sp needed
 786 0024 5DF804FB 		ldr	pc, [sp], #4
 787              	.L40:
 788              		.align	2
 789              	.L39:
 790 0028 00000000 		.word	CAN_SendHandle
 791              		.cfi_endproc
 792              	.LFE146:
 794              		.global	Monitor_CAN2
 795              		.section	.bss.Monitor_CAN2,"aw",%nobits
 796              		.align	2
 799              	Monitor_CAN2:
 800 0000 00000000 		.space	6
 800      0000
 801              		.global	Monitor_CAN1
 802              		.section	.bss.Monitor_CAN1,"aw",%nobits
 803              		.align	2
 806              	Monitor_CAN1:
 807 0000 00000000 		.space	6
 807      0000
 808              		.global	Monitor_CAN
 809              		.section	.data.Monitor_CAN,"aw"
 810              		.align	2
 813              	Monitor_CAN:
 814 0000 00000000 		.word	Monitor_CAN1
 815 0004 00000000 		.word	Monitor_CAN2
 816              		.global	CAN_Data
 817              		.section	.bss.CAN_Data,"aw",%nobits
 818              		.align	2
 821              	CAN_Data:
 822 0000 00000000 		.space	152
 822      00000000 
 822      00000000 
 822      00000000 
 822      00000000 
 823              		.global	CAN_Func
 824              		.section	.data.CAN_Func,"aw"
 825              		.align	2
 828              	CAN_Func:
 829 0000 00000000 		.word	CAN_IT_Init
 830 0004 00000000 		.word	CAN_RxMessage_Export_Data
 831 0008 00000000 		.word	CAN_0x140_Send_Data
ARM GAS  C:\Users\purdu\AppData\Local\Temp\ccmaNVYX.s 			page 22


 832 000c 00000000 		.word	CAN_0x1FF_Send_Data
 833 0010 00000000 		.word	CAN_0x200_Send_Data
 834 0014 00000000 		.word	CAN_0x2FF_Send_Data
 835 0018 00000000 		.word	CAN_0x210_Send_Data
 836 001c 00000000 		.word	Check_CAN
 837              		.text
 838              	.Letext0:
 839              		.file 2 "c:\\msys64\\mingw64\\arm-none-eabi\\include\\machine\\_default_types.h"
 840              		.file 3 "c:\\msys64\\mingw64\\arm-none-eabi\\include\\sys\\_stdint.h"
 841              		.file 4 "Drivers/CMSIS/Device/ST/STM32F4xx/Include/stm32f427xx.h"
 842              		.file 5 "Drivers/CMSIS/Device/ST/STM32F4xx/Include/stm32f4xx.h"
 843              		.file 6 "c:\\msys64\\mingw64\\lib\\gcc\\arm-none-eabi\\12.2.0\\include\\stddef.h"
 844              		.file 7 "Drivers/STM32F4xx_HAL_Driver/Inc/stm32f4xx_hal_def.h"
 845              		.file 8 "Drivers/STM32F4xx_HAL_Driver/Inc/stm32f4xx_hal_can.h"
 846              		.file 9 "Middlewares/Third_Party/FreeRTOS/Source/portable/GCC/ARM_CM4F/portmacro.h"
 847              		.file 10 "Middlewares/Third_Party/FreeRTOS/Source/include/queue.h"
 848              		.file 11 "Middlewares/Third_Party/FreeRTOS/Source/CMSIS_RTOS/cmsis_os.h"
 849              		.file 12 "BSP/BSP.h/CAN_Setup.h"
 850              		.file 13 "c:\\msys64\\mingw64\\arm-none-eabi\\include\\string.h"
ARM GAS  C:\Users\purdu\AppData\Local\Temp\ccmaNVYX.s 			page 23


DEFINED SYMBOLS
                            *ABS*:00000000 CAN_Setup.c
C:\Users\purdu\AppData\Local\Temp\ccmaNVYX.s:21     .text.Check_CAN:00000000 $t
C:\Users\purdu\AppData\Local\Temp\ccmaNVYX.s:27     .text.Check_CAN:00000000 Check_CAN
C:\Users\purdu\AppData\Local\Temp\ccmaNVYX.s:88     .text.Check_CAN:00000030 $d
C:\Users\purdu\AppData\Local\Temp\ccmaNVYX.s:813    .data.Monitor_CAN:00000000 Monitor_CAN
C:\Users\purdu\AppData\Local\Temp\ccmaNVYX.s:93     .text.CAN_FILTER_Init:00000000 $t
C:\Users\purdu\AppData\Local\Temp\ccmaNVYX.s:98     .text.CAN_FILTER_Init:00000000 CAN_FILTER_Init
C:\Users\purdu\AppData\Local\Temp\ccmaNVYX.s:158    .text.CAN_IT_Init:00000000 $t
C:\Users\purdu\AppData\Local\Temp\ccmaNVYX.s:164    .text.CAN_IT_Init:00000000 CAN_IT_Init
C:\Users\purdu\AppData\Local\Temp\ccmaNVYX.s:210    .text.CAN_IT_Init:00000028 $d
C:\Users\purdu\AppData\Local\Temp\ccmaNVYX.s:821    .bss.CAN_Data:00000000 CAN_Data
C:\Users\purdu\AppData\Local\Temp\ccmaNVYX.s:215    .text.CAN_RxMessage_Export_Data:00000000 $t
C:\Users\purdu\AppData\Local\Temp\ccmaNVYX.s:221    .text.CAN_RxMessage_Export_Data:00000000 CAN_RxMessage_Export_Data
C:\Users\purdu\AppData\Local\Temp\ccmaNVYX.s:312    .text.CAN_RxMessage_Export_Data:0000007c $d
C:\Users\purdu\AppData\Local\Temp\ccmaNVYX.s:317    .text.CAN_SendData:00000000 $t
C:\Users\purdu\AppData\Local\Temp\ccmaNVYX.s:323    .text.CAN_SendData:00000000 CAN_SendData
C:\Users\purdu\AppData\Local\Temp\ccmaNVYX.s:397    .text.CAN_0x140_Send_Data:00000000 $t
C:\Users\purdu\AppData\Local\Temp\ccmaNVYX.s:403    .text.CAN_0x140_Send_Data:00000000 CAN_0x140_Send_Data
C:\Users\purdu\AppData\Local\Temp\ccmaNVYX.s:478    .text.CAN_0x140_Send_Data:00000058 $d
C:\Users\purdu\AppData\Local\Temp\ccmaNVYX.s:483    .text.CAN_0x1FF_Send_Data:00000000 $t
C:\Users\purdu\AppData\Local\Temp\ccmaNVYX.s:489    .text.CAN_0x1FF_Send_Data:00000000 CAN_0x1FF_Send_Data
C:\Users\purdu\AppData\Local\Temp\ccmaNVYX.s:563    .text.CAN_0x1FF_Send_Data:00000050 $d
C:\Users\purdu\AppData\Local\Temp\ccmaNVYX.s:568    .text.CAN_0x200_Send_Data:00000000 $t
C:\Users\purdu\AppData\Local\Temp\ccmaNVYX.s:574    .text.CAN_0x200_Send_Data:00000000 CAN_0x200_Send_Data
C:\Users\purdu\AppData\Local\Temp\ccmaNVYX.s:648    .text.CAN_0x200_Send_Data:00000050 $d
C:\Users\purdu\AppData\Local\Temp\ccmaNVYX.s:653    .text.CAN_0x2FF_Send_Data:00000000 $t
C:\Users\purdu\AppData\Local\Temp\ccmaNVYX.s:659    .text.CAN_0x2FF_Send_Data:00000000 CAN_0x2FF_Send_Data
C:\Users\purdu\AppData\Local\Temp\ccmaNVYX.s:733    .text.CAN_0x2FF_Send_Data:00000050 $d
C:\Users\purdu\AppData\Local\Temp\ccmaNVYX.s:738    .text.CAN_0x210_Send_Data:00000000 $t
C:\Users\purdu\AppData\Local\Temp\ccmaNVYX.s:744    .text.CAN_0x210_Send_Data:00000000 CAN_0x210_Send_Data
C:\Users\purdu\AppData\Local\Temp\ccmaNVYX.s:790    .text.CAN_0x210_Send_Data:00000028 $d
C:\Users\purdu\AppData\Local\Temp\ccmaNVYX.s:799    .bss.Monitor_CAN2:00000000 Monitor_CAN2
C:\Users\purdu\AppData\Local\Temp\ccmaNVYX.s:796    .bss.Monitor_CAN2:00000000 $d
C:\Users\purdu\AppData\Local\Temp\ccmaNVYX.s:806    .bss.Monitor_CAN1:00000000 Monitor_CAN1
C:\Users\purdu\AppData\Local\Temp\ccmaNVYX.s:803    .bss.Monitor_CAN1:00000000 $d
C:\Users\purdu\AppData\Local\Temp\ccmaNVYX.s:810    .data.Monitor_CAN:00000000 $d
C:\Users\purdu\AppData\Local\Temp\ccmaNVYX.s:818    .bss.CAN_Data:00000000 $d
C:\Users\purdu\AppData\Local\Temp\ccmaNVYX.s:828    .data.CAN_Func:00000000 CAN_Func
C:\Users\purdu\AppData\Local\Temp\ccmaNVYX.s:825    .data.CAN_Func:00000000 $d

UNDEFINED SYMBOLS
HAL_CAN_ConfigFilter
HAL_CAN_Start
HAL_CAN_GetRxMessage
xQueueGenericSendFromISR
xQueueGenericSend
CAN_SendHandle
