ARM GAS  C:\Users\purdu\AppData\Local\Temp\ccaYX7Fa.s 			page 1


   1              		.cpu cortex-m4
   2              		.arch armv7e-m
   3              		.fpu fpv4-sp-d16
   4              		.eabi_attribute 27, 1
   5              		.eabi_attribute 28, 1
   6              		.eabi_attribute 20, 1
   7              		.eabi_attribute 21, 1
   8              		.eabi_attribute 23, 3
   9              		.eabi_attribute 24, 1
  10              		.eabi_attribute 25, 1
  11              		.eabi_attribute 26, 1
  12              		.eabi_attribute 30, 1
  13              		.eabi_attribute 34, 1
  14              		.eabi_attribute 18, 4
  15              		.file	"Control_Strategy.c"
  16              		.text
  17              	.Ltext0:
  18              		.cfi_sections	.debug_frame
  19              		.file 1 "Algorithms/Algorithms.c/Control_Strategy.c"
  20              		.section	.text.Expert_PID_LQR_Combined,"ax",%progbits
  21              		.align	1
  22              		.global	Expert_PID_LQR_Combined
  23              		.syntax unified
  24              		.thumb
  25              		.thumb_func
  27              	Expert_PID_LQR_Combined:
  28              	.LFB162:
   1:Algorithms/Algorithms.c/Control_Strategy.c **** 	/**
   2:Algorithms/Algorithms.c/Control_Strategy.c ****  * @file Control_Strategy.c
   3:Algorithms/Algorithms.c/Control_Strategy.c ****  * @author Leo Liu
   4:Algorithms/Algorithms.c/Control_Strategy.c ****  * @brief different control strategy for chassis control of SBR
   5:Algorithms/Algorithms.c/Control_Strategy.c ****  * @version 1.0
   6:Algorithms/Algorithms.c/Control_Strategy.c ****  * @date 2023-01-07
   7:Algorithms/Algorithms.c/Control_Strategy.c ****  * 
   8:Algorithms/Algorithms.c/Control_Strategy.c ****  * @copyright Copyright (c) 2022
   9:Algorithms/Algorithms.c/Control_Strategy.c ****  * 
  10:Algorithms/Algorithms.c/Control_Strategy.c ****  */
  11:Algorithms/Algorithms.c/Control_Strategy.c ****  
  12:Algorithms/Algorithms.c/Control_Strategy.c **** #include "Control_Strategy.h"
  13:Algorithms/Algorithms.c/Control_Strategy.c **** 
  14:Algorithms/Algorithms.c/Control_Strategy.c **** void Expert_PID_LQR_Combined(void);
  15:Algorithms/Algorithms.c/Control_Strategy.c **** 
  16:Algorithms/Algorithms.c/Control_Strategy.c **** Control_Strategy_Func_t Control_Strategy_Func = Control_Strategy_Func_GroundInit;
  17:Algorithms/Algorithms.c/Control_Strategy.c **** #undef Control_Strategy_Func_GroundInit
  18:Algorithms/Algorithms.c/Control_Strategy.c **** 
  19:Algorithms/Algorithms.c/Control_Strategy.c **** float LQR_K_Matrix[4] = {9.9196,  21.3417, 395.9124,  54.9115};
  20:Algorithms/Algorithms.c/Control_Strategy.c **** 
  21:Algorithms/Algorithms.c/Control_Strategy.c **** void Expert_PID_LQR_Combined(void)
  22:Algorithms/Algorithms.c/Control_Strategy.c **** {
  29              		.loc 1 22 1 view -0
  30              		.cfi_startproc
  31              		@ args = 0, pretend = 0, frame = 0
  32              		@ frame_needed = 0, uses_anonymous_args = 0
  33 0000 70B5     		push	{r4, r5, r6, lr}
  34              	.LCFI0:
  35              		.cfi_def_cfa_offset 16
  36              		.cfi_offset 4, -16
ARM GAS  C:\Users\purdu\AppData\Local\Temp\ccaYX7Fa.s 			page 2


  37              		.cfi_offset 5, -12
  38              		.cfi_offset 6, -8
  39              		.cfi_offset 14, -4
  40 0002 2DED028B 		vpush.64	{d8}
  41              	.LCFI1:
  42              		.cfi_def_cfa_offset 24
  43              		.cfi_offset 80, -24
  44              		.cfi_offset 81, -20
  23:Algorithms/Algorithms.c/Control_Strategy.c **** 	switch(Chassis.Current_State)
  45              		.loc 1 23 2 view .LVU1
  46              		.loc 1 23 16 is_stmt 0 view .LVU2
  47 0006 8C4B     		ldr	r3, .L10
  48 0008 1B68     		ldr	r3, [r3]
  49              		.loc 1 23 2 view .LVU3
  50 000a 012B     		cmp	r3, #1
  51 000c 72D0     		beq	.L2
  52 000e 022B     		cmp	r3, #2
  53 0010 00F0BE80 		beq	.L3
  54 0014 13B1     		cbz	r3, .L9
  55              	.L1:
  24:Algorithms/Algorithms.c/Control_Strategy.c **** 	{
  25:Algorithms/Algorithms.c/Control_Strategy.c **** 		case Balancing:
  26:Algorithms/Algorithms.c/Control_Strategy.c **** 		{
  27:Algorithms/Algorithms.c/Control_Strategy.c **** 			 Chassis_Speed_PID.Kp = 1000.0f;
  28:Algorithms/Algorithms.c/Control_Strategy.c **** 			 Chassis_Speed_PID.Ki = 30.0;
  29:Algorithms/Algorithms.c/Control_Strategy.c **** 			 Chassis_Speed_PID.I_Out_Max = 2000.0f;
  30:Algorithms/Algorithms.c/Control_Strategy.c **** 			 Chassis_Speed_PID.Output_Max = 10000.0f;
  31:Algorithms/Algorithms.c/Control_Strategy.c **** 			 Chassis.PID_Output.Speed_Loop = PID_Func.Positional_PID(&Chassis_Speed_PID, CHASSIS_TARGET_SPEE
  32:Algorithms/Algorithms.c/Control_Strategy.c **** 			 
  33:Algorithms/Algorithms.c/Control_Strategy.c **** 			 if(fabs(Chassis.Chassis_Coord.Pitch_Angle) < 15.0f)
  34:Algorithms/Algorithms.c/Control_Strategy.c **** 					Chassis.Chassis_Coord.Target_Pitch_Angle += (-Chassis.Chassis_Coord.Target_Pitch_Angle - Chass
  35:Algorithms/Algorithms.c/Control_Strategy.c **** 			 Chassis.PID_Output.Angle_Loop = 0.75f * (Chassis.Chassis_Coord.Pitch_Angle - Chassis.Chassis_Co
  36:Algorithms/Algorithms.c/Control_Strategy.c **** 			 
  37:Algorithms/Algorithms.c/Control_Strategy.c **** 			 Chassis_Turning_PID.Kp = 1.0f;
  38:Algorithms/Algorithms.c/Control_Strategy.c **** 			 Chassis_Turning_PID.Kd = 3.0f;
  39:Algorithms/Algorithms.c/Control_Strategy.c **** 			 Chassis_Turning_PID.Output_Max = 10000.0f;
  40:Algorithms/Algorithms.c/Control_Strategy.c **** 			 Chassis.PID_Output.Turning_Loop = PID_Func.Positional_PID(&Chassis_Turning_PID, Chassis.Chassis
  41:Algorithms/Algorithms.c/Control_Strategy.c **** 			
  42:Algorithms/Algorithms.c/Control_Strategy.c **** 			 Chassis.Target.Left_Wheel = Chassis.PID_Output.Speed_Loop + Chassis.PID_Output.Angle_Loop - 4.0
  43:Algorithms/Algorithms.c/Control_Strategy.c **** 			 Chassis.Target.Right_Wheel = Chassis.PID_Output.Speed_Loop + Chassis.PID_Output.Angle_Loop + 4.
  44:Algorithms/Algorithms.c/Control_Strategy.c **** 			
  45:Algorithms/Algorithms.c/Control_Strategy.c **** 			 break;
  46:Algorithms/Algorithms.c/Control_Strategy.c **** 		}
  47:Algorithms/Algorithms.c/Control_Strategy.c **** 		case Moving:
  48:Algorithms/Algorithms.c/Control_Strategy.c **** 		{
  49:Algorithms/Algorithms.c/Control_Strategy.c **** 			Chassis_Speed_PID.Kp = 1800.0f;
  50:Algorithms/Algorithms.c/Control_Strategy.c **** 			Chassis_Speed_PID.Output_Max = 10000.0f;
  51:Algorithms/Algorithms.c/Control_Strategy.c **** 			Chassis.PID_Output.Speed_Loop = PID_Func.Positional_PID(&Chassis_Speed_PID, Chassis.Chassis_Coor
  52:Algorithms/Algorithms.c/Control_Strategy.c **** 			
  53:Algorithms/Algorithms.c/Control_Strategy.c **** 			Chassis.PID_Output.Angle_Loop = 0.75f * (Chassis.Chassis_Coord.Pitch_Angle - Chassis.Chassis_Coo
  54:Algorithms/Algorithms.c/Control_Strategy.c **** 
  55:Algorithms/Algorithms.c/Control_Strategy.c **** 			Chassis_Turning_PID.Kp = 1.2f;
  56:Algorithms/Algorithms.c/Control_Strategy.c **** 			Chassis_Turning_PID.Kd = 2.0f;
  57:Algorithms/Algorithms.c/Control_Strategy.c **** 			Chassis_Turning_PID.Output_Max = 10000.0f;
  58:Algorithms/Algorithms.c/Control_Strategy.c **** 			Chassis.PID_Output.Turning_Loop = PID_Func.Positional_PID(&Chassis_Turning_PID, Chassis.Chassis_
  59:Algorithms/Algorithms.c/Control_Strategy.c **** 
  60:Algorithms/Algorithms.c/Control_Strategy.c **** 			Chassis.Target.Left_Wheel = Chassis.PID_Output.Speed_Loop + Chassis.PID_Output.Angle_Loop - 4.0f
ARM GAS  C:\Users\purdu\AppData\Local\Temp\ccaYX7Fa.s 			page 3


  61:Algorithms/Algorithms.c/Control_Strategy.c **** 			Chassis.Target.Right_Wheel = Chassis.PID_Output.Speed_Loop + Chassis.PID_Output.Angle_Loop + 4.0
  62:Algorithms/Algorithms.c/Control_Strategy.c **** 			break;
  63:Algorithms/Algorithms.c/Control_Strategy.c **** 		}
  64:Algorithms/Algorithms.c/Control_Strategy.c **** 		case Braking:
  65:Algorithms/Algorithms.c/Control_Strategy.c **** 		{
  66:Algorithms/Algorithms.c/Control_Strategy.c **** 			Chassis_Speed_PID.Kp = 2000.0f;
  67:Algorithms/Algorithms.c/Control_Strategy.c **** 			Chassis_Speed_PID.Ki = 80.0;
  68:Algorithms/Algorithms.c/Control_Strategy.c **** 			Chassis_Speed_PID.I_Out_Max = 6000.0f;
  69:Algorithms/Algorithms.c/Control_Strategy.c **** 			Chassis_Speed_PID.Output_Max = 10000.0f;
  70:Algorithms/Algorithms.c/Control_Strategy.c **** 
  71:Algorithms/Algorithms.c/Control_Strategy.c **** 			Chassis.PID_Output.Speed_Loop = PID_Func.Positional_PID(&Chassis_Speed_PID, CHASSIS_TARGET_SPEED
  72:Algorithms/Algorithms.c/Control_Strategy.c **** 			Chassis.PID_Output.Angle_Loop = 0.9f * (Chassis.Chassis_Coord.Pitch_Angle - Chassis.Chassis_Coor
  73:Algorithms/Algorithms.c/Control_Strategy.c **** 			
  74:Algorithms/Algorithms.c/Control_Strategy.c **** 			Chassis_Turning_PID.Kp = 1.2f;
  75:Algorithms/Algorithms.c/Control_Strategy.c **** 			Chassis_Turning_PID.Kd = 2.0f;
  76:Algorithms/Algorithms.c/Control_Strategy.c **** 			Chassis_Turning_PID.Output_Max = 10000.0f;
  77:Algorithms/Algorithms.c/Control_Strategy.c **** 			Chassis.PID_Output.Turning_Loop = PID_Func.Positional_PID(&Chassis_Turning_PID, Chassis.Chassis_
  78:Algorithms/Algorithms.c/Control_Strategy.c **** 			
  79:Algorithms/Algorithms.c/Control_Strategy.c **** 			Chassis.Target.Left_Wheel = Chassis.PID_Output.Speed_Loop + Chassis.PID_Output.Angle_Loop - 4.0f
  80:Algorithms/Algorithms.c/Control_Strategy.c **** 			Chassis.Target.Right_Wheel = Chassis.PID_Output.Speed_Loop + Chassis.PID_Output.Angle_Loop + 4.0
  81:Algorithms/Algorithms.c/Control_Strategy.c **** 			break;
  82:Algorithms/Algorithms.c/Control_Strategy.c **** 		}
  83:Algorithms/Algorithms.c/Control_Strategy.c **** 	}
  84:Algorithms/Algorithms.c/Control_Strategy.c **** }
  56              		.loc 1 84 1 view .LVU4
  57 0016 BDEC028B 		vldm	sp!, {d8}
  58              	.LCFI2:
  59              		.cfi_remember_state
  60              		.cfi_restore 80
  61              		.cfi_restore 81
  62              		.cfi_def_cfa_offset 16
  63 001a 70BD     		pop	{r4, r5, r6, pc}
  64              	.L9:
  65              	.LCFI3:
  66              		.cfi_restore_state
  27:Algorithms/Algorithms.c/Control_Strategy.c **** 			 Chassis_Speed_PID.Ki = 30.0;
  67              		.loc 1 27 5 is_stmt 1 view .LVU5
  27:Algorithms/Algorithms.c/Control_Strategy.c **** 			 Chassis_Speed_PID.Ki = 30.0;
  68              		.loc 1 27 26 is_stmt 0 view .LVU6
  69 001c 8748     		ldr	r0, .L10+4
  70 001e 884B     		ldr	r3, .L10+8
  71 0020 4361     		str	r3, [r0, #20]	@ float
  28:Algorithms/Algorithms.c/Control_Strategy.c **** 			 Chassis_Speed_PID.I_Out_Max = 2000.0f;
  72              		.loc 1 28 5 is_stmt 1 view .LVU7
  28:Algorithms/Algorithms.c/Control_Strategy.c **** 			 Chassis_Speed_PID.I_Out_Max = 2000.0f;
  73              		.loc 1 28 26 is_stmt 0 view .LVU8
  74 0022 884B     		ldr	r3, .L10+12
  75 0024 8361     		str	r3, [r0, #24]	@ float
  29:Algorithms/Algorithms.c/Control_Strategy.c **** 			 Chassis_Speed_PID.Output_Max = 10000.0f;
  76              		.loc 1 29 5 is_stmt 1 view .LVU9
  29:Algorithms/Algorithms.c/Control_Strategy.c **** 			 Chassis_Speed_PID.Output_Max = 10000.0f;
  77              		.loc 1 29 33 is_stmt 0 view .LVU10
  78 0026 884B     		ldr	r3, .L10+16
  79 0028 4363     		str	r3, [r0, #52]	@ float
  30:Algorithms/Algorithms.c/Control_Strategy.c **** 			 Chassis.PID_Output.Speed_Loop = PID_Func.Positional_PID(&Chassis_Speed_PID, CHASSIS_TARGET_SPEE
  80              		.loc 1 30 5 is_stmt 1 view .LVU11
  30:Algorithms/Algorithms.c/Control_Strategy.c **** 			 Chassis.PID_Output.Speed_Loop = PID_Func.Positional_PID(&Chassis_Speed_PID, CHASSIS_TARGET_SPEE
ARM GAS  C:\Users\purdu\AppData\Local\Temp\ccaYX7Fa.s 			page 4


  81              		.loc 1 30 34 is_stmt 0 view .LVU12
  82 002a 884B     		ldr	r3, .L10+20
  83 002c 0363     		str	r3, [r0, #48]	@ float
  31:Algorithms/Algorithms.c/Control_Strategy.c **** 			 
  84              		.loc 1 31 5 is_stmt 1 view .LVU13
  31:Algorithms/Algorithms.c/Control_Strategy.c **** 			 
  85              		.loc 1 31 45 is_stmt 0 view .LVU14
  86 002e 884B     		ldr	r3, .L10+24
  87 0030 1B68     		ldr	r3, [r3]
  31:Algorithms/Algorithms.c/Control_Strategy.c **** 			 
  88              		.loc 1 31 37 view .LVU15
  89 0032 814C     		ldr	r4, .L10
  90 0034 D4ED060A 		vldr.32	s1, [r4, #24]
  91 0038 9FED860A 		vldr.32	s0, .L10+28
  92 003c 9847     		blx	r3
  93              	.LVL0:
  31:Algorithms/Algorithms.c/Control_Strategy.c **** 			 
  94              		.loc 1 31 35 view .LVU16
  95 003e 84ED1D0A 		vstr.32	s0, [r4, #116]
  33:Algorithms/Algorithms.c/Control_Strategy.c **** 					Chassis.Chassis_Coord.Target_Pitch_Angle += (-Chassis.Chassis_Coord.Target_Pitch_Angle - Chass
  96              		.loc 1 33 5 is_stmt 1 view .LVU17
  33:Algorithms/Algorithms.c/Control_Strategy.c **** 					Chassis.Chassis_Coord.Target_Pitch_Angle += (-Chassis.Chassis_Coord.Target_Pitch_Angle - Chass
  97              		.loc 1 33 34 is_stmt 0 view .LVU18
  98 0042 D4ED0A7A 		vldr.32	s15, [r4, #40]
  33:Algorithms/Algorithms.c/Control_Strategy.c **** 					Chassis.Chassis_Coord.Target_Pitch_Angle += (-Chassis.Chassis_Coord.Target_Pitch_Angle - Chass
  99              		.loc 1 33 8 view .LVU19
 100 0046 F0EEE76A 		vabs.f32	s13, s15
  33:Algorithms/Algorithms.c/Control_Strategy.c **** 					Chassis.Chassis_Coord.Target_Pitch_Angle += (-Chassis.Chassis_Coord.Target_Pitch_Angle - Chass
 101              		.loc 1 33 7 view .LVU20
 102 004a B2EE0E7A 		vmov.f32	s14, #1.5e+1
 103 004e F4EEC76A 		vcmpe.f32	s13, s14
 104 0052 F1EE10FA 		vmrs	APSR_nzcv, FPSCR
 105 0056 0DD5     		bpl	.L5
  34:Algorithms/Algorithms.c/Control_Strategy.c **** 			 Chassis.PID_Output.Angle_Loop = 0.75f * (Chassis.Chassis_Coord.Pitch_Angle - Chassis.Chassis_Co
 106              		.loc 1 34 6 is_stmt 1 view .LVU21
  34:Algorithms/Algorithms.c/Control_Strategy.c **** 			 Chassis.PID_Output.Angle_Loop = 0.75f * (Chassis.Chassis_Coord.Pitch_Angle - Chassis.Chassis_Co
 107              		.loc 1 34 27 is_stmt 0 view .LVU22
 108 0058 94ED097A 		vldr.32	s14, [r4, #36]
  34:Algorithms/Algorithms.c/Control_Strategy.c **** 			 Chassis.PID_Output.Angle_Loop = 0.75f * (Chassis.Chassis_Coord.Pitch_Angle - Chassis.Chassis_Co
 109              		.loc 1 34 51 view .LVU23
 110 005c F1EE476A 		vneg.f32	s13, s14
  34:Algorithms/Algorithms.c/Control_Strategy.c **** 			 Chassis.PID_Output.Angle_Loop = 0.75f * (Chassis.Chassis_Coord.Pitch_Angle - Chassis.Chassis_Co
 111              		.loc 1 34 93 view .LVU24
 112 0060 76EEE76A 		vsub.f32	s13, s13, s15
  34:Algorithms/Algorithms.c/Control_Strategy.c **** 			 Chassis.PID_Output.Angle_Loop = 0.75f * (Chassis.Chassis_Coord.Pitch_Angle - Chassis.Chassis_Co
 113              		.loc 1 34 129 view .LVU25
 114 0064 DFED7C5A 		vldr.32	s11, .L10+32
 115 0068 86EEA56A 		vdiv.f32	s12, s13, s11
  34:Algorithms/Algorithms.c/Control_Strategy.c **** 			 Chassis.PID_Output.Angle_Loop = 0.75f * (Chassis.Chassis_Coord.Pitch_Angle - Chassis.Chassis_Co
 116              		.loc 1 34 47 view .LVU26
 117 006c 37EE067A 		vadd.f32	s14, s14, s12
 118 0070 84ED097A 		vstr.32	s14, [r4, #36]
 119              	.L5:
  35:Algorithms/Algorithms.c/Control_Strategy.c **** 			 
 120              		.loc 1 35 5 is_stmt 1 view .LVU27
  35:Algorithms/Algorithms.c/Control_Strategy.c **** 			 
 121              		.loc 1 35 103 is_stmt 0 view .LVU28
ARM GAS  C:\Users\purdu\AppData\Local\Temp\ccaYX7Fa.s 			page 5


 122 0074 704C     		ldr	r4, .L10
 123 0076 94ED097A 		vldr.32	s14, [r4, #36]
  35:Algorithms/Algorithms.c/Control_Strategy.c **** 			 
 124              		.loc 1 35 80 view .LVU29
 125 007a 77EEC77A 		vsub.f32	s15, s15, s14
  35:Algorithms/Algorithms.c/Control_Strategy.c **** 			 
 126              		.loc 1 35 43 view .LVU30
 127 007e B6EE087A 		vmov.f32	s14, #7.5e-1
 128 0082 67EE877A 		vmul.f32	s15, s15, s14
  35:Algorithms/Algorithms.c/Control_Strategy.c **** 			 
 129              		.loc 1 35 138 view .LVU31
 130 0086 754B     		ldr	r3, .L10+36
 131 0088 93ED027A 		vldr.32	s14, [r3, #8]
  35:Algorithms/Algorithms.c/Control_Strategy.c **** 			 
 132              		.loc 1 35 124 view .LVU32
 133 008c 67EE877A 		vmul.f32	s15, s15, s14
  35:Algorithms/Algorithms.c/Control_Strategy.c **** 			 
 134              		.loc 1 35 172 view .LVU33
 135 0090 94ED0C7A 		vldr.32	s14, [r4, #48]
  35:Algorithms/Algorithms.c/Control_Strategy.c **** 			 
 136              		.loc 1 35 149 view .LVU34
 137 0094 F0EE0C6A 		vmov.f32	s13, #3.5e+0
 138 0098 27EE267A 		vmul.f32	s14, s14, s13
  35:Algorithms/Algorithms.c/Control_Strategy.c **** 			 
 139              		.loc 1 35 206 view .LVU35
 140 009c D3ED036A 		vldr.32	s13, [r3, #12]
  35:Algorithms/Algorithms.c/Control_Strategy.c **** 			 
 141              		.loc 1 35 192 view .LVU36
 142 00a0 27EE267A 		vmul.f32	s14, s14, s13
  35:Algorithms/Algorithms.c/Control_Strategy.c **** 			 
 143              		.loc 1 35 142 view .LVU37
 144 00a4 77EE877A 		vadd.f32	s15, s15, s14
  35:Algorithms/Algorithms.c/Control_Strategy.c **** 			 
 145              		.loc 1 35 35 view .LVU38
 146 00a8 C4ED1C7A 		vstr.32	s15, [r4, #112]
  37:Algorithms/Algorithms.c/Control_Strategy.c **** 			 Chassis_Turning_PID.Kd = 3.0f;
 147              		.loc 1 37 5 is_stmt 1 view .LVU39
  37:Algorithms/Algorithms.c/Control_Strategy.c **** 			 Chassis_Turning_PID.Kd = 3.0f;
 148              		.loc 1 37 28 is_stmt 0 view .LVU40
 149 00ac 6C48     		ldr	r0, .L10+40
 150 00ae 4FF07E53 		mov	r3, #1065353216
 151 00b2 4361     		str	r3, [r0, #20]	@ float
  38:Algorithms/Algorithms.c/Control_Strategy.c **** 			 Chassis_Turning_PID.Output_Max = 10000.0f;
 152              		.loc 1 38 5 is_stmt 1 view .LVU41
  38:Algorithms/Algorithms.c/Control_Strategy.c **** 			 Chassis_Turning_PID.Output_Max = 10000.0f;
 153              		.loc 1 38 28 is_stmt 0 view .LVU42
 154 00b4 6B4B     		ldr	r3, .L10+44
 155 00b6 C361     		str	r3, [r0, #28]	@ float
  39:Algorithms/Algorithms.c/Control_Strategy.c **** 			 Chassis.PID_Output.Turning_Loop = PID_Func.Positional_PID(&Chassis_Turning_PID, Chassis.Chassis
 156              		.loc 1 39 5 is_stmt 1 view .LVU43
  39:Algorithms/Algorithms.c/Control_Strategy.c **** 			 Chassis.PID_Output.Turning_Loop = PID_Func.Positional_PID(&Chassis_Turning_PID, Chassis.Chassis
 157              		.loc 1 39 36 is_stmt 0 view .LVU44
 158 00b8 644B     		ldr	r3, .L10+20
 159 00ba 0363     		str	r3, [r0, #48]	@ float
  40:Algorithms/Algorithms.c/Control_Strategy.c **** 			
 160              		.loc 1 40 5 is_stmt 1 view .LVU45
  40:Algorithms/Algorithms.c/Control_Strategy.c **** 			
ARM GAS  C:\Users\purdu\AppData\Local\Temp\ccaYX7Fa.s 			page 6


 161              		.loc 1 40 47 is_stmt 0 view .LVU46
 162 00bc 644B     		ldr	r3, .L10+24
 163 00be 1B68     		ldr	r3, [r3]
  40:Algorithms/Algorithms.c/Control_Strategy.c **** 			
 164              		.loc 1 40 39 view .LVU47
 165 00c0 DFED640A 		vldr.32	s1, .L10+28
 166 00c4 94ED050A 		vldr.32	s0, [r4, #20]
 167 00c8 9847     		blx	r3
 168              	.LVL1:
  40:Algorithms/Algorithms.c/Control_Strategy.c **** 			
 169              		.loc 1 40 37 view .LVU48
 170 00ca 84ED1E0A 		vstr.32	s0, [r4, #120]
  42:Algorithms/Algorithms.c/Control_Strategy.c **** 			 Chassis.Target.Right_Wheel = Chassis.PID_Output.Speed_Loop + Chassis.PID_Output.Angle_Loop + 4.
 171              		.loc 1 42 5 is_stmt 1 view .LVU49
  42:Algorithms/Algorithms.c/Control_Strategy.c **** 			 Chassis.Target.Right_Wheel = Chassis.PID_Output.Speed_Loop + Chassis.PID_Output.Angle_Loop + 4.
 172              		.loc 1 42 51 is_stmt 0 view .LVU50
 173 00ce D4ED1D7A 		vldr.32	s15, [r4, #116]
  42:Algorithms/Algorithms.c/Control_Strategy.c **** 			 Chassis.Target.Right_Wheel = Chassis.PID_Output.Speed_Loop + Chassis.PID_Output.Angle_Loop + 4.
 174              		.loc 1 42 83 view .LVU51
 175 00d2 94ED1C7A 		vldr.32	s14, [r4, #112]
  42:Algorithms/Algorithms.c/Control_Strategy.c **** 			 Chassis.Target.Right_Wheel = Chassis.PID_Output.Speed_Loop + Chassis.PID_Output.Angle_Loop + 4.
 176              		.loc 1 42 63 view .LVU52
 177 00d6 77EE877A 		vadd.f32	s15, s15, s14
  42:Algorithms/Algorithms.c/Control_Strategy.c **** 			 Chassis.Target.Right_Wheel = Chassis.PID_Output.Speed_Loop + Chassis.PID_Output.Angle_Loop + 4.
 178              		.loc 1 42 101 view .LVU53
 179 00da B1EE007A 		vmov.f32	s14, #4.0e+0
 180 00de 20EE070A 		vmul.f32	s0, s0, s14
  42:Algorithms/Algorithms.c/Control_Strategy.c **** 			 Chassis.Target.Right_Wheel = Chassis.PID_Output.Speed_Loop + Chassis.PID_Output.Angle_Loop + 4.
 181              		.loc 1 42 95 view .LVU54
 182 00e2 37EEC07A 		vsub.f32	s14, s15, s0
  42:Algorithms/Algorithms.c/Control_Strategy.c **** 			 Chassis.Target.Right_Wheel = Chassis.PID_Output.Speed_Loop + Chassis.PID_Output.Angle_Loop + 4.
 183              		.loc 1 42 31 view .LVU55
 184 00e6 84ED187A 		vstr.32	s14, [r4, #96]
  43:Algorithms/Algorithms.c/Control_Strategy.c **** 			
 185              		.loc 1 43 5 is_stmt 1 view .LVU56
  43:Algorithms/Algorithms.c/Control_Strategy.c **** 			
 186              		.loc 1 43 96 is_stmt 0 view .LVU57
 187 00ea 77EE807A 		vadd.f32	s15, s15, s0
  43:Algorithms/Algorithms.c/Control_Strategy.c **** 			
 188              		.loc 1 43 32 view .LVU58
 189 00ee C4ED197A 		vstr.32	s15, [r4, #100]
  45:Algorithms/Algorithms.c/Control_Strategy.c **** 		}
 190              		.loc 1 45 5 is_stmt 1 view .LVU59
 191 00f2 90E7     		b	.L1
 192              	.L2:
  49:Algorithms/Algorithms.c/Control_Strategy.c **** 			Chassis_Speed_PID.Output_Max = 10000.0f;
 193              		.loc 1 49 4 view .LVU60
  49:Algorithms/Algorithms.c/Control_Strategy.c **** 			Chassis_Speed_PID.Output_Max = 10000.0f;
 194              		.loc 1 49 25 is_stmt 0 view .LVU61
 195 00f4 5148     		ldr	r0, .L10+4
 196 00f6 5C4B     		ldr	r3, .L10+48
 197 00f8 4361     		str	r3, [r0, #20]	@ float
  50:Algorithms/Algorithms.c/Control_Strategy.c **** 			Chassis.PID_Output.Speed_Loop = PID_Func.Positional_PID(&Chassis_Speed_PID, Chassis.Chassis_Coor
 198              		.loc 1 50 4 is_stmt 1 view .LVU62
  50:Algorithms/Algorithms.c/Control_Strategy.c **** 			Chassis.PID_Output.Speed_Loop = PID_Func.Positional_PID(&Chassis_Speed_PID, Chassis.Chassis_Coor
 199              		.loc 1 50 33 is_stmt 0 view .LVU63
 200 00fa 544E     		ldr	r6, .L10+20
ARM GAS  C:\Users\purdu\AppData\Local\Temp\ccaYX7Fa.s 			page 7


 201 00fc 0663     		str	r6, [r0, #48]	@ float
  51:Algorithms/Algorithms.c/Control_Strategy.c **** 			
 202              		.loc 1 51 4 is_stmt 1 view .LVU64
  51:Algorithms/Algorithms.c/Control_Strategy.c **** 			
 203              		.loc 1 51 44 is_stmt 0 view .LVU65
 204 00fe 544D     		ldr	r5, .L10+24
 205 0100 2B68     		ldr	r3, [r5]
  51:Algorithms/Algorithms.c/Control_Strategy.c **** 			
 206              		.loc 1 51 36 view .LVU66
 207 0102 4D4C     		ldr	r4, .L10
 208 0104 D4ED060A 		vldr.32	s1, [r4, #24]
 209 0108 94ED040A 		vldr.32	s0, [r4, #16]
 210 010c 9847     		blx	r3
 211              	.LVL2:
  51:Algorithms/Algorithms.c/Control_Strategy.c **** 			
 212              		.loc 1 51 34 view .LVU67
 213 010e 84ED1D0A 		vstr.32	s0, [r4, #116]
  53:Algorithms/Algorithms.c/Control_Strategy.c **** 
 214              		.loc 1 53 4 is_stmt 1 view .LVU68
  53:Algorithms/Algorithms.c/Control_Strategy.c **** 
 215              		.loc 1 53 66 is_stmt 0 view .LVU69
 216 0112 D4ED0A7A 		vldr.32	s15, [r4, #40]
  53:Algorithms/Algorithms.c/Control_Strategy.c **** 
 217              		.loc 1 53 102 view .LVU70
 218 0116 94ED097A 		vldr.32	s14, [r4, #36]
  53:Algorithms/Algorithms.c/Control_Strategy.c **** 
 219              		.loc 1 53 79 view .LVU71
 220 011a 77EEC77A 		vsub.f32	s15, s15, s14
  53:Algorithms/Algorithms.c/Control_Strategy.c **** 
 221              		.loc 1 53 42 view .LVU72
 222 011e B6EE087A 		vmov.f32	s14, #7.5e-1
 223 0122 67EE877A 		vmul.f32	s15, s15, s14
  53:Algorithms/Algorithms.c/Control_Strategy.c **** 
 224              		.loc 1 53 137 view .LVU73
 225 0126 4D4B     		ldr	r3, .L10+36
 226 0128 93ED027A 		vldr.32	s14, [r3, #8]
  53:Algorithms/Algorithms.c/Control_Strategy.c **** 
 227              		.loc 1 53 123 view .LVU74
 228 012c 67EE877A 		vmul.f32	s15, s15, s14
  53:Algorithms/Algorithms.c/Control_Strategy.c **** 
 229              		.loc 1 53 171 view .LVU75
 230 0130 94ED0C7A 		vldr.32	s14, [r4, #48]
  53:Algorithms/Algorithms.c/Control_Strategy.c **** 
 231              		.loc 1 53 148 view .LVU76
 232 0134 F0EE0C6A 		vmov.f32	s13, #3.5e+0
 233 0138 27EE267A 		vmul.f32	s14, s14, s13
  53:Algorithms/Algorithms.c/Control_Strategy.c **** 
 234              		.loc 1 53 205 view .LVU77
 235 013c D3ED036A 		vldr.32	s13, [r3, #12]
  53:Algorithms/Algorithms.c/Control_Strategy.c **** 
 236              		.loc 1 53 191 view .LVU78
 237 0140 27EE267A 		vmul.f32	s14, s14, s13
  53:Algorithms/Algorithms.c/Control_Strategy.c **** 
 238              		.loc 1 53 141 view .LVU79
 239 0144 77EE877A 		vadd.f32	s15, s15, s14
  53:Algorithms/Algorithms.c/Control_Strategy.c **** 
 240              		.loc 1 53 34 view .LVU80
ARM GAS  C:\Users\purdu\AppData\Local\Temp\ccaYX7Fa.s 			page 8


 241 0148 C4ED1C7A 		vstr.32	s15, [r4, #112]
  55:Algorithms/Algorithms.c/Control_Strategy.c **** 			Chassis_Turning_PID.Kd = 2.0f;
 242              		.loc 1 55 4 is_stmt 1 view .LVU81
  55:Algorithms/Algorithms.c/Control_Strategy.c **** 			Chassis_Turning_PID.Kd = 2.0f;
 243              		.loc 1 55 27 is_stmt 0 view .LVU82
 244 014c 4448     		ldr	r0, .L10+40
 245 014e 474B     		ldr	r3, .L10+52
 246 0150 4361     		str	r3, [r0, #20]	@ float
  56:Algorithms/Algorithms.c/Control_Strategy.c **** 			Chassis_Turning_PID.Output_Max = 10000.0f;
 247              		.loc 1 56 4 is_stmt 1 view .LVU83
  56:Algorithms/Algorithms.c/Control_Strategy.c **** 			Chassis_Turning_PID.Output_Max = 10000.0f;
 248              		.loc 1 56 27 is_stmt 0 view .LVU84
 249 0152 4FF08043 		mov	r3, #1073741824
 250 0156 C361     		str	r3, [r0, #28]	@ float
  57:Algorithms/Algorithms.c/Control_Strategy.c **** 			Chassis.PID_Output.Turning_Loop = PID_Func.Positional_PID(&Chassis_Turning_PID, Chassis.Chassis_
 251              		.loc 1 57 4 is_stmt 1 view .LVU85
  57:Algorithms/Algorithms.c/Control_Strategy.c **** 			Chassis.PID_Output.Turning_Loop = PID_Func.Positional_PID(&Chassis_Turning_PID, Chassis.Chassis_
 252              		.loc 1 57 35 is_stmt 0 view .LVU86
 253 0158 0663     		str	r6, [r0, #48]	@ float
  58:Algorithms/Algorithms.c/Control_Strategy.c **** 
 254              		.loc 1 58 4 is_stmt 1 view .LVU87
  58:Algorithms/Algorithms.c/Control_Strategy.c **** 
 255              		.loc 1 58 46 is_stmt 0 view .LVU88
 256 015a 2B68     		ldr	r3, [r5]
  58:Algorithms/Algorithms.c/Control_Strategy.c **** 
 257              		.loc 1 58 38 view .LVU89
 258 015c DFED3D0A 		vldr.32	s1, .L10+28
 259 0160 94ED050A 		vldr.32	s0, [r4, #20]
 260 0164 9847     		blx	r3
 261              	.LVL3:
  58:Algorithms/Algorithms.c/Control_Strategy.c **** 
 262              		.loc 1 58 36 view .LVU90
 263 0166 84ED1E0A 		vstr.32	s0, [r4, #120]
  60:Algorithms/Algorithms.c/Control_Strategy.c **** 			Chassis.Target.Right_Wheel = Chassis.PID_Output.Speed_Loop + Chassis.PID_Output.Angle_Loop + 4.0
 264              		.loc 1 60 4 is_stmt 1 view .LVU91
  60:Algorithms/Algorithms.c/Control_Strategy.c **** 			Chassis.Target.Right_Wheel = Chassis.PID_Output.Speed_Loop + Chassis.PID_Output.Angle_Loop + 4.0
 265              		.loc 1 60 50 is_stmt 0 view .LVU92
 266 016a D4ED1D7A 		vldr.32	s15, [r4, #116]
  60:Algorithms/Algorithms.c/Control_Strategy.c **** 			Chassis.Target.Right_Wheel = Chassis.PID_Output.Speed_Loop + Chassis.PID_Output.Angle_Loop + 4.0
 267              		.loc 1 60 82 view .LVU93
 268 016e 94ED1C7A 		vldr.32	s14, [r4, #112]
  60:Algorithms/Algorithms.c/Control_Strategy.c **** 			Chassis.Target.Right_Wheel = Chassis.PID_Output.Speed_Loop + Chassis.PID_Output.Angle_Loop + 4.0
 269              		.loc 1 60 62 view .LVU94
 270 0172 77EE877A 		vadd.f32	s15, s15, s14
  60:Algorithms/Algorithms.c/Control_Strategy.c **** 			Chassis.Target.Right_Wheel = Chassis.PID_Output.Speed_Loop + Chassis.PID_Output.Angle_Loop + 4.0
 271              		.loc 1 60 100 view .LVU95
 272 0176 B1EE007A 		vmov.f32	s14, #4.0e+0
 273 017a 20EE070A 		vmul.f32	s0, s0, s14
  60:Algorithms/Algorithms.c/Control_Strategy.c **** 			Chassis.Target.Right_Wheel = Chassis.PID_Output.Speed_Loop + Chassis.PID_Output.Angle_Loop + 4.0
 274              		.loc 1 60 94 view .LVU96
 275 017e 37EEC07A 		vsub.f32	s14, s15, s0
  60:Algorithms/Algorithms.c/Control_Strategy.c **** 			Chassis.Target.Right_Wheel = Chassis.PID_Output.Speed_Loop + Chassis.PID_Output.Angle_Loop + 4.0
 276              		.loc 1 60 30 view .LVU97
 277 0182 84ED187A 		vstr.32	s14, [r4, #96]
  61:Algorithms/Algorithms.c/Control_Strategy.c **** 			break;
 278              		.loc 1 61 4 is_stmt 1 view .LVU98
  61:Algorithms/Algorithms.c/Control_Strategy.c **** 			break;
ARM GAS  C:\Users\purdu\AppData\Local\Temp\ccaYX7Fa.s 			page 9


 279              		.loc 1 61 95 is_stmt 0 view .LVU99
 280 0186 77EE807A 		vadd.f32	s15, s15, s0
  61:Algorithms/Algorithms.c/Control_Strategy.c **** 			break;
 281              		.loc 1 61 31 view .LVU100
 282 018a C4ED197A 		vstr.32	s15, [r4, #100]
  62:Algorithms/Algorithms.c/Control_Strategy.c **** 		}
 283              		.loc 1 62 4 is_stmt 1 view .LVU101
 284 018e 42E7     		b	.L1
 285              	.L3:
  66:Algorithms/Algorithms.c/Control_Strategy.c **** 			Chassis_Speed_PID.Ki = 80.0;
 286              		.loc 1 66 4 view .LVU102
  66:Algorithms/Algorithms.c/Control_Strategy.c **** 			Chassis_Speed_PID.Ki = 80.0;
 287              		.loc 1 66 25 is_stmt 0 view .LVU103
 288 0190 2A48     		ldr	r0, .L10+4
 289 0192 2D4B     		ldr	r3, .L10+16
 290 0194 4361     		str	r3, [r0, #20]	@ float
  67:Algorithms/Algorithms.c/Control_Strategy.c **** 			Chassis_Speed_PID.I_Out_Max = 6000.0f;
 291              		.loc 1 67 4 is_stmt 1 view .LVU104
  67:Algorithms/Algorithms.c/Control_Strategy.c **** 			Chassis_Speed_PID.I_Out_Max = 6000.0f;
 292              		.loc 1 67 25 is_stmt 0 view .LVU105
 293 0196 364B     		ldr	r3, .L10+56
 294 0198 8361     		str	r3, [r0, #24]	@ float
  68:Algorithms/Algorithms.c/Control_Strategy.c **** 			Chassis_Speed_PID.Output_Max = 10000.0f;
 295              		.loc 1 68 4 is_stmt 1 view .LVU106
  68:Algorithms/Algorithms.c/Control_Strategy.c **** 			Chassis_Speed_PID.Output_Max = 10000.0f;
 296              		.loc 1 68 32 is_stmt 0 view .LVU107
 297 019a 364B     		ldr	r3, .L10+60
 298 019c 4363     		str	r3, [r0, #52]	@ float
  69:Algorithms/Algorithms.c/Control_Strategy.c **** 
 299              		.loc 1 69 4 is_stmt 1 view .LVU108
  69:Algorithms/Algorithms.c/Control_Strategy.c **** 
 300              		.loc 1 69 33 is_stmt 0 view .LVU109
 301 019e 2B4E     		ldr	r6, .L10+20
 302 01a0 0663     		str	r6, [r0, #48]	@ float
  71:Algorithms/Algorithms.c/Control_Strategy.c **** 			Chassis.PID_Output.Angle_Loop = 0.9f * (Chassis.Chassis_Coord.Pitch_Angle - Chassis.Chassis_Coor
 303              		.loc 1 71 4 is_stmt 1 view .LVU110
  71:Algorithms/Algorithms.c/Control_Strategy.c **** 			Chassis.PID_Output.Angle_Loop = 0.9f * (Chassis.Chassis_Coord.Pitch_Angle - Chassis.Chassis_Coor
 304              		.loc 1 71 44 is_stmt 0 view .LVU111
 305 01a2 2B4D     		ldr	r5, .L10+24
 306 01a4 2B68     		ldr	r3, [r5]
  71:Algorithms/Algorithms.c/Control_Strategy.c **** 			Chassis.PID_Output.Angle_Loop = 0.9f * (Chassis.Chassis_Coord.Pitch_Angle - Chassis.Chassis_Coor
 307              		.loc 1 71 36 view .LVU112
 308 01a6 244C     		ldr	r4, .L10
 309 01a8 9FED2A8A 		vldr.32	s16, .L10+28
 310 01ac D4ED060A 		vldr.32	s1, [r4, #24]
 311 01b0 B0EE480A 		vmov.f32	s0, s16
 312 01b4 9847     		blx	r3
 313              	.LVL4:
  71:Algorithms/Algorithms.c/Control_Strategy.c **** 			Chassis.PID_Output.Angle_Loop = 0.9f * (Chassis.Chassis_Coord.Pitch_Angle - Chassis.Chassis_Coor
 314              		.loc 1 71 34 view .LVU113
 315 01b6 84ED1D0A 		vstr.32	s0, [r4, #116]
  72:Algorithms/Algorithms.c/Control_Strategy.c **** 			
 316              		.loc 1 72 4 is_stmt 1 view .LVU114
  72:Algorithms/Algorithms.c/Control_Strategy.c **** 			
 317              		.loc 1 72 65 is_stmt 0 view .LVU115
 318 01ba D4ED0A7A 		vldr.32	s15, [r4, #40]
  72:Algorithms/Algorithms.c/Control_Strategy.c **** 			
ARM GAS  C:\Users\purdu\AppData\Local\Temp\ccaYX7Fa.s 			page 10


 319              		.loc 1 72 101 view .LVU116
 320 01be 94ED097A 		vldr.32	s14, [r4, #36]
  72:Algorithms/Algorithms.c/Control_Strategy.c **** 			
 321              		.loc 1 72 78 view .LVU117
 322 01c2 77EEC77A 		vsub.f32	s15, s15, s14
  72:Algorithms/Algorithms.c/Control_Strategy.c **** 			
 323              		.loc 1 72 41 view .LVU118
 324 01c6 9FED2C7A 		vldr.32	s14, .L10+64
 325 01ca 67EE877A 		vmul.f32	s15, s15, s14
  72:Algorithms/Algorithms.c/Control_Strategy.c **** 			
 326              		.loc 1 72 136 view .LVU119
 327 01ce 234B     		ldr	r3, .L10+36
 328 01d0 93ED027A 		vldr.32	s14, [r3, #8]
  72:Algorithms/Algorithms.c/Control_Strategy.c **** 			
 329              		.loc 1 72 122 view .LVU120
 330 01d4 67EE877A 		vmul.f32	s15, s15, s14
  72:Algorithms/Algorithms.c/Control_Strategy.c **** 			
 331              		.loc 1 72 170 view .LVU121
 332 01d8 94ED0C7A 		vldr.32	s14, [r4, #48]
  72:Algorithms/Algorithms.c/Control_Strategy.c **** 			
 333              		.loc 1 72 147 view .LVU122
 334 01dc F1EE026A 		vmov.f32	s13, #4.5e+0
 335 01e0 27EE267A 		vmul.f32	s14, s14, s13
  72:Algorithms/Algorithms.c/Control_Strategy.c **** 			
 336              		.loc 1 72 204 view .LVU123
 337 01e4 D3ED036A 		vldr.32	s13, [r3, #12]
  72:Algorithms/Algorithms.c/Control_Strategy.c **** 			
 338              		.loc 1 72 190 view .LVU124
 339 01e8 27EE267A 		vmul.f32	s14, s14, s13
  72:Algorithms/Algorithms.c/Control_Strategy.c **** 			
 340              		.loc 1 72 140 view .LVU125
 341 01ec 77EE877A 		vadd.f32	s15, s15, s14
  72:Algorithms/Algorithms.c/Control_Strategy.c **** 			
 342              		.loc 1 72 34 view .LVU126
 343 01f0 C4ED1C7A 		vstr.32	s15, [r4, #112]
  74:Algorithms/Algorithms.c/Control_Strategy.c **** 			Chassis_Turning_PID.Kd = 2.0f;
 344              		.loc 1 74 4 is_stmt 1 view .LVU127
  74:Algorithms/Algorithms.c/Control_Strategy.c **** 			Chassis_Turning_PID.Kd = 2.0f;
 345              		.loc 1 74 27 is_stmt 0 view .LVU128
 346 01f4 1A48     		ldr	r0, .L10+40
 347 01f6 1D4B     		ldr	r3, .L10+52
 348 01f8 4361     		str	r3, [r0, #20]	@ float
  75:Algorithms/Algorithms.c/Control_Strategy.c **** 			Chassis_Turning_PID.Output_Max = 10000.0f;
 349              		.loc 1 75 4 is_stmt 1 view .LVU129
  75:Algorithms/Algorithms.c/Control_Strategy.c **** 			Chassis_Turning_PID.Output_Max = 10000.0f;
 350              		.loc 1 75 27 is_stmt 0 view .LVU130
 351 01fa 4FF08043 		mov	r3, #1073741824
 352 01fe C361     		str	r3, [r0, #28]	@ float
  76:Algorithms/Algorithms.c/Control_Strategy.c **** 			Chassis.PID_Output.Turning_Loop = PID_Func.Positional_PID(&Chassis_Turning_PID, Chassis.Chassis_
 353              		.loc 1 76 4 is_stmt 1 view .LVU131
  76:Algorithms/Algorithms.c/Control_Strategy.c **** 			Chassis.PID_Output.Turning_Loop = PID_Func.Positional_PID(&Chassis_Turning_PID, Chassis.Chassis_
 354              		.loc 1 76 35 is_stmt 0 view .LVU132
 355 0200 0663     		str	r6, [r0, #48]	@ float
  77:Algorithms/Algorithms.c/Control_Strategy.c **** 			
 356              		.loc 1 77 4 is_stmt 1 view .LVU133
  77:Algorithms/Algorithms.c/Control_Strategy.c **** 			
 357              		.loc 1 77 46 is_stmt 0 view .LVU134
ARM GAS  C:\Users\purdu\AppData\Local\Temp\ccaYX7Fa.s 			page 11


 358 0202 2B68     		ldr	r3, [r5]
  77:Algorithms/Algorithms.c/Control_Strategy.c **** 			
 359              		.loc 1 77 38 view .LVU135
 360 0204 F0EE480A 		vmov.f32	s1, s16
 361 0208 94ED050A 		vldr.32	s0, [r4, #20]
 362 020c 9847     		blx	r3
 363              	.LVL5:
  77:Algorithms/Algorithms.c/Control_Strategy.c **** 			
 364              		.loc 1 77 36 view .LVU136
 365 020e 84ED1E0A 		vstr.32	s0, [r4, #120]
  79:Algorithms/Algorithms.c/Control_Strategy.c **** 			Chassis.Target.Right_Wheel = Chassis.PID_Output.Speed_Loop + Chassis.PID_Output.Angle_Loop + 4.0
 366              		.loc 1 79 4 is_stmt 1 view .LVU137
  79:Algorithms/Algorithms.c/Control_Strategy.c **** 			Chassis.Target.Right_Wheel = Chassis.PID_Output.Speed_Loop + Chassis.PID_Output.Angle_Loop + 4.0
 367              		.loc 1 79 50 is_stmt 0 view .LVU138
 368 0212 D4ED1D7A 		vldr.32	s15, [r4, #116]
  79:Algorithms/Algorithms.c/Control_Strategy.c **** 			Chassis.Target.Right_Wheel = Chassis.PID_Output.Speed_Loop + Chassis.PID_Output.Angle_Loop + 4.0
 369              		.loc 1 79 82 view .LVU139
 370 0216 94ED1C7A 		vldr.32	s14, [r4, #112]
  79:Algorithms/Algorithms.c/Control_Strategy.c **** 			Chassis.Target.Right_Wheel = Chassis.PID_Output.Speed_Loop + Chassis.PID_Output.Angle_Loop + 4.0
 371              		.loc 1 79 62 view .LVU140
 372 021a 77EE877A 		vadd.f32	s15, s15, s14
  79:Algorithms/Algorithms.c/Control_Strategy.c **** 			Chassis.Target.Right_Wheel = Chassis.PID_Output.Speed_Loop + Chassis.PID_Output.Angle_Loop + 4.0
 373              		.loc 1 79 100 view .LVU141
 374 021e B1EE007A 		vmov.f32	s14, #4.0e+0
 375 0222 20EE070A 		vmul.f32	s0, s0, s14
  79:Algorithms/Algorithms.c/Control_Strategy.c **** 			Chassis.Target.Right_Wheel = Chassis.PID_Output.Speed_Loop + Chassis.PID_Output.Angle_Loop + 4.0
 376              		.loc 1 79 94 view .LVU142
 377 0226 37EEC07A 		vsub.f32	s14, s15, s0
  79:Algorithms/Algorithms.c/Control_Strategy.c **** 			Chassis.Target.Right_Wheel = Chassis.PID_Output.Speed_Loop + Chassis.PID_Output.Angle_Loop + 4.0
 378              		.loc 1 79 30 view .LVU143
 379 022a 84ED187A 		vstr.32	s14, [r4, #96]
  80:Algorithms/Algorithms.c/Control_Strategy.c **** 			break;
 380              		.loc 1 80 4 is_stmt 1 view .LVU144
  80:Algorithms/Algorithms.c/Control_Strategy.c **** 			break;
 381              		.loc 1 80 95 is_stmt 0 view .LVU145
 382 022e 77EE807A 		vadd.f32	s15, s15, s0
  80:Algorithms/Algorithms.c/Control_Strategy.c **** 			break;
 383              		.loc 1 80 31 view .LVU146
 384 0232 C4ED197A 		vstr.32	s15, [r4, #100]
  81:Algorithms/Algorithms.c/Control_Strategy.c **** 		}
 385              		.loc 1 81 4 is_stmt 1 view .LVU147
 386              		.loc 1 84 1 is_stmt 0 view .LVU148
 387 0236 EEE6     		b	.L1
 388              	.L11:
 389              		.align	2
 390              	.L10:
 391 0238 00000000 		.word	Chassis
 392 023c 00000000 		.word	Chassis_Speed_PID
 393 0240 00007A44 		.word	1148846080
 394 0244 0000F041 		.word	1106247680
 395 0248 0000FA44 		.word	1157234688
 396 024c 00401C46 		.word	1176256512
 397 0250 00000000 		.word	PID_Func
 398 0254 00000000 		.word	0
 399 0258 0000FA43 		.word	1140457472
 400 025c 00000000 		.word	LQR_K_Matrix
 401 0260 00000000 		.word	Chassis_Turning_PID
ARM GAS  C:\Users\purdu\AppData\Local\Temp\ccaYX7Fa.s 			page 12


 402 0264 00004040 		.word	1077936128
 403 0268 0000E144 		.word	1155596288
 404 026c 9A99993F 		.word	1067030938
 405 0270 0000A042 		.word	1117782016
 406 0274 0080BB45 		.word	1169915904
 407 0278 6666663F 		.word	1063675494
 408              		.cfi_endproc
 409              	.LFE162:
 411              		.global	LQR_K_Matrix
 412              		.section	.data.LQR_K_Matrix,"aw"
 413              		.align	2
 416              	LQR_K_Matrix:
 417 0000 AEB61E41 		.word	1092531886
 418 0004 CDBBAA41 		.word	1101708237
 419 0008 CAF4C543 		.word	1137046730
 420 000c 60A55B42 		.word	1113302368
 421              		.global	Control_Strategy_Func
 422              		.section	.data.Control_Strategy_Func,"aw"
 423              		.align	2
 426              	Control_Strategy_Func:
 427 0000 00000000 		.word	Expert_PID_LQR_Combined
 428              		.text
 429              	.Letext0:
 430              		.file 2 "c:\\msys64\\mingw64\\arm-none-eabi\\include\\machine\\_default_types.h"
 431              		.file 3 "c:\\msys64\\mingw64\\arm-none-eabi\\include\\sys\\_stdint.h"
 432              		.file 4 "Algorithms/Algorithms.h/PID.h"
 433              		.file 5 "HigherLevelApps/HigherLevelApps.h/Chassis_Control.h"
 434              		.file 6 "Algorithms/Algorithms.h/Control_Strategy.h"
ARM GAS  C:\Users\purdu\AppData\Local\Temp\ccaYX7Fa.s 			page 13


DEFINED SYMBOLS
                            *ABS*:00000000 Control_Strategy.c
C:\Users\purdu\AppData\Local\Temp\ccaYX7Fa.s:21     .text.Expert_PID_LQR_Combined:00000000 $t
C:\Users\purdu\AppData\Local\Temp\ccaYX7Fa.s:27     .text.Expert_PID_LQR_Combined:00000000 Expert_PID_LQR_Combined
C:\Users\purdu\AppData\Local\Temp\ccaYX7Fa.s:391    .text.Expert_PID_LQR_Combined:00000238 $d
C:\Users\purdu\AppData\Local\Temp\ccaYX7Fa.s:416    .data.LQR_K_Matrix:00000000 LQR_K_Matrix
C:\Users\purdu\AppData\Local\Temp\ccaYX7Fa.s:413    .data.LQR_K_Matrix:00000000 $d
C:\Users\purdu\AppData\Local\Temp\ccaYX7Fa.s:426    .data.Control_Strategy_Func:00000000 Control_Strategy_Func
C:\Users\purdu\AppData\Local\Temp\ccaYX7Fa.s:423    .data.Control_Strategy_Func:00000000 $d

UNDEFINED SYMBOLS
Chassis
Chassis_Speed_PID
PID_Func
Chassis_Turning_PID
