ARM GAS  C:\Users\purdu\AppData\Local\Temp\ccNmFYwe.s 			page 1


   1              		.cpu cortex-m4
   2              		.arch armv7e-m
   3              		.fpu fpv4-sp-d16
   4              		.eabi_attribute 27, 1
   5              		.eabi_attribute 28, 1
   6              		.eabi_attribute 20, 1
   7              		.eabi_attribute 21, 1
   8              		.eabi_attribute 23, 3
   9              		.eabi_attribute 24, 1
  10              		.eabi_attribute 25, 1
  11              		.eabi_attribute 26, 1
  12              		.eabi_attribute 30, 1
  13              		.eabi_attribute 34, 1
  14              		.eabi_attribute 18, 4
  15              		.file	"gpio.c"
  16              		.text
  17              	.Ltext0:
  18              		.cfi_sections	.debug_frame
  19              		.file 1 "Core/Src/gpio.c"
  20              		.section	.text.MX_GPIO_Init,"ax",%progbits
  21              		.align	1
  22              		.global	MX_GPIO_Init
  23              		.syntax unified
  24              		.thumb
  25              		.thumb_func
  27              	MX_GPIO_Init:
  28              	.LFB130:
   1:Core/Src/gpio.c **** /* USER CODE BEGIN Header */
   2:Core/Src/gpio.c **** /**
   3:Core/Src/gpio.c ****   ******************************************************************************
   4:Core/Src/gpio.c ****   * @file    gpio.c
   5:Core/Src/gpio.c ****   * @brief   This file provides code for the configuration
   6:Core/Src/gpio.c ****   *          of all used GPIO pins.
   7:Core/Src/gpio.c ****   ******************************************************************************
   8:Core/Src/gpio.c ****   * @attention
   9:Core/Src/gpio.c ****   *
  10:Core/Src/gpio.c ****   * Copyright (c) 2022 STMicroelectronics.
  11:Core/Src/gpio.c ****   * All rights reserved.
  12:Core/Src/gpio.c ****   *
  13:Core/Src/gpio.c ****   * This software is licensed under terms that can be found in the LICENSE file
  14:Core/Src/gpio.c ****   * in the root directory of this software component.
  15:Core/Src/gpio.c ****   * If no LICENSE file comes with this software, it is provided AS-IS.
  16:Core/Src/gpio.c ****   *
  17:Core/Src/gpio.c ****   ******************************************************************************
  18:Core/Src/gpio.c ****   */
  19:Core/Src/gpio.c **** /* USER CODE END Header */
  20:Core/Src/gpio.c **** 
  21:Core/Src/gpio.c **** /* Includes ------------------------------------------------------------------*/
  22:Core/Src/gpio.c **** #include "gpio.h"
  23:Core/Src/gpio.c **** 
  24:Core/Src/gpio.c **** /* USER CODE BEGIN 0 */
  25:Core/Src/gpio.c **** 
  26:Core/Src/gpio.c **** /* USER CODE END 0 */
  27:Core/Src/gpio.c **** 
  28:Core/Src/gpio.c **** /*----------------------------------------------------------------------------*/
  29:Core/Src/gpio.c **** /* Configure GPIO                                                             */
  30:Core/Src/gpio.c **** /*----------------------------------------------------------------------------*/
ARM GAS  C:\Users\purdu\AppData\Local\Temp\ccNmFYwe.s 			page 2


  31:Core/Src/gpio.c **** /* USER CODE BEGIN 1 */
  32:Core/Src/gpio.c **** 
  33:Core/Src/gpio.c **** /* USER CODE END 1 */
  34:Core/Src/gpio.c **** 
  35:Core/Src/gpio.c **** /** Configure pins as
  36:Core/Src/gpio.c ****         * Analog
  37:Core/Src/gpio.c ****         * Input
  38:Core/Src/gpio.c ****         * Output
  39:Core/Src/gpio.c ****         * EVENT_OUT
  40:Core/Src/gpio.c ****         * EXTI
  41:Core/Src/gpio.c **** */
  42:Core/Src/gpio.c **** void MX_GPIO_Init(void)
  43:Core/Src/gpio.c **** {
  29              		.loc 1 43 1 view -0
  30              		.cfi_startproc
  31              		@ args = 0, pretend = 0, frame = 48
  32              		@ frame_needed = 0, uses_anonymous_args = 0
  33 0000 30B5     		push	{r4, r5, lr}
  34              	.LCFI0:
  35              		.cfi_def_cfa_offset 12
  36              		.cfi_offset 4, -12
  37              		.cfi_offset 5, -8
  38              		.cfi_offset 14, -4
  39 0002 8DB0     		sub	sp, sp, #52
  40              	.LCFI1:
  41              		.cfi_def_cfa_offset 64
  44:Core/Src/gpio.c **** 
  45:Core/Src/gpio.c ****   GPIO_InitTypeDef GPIO_InitStruct = {0};
  42              		.loc 1 45 3 view .LVU1
  43              		.loc 1 45 20 is_stmt 0 view .LVU2
  44 0004 0024     		movs	r4, #0
  45 0006 0794     		str	r4, [sp, #28]
  46 0008 0894     		str	r4, [sp, #32]
  47 000a 0994     		str	r4, [sp, #36]
  48 000c 0A94     		str	r4, [sp, #40]
  49 000e 0B94     		str	r4, [sp, #44]
  46:Core/Src/gpio.c **** 
  47:Core/Src/gpio.c ****   /* GPIO Ports Clock Enable */
  48:Core/Src/gpio.c ****   __HAL_RCC_GPIOE_CLK_ENABLE();
  50              		.loc 1 48 3 is_stmt 1 view .LVU3
  51              	.LBB2:
  52              		.loc 1 48 3 view .LVU4
  53 0010 0094     		str	r4, [sp]
  54              		.loc 1 48 3 view .LVU5
  55 0012 2C4B     		ldr	r3, .L3
  56 0014 1A6B     		ldr	r2, [r3, #48]
  57 0016 42F01002 		orr	r2, r2, #16
  58 001a 1A63     		str	r2, [r3, #48]
  59              		.loc 1 48 3 view .LVU6
  60 001c 1A6B     		ldr	r2, [r3, #48]
  61 001e 02F01002 		and	r2, r2, #16
  62 0022 0092     		str	r2, [sp]
  63              		.loc 1 48 3 view .LVU7
  64 0024 009A     		ldr	r2, [sp]
  65              	.LBE2:
  66              		.loc 1 48 3 view .LVU8
  49:Core/Src/gpio.c ****   __HAL_RCC_GPIOB_CLK_ENABLE();
ARM GAS  C:\Users\purdu\AppData\Local\Temp\ccNmFYwe.s 			page 3


  67              		.loc 1 49 3 view .LVU9
  68              	.LBB3:
  69              		.loc 1 49 3 view .LVU10
  70 0026 0194     		str	r4, [sp, #4]
  71              		.loc 1 49 3 view .LVU11
  72 0028 1A6B     		ldr	r2, [r3, #48]
  73 002a 42F00202 		orr	r2, r2, #2
  74 002e 1A63     		str	r2, [r3, #48]
  75              		.loc 1 49 3 view .LVU12
  76 0030 1A6B     		ldr	r2, [r3, #48]
  77 0032 02F00202 		and	r2, r2, #2
  78 0036 0192     		str	r2, [sp, #4]
  79              		.loc 1 49 3 view .LVU13
  80 0038 019A     		ldr	r2, [sp, #4]
  81              	.LBE3:
  82              		.loc 1 49 3 view .LVU14
  50:Core/Src/gpio.c ****   __HAL_RCC_GPIOG_CLK_ENABLE();
  83              		.loc 1 50 3 view .LVU15
  84              	.LBB4:
  85              		.loc 1 50 3 view .LVU16
  86 003a 0294     		str	r4, [sp, #8]
  87              		.loc 1 50 3 view .LVU17
  88 003c 1A6B     		ldr	r2, [r3, #48]
  89 003e 42F04002 		orr	r2, r2, #64
  90 0042 1A63     		str	r2, [r3, #48]
  91              		.loc 1 50 3 view .LVU18
  92 0044 1A6B     		ldr	r2, [r3, #48]
  93 0046 02F04002 		and	r2, r2, #64
  94 004a 0292     		str	r2, [sp, #8]
  95              		.loc 1 50 3 view .LVU19
  96 004c 029A     		ldr	r2, [sp, #8]
  97              	.LBE4:
  98              		.loc 1 50 3 view .LVU20
  51:Core/Src/gpio.c ****   __HAL_RCC_GPIOA_CLK_ENABLE();
  99              		.loc 1 51 3 view .LVU21
 100              	.LBB5:
 101              		.loc 1 51 3 view .LVU22
 102 004e 0394     		str	r4, [sp, #12]
 103              		.loc 1 51 3 view .LVU23
 104 0050 1A6B     		ldr	r2, [r3, #48]
 105 0052 42F00102 		orr	r2, r2, #1
 106 0056 1A63     		str	r2, [r3, #48]
 107              		.loc 1 51 3 view .LVU24
 108 0058 1A6B     		ldr	r2, [r3, #48]
 109 005a 02F00102 		and	r2, r2, #1
 110 005e 0392     		str	r2, [sp, #12]
 111              		.loc 1 51 3 view .LVU25
 112 0060 039A     		ldr	r2, [sp, #12]
 113              	.LBE5:
 114              		.loc 1 51 3 view .LVU26
  52:Core/Src/gpio.c ****   __HAL_RCC_GPIOD_CLK_ENABLE();
 115              		.loc 1 52 3 view .LVU27
 116              	.LBB6:
 117              		.loc 1 52 3 view .LVU28
 118 0062 0494     		str	r4, [sp, #16]
 119              		.loc 1 52 3 view .LVU29
 120 0064 1A6B     		ldr	r2, [r3, #48]
ARM GAS  C:\Users\purdu\AppData\Local\Temp\ccNmFYwe.s 			page 4


 121 0066 42F00802 		orr	r2, r2, #8
 122 006a 1A63     		str	r2, [r3, #48]
 123              		.loc 1 52 3 view .LVU30
 124 006c 1A6B     		ldr	r2, [r3, #48]
 125 006e 02F00802 		and	r2, r2, #8
 126 0072 0492     		str	r2, [sp, #16]
 127              		.loc 1 52 3 view .LVU31
 128 0074 049A     		ldr	r2, [sp, #16]
 129              	.LBE6:
 130              		.loc 1 52 3 view .LVU32
  53:Core/Src/gpio.c ****   __HAL_RCC_GPIOF_CLK_ENABLE();
 131              		.loc 1 53 3 view .LVU33
 132              	.LBB7:
 133              		.loc 1 53 3 view .LVU34
 134 0076 0594     		str	r4, [sp, #20]
 135              		.loc 1 53 3 view .LVU35
 136 0078 1A6B     		ldr	r2, [r3, #48]
 137 007a 42F02002 		orr	r2, r2, #32
 138 007e 1A63     		str	r2, [r3, #48]
 139              		.loc 1 53 3 view .LVU36
 140 0080 1A6B     		ldr	r2, [r3, #48]
 141 0082 02F02002 		and	r2, r2, #32
 142 0086 0592     		str	r2, [sp, #20]
 143              		.loc 1 53 3 view .LVU37
 144 0088 059A     		ldr	r2, [sp, #20]
 145              	.LBE7:
 146              		.loc 1 53 3 view .LVU38
  54:Core/Src/gpio.c ****   __HAL_RCC_GPIOH_CLK_ENABLE();
 147              		.loc 1 54 3 view .LVU39
 148              	.LBB8:
 149              		.loc 1 54 3 view .LVU40
 150 008a 0694     		str	r4, [sp, #24]
 151              		.loc 1 54 3 view .LVU41
 152 008c 1A6B     		ldr	r2, [r3, #48]
 153 008e 42F08002 		orr	r2, r2, #128
 154 0092 1A63     		str	r2, [r3, #48]
 155              		.loc 1 54 3 view .LVU42
 156 0094 1B6B     		ldr	r3, [r3, #48]
 157 0096 03F08003 		and	r3, r3, #128
 158 009a 0693     		str	r3, [sp, #24]
 159              		.loc 1 54 3 view .LVU43
 160 009c 069B     		ldr	r3, [sp, #24]
 161              	.LBE8:
 162              		.loc 1 54 3 view .LVU44
  55:Core/Src/gpio.c **** 
  56:Core/Src/gpio.c ****   /*Configure GPIO pin Output Level */
  57:Core/Src/gpio.c ****   HAL_GPIO_WritePin(SPI_NSS_GPIO_Port, SPI_NSS_Pin, GPIO_PIN_RESET);
 163              		.loc 1 57 3 view .LVU45
 164 009e 0A4D     		ldr	r5, .L3+4
 165 00a0 2246     		mov	r2, r4
 166 00a2 4021     		movs	r1, #64
 167 00a4 2846     		mov	r0, r5
 168 00a6 FFF7FEFF 		bl	HAL_GPIO_WritePin
 169              	.LVL0:
  58:Core/Src/gpio.c **** 
  59:Core/Src/gpio.c ****   /*Configure GPIO pin : PtPin */
  60:Core/Src/gpio.c ****   GPIO_InitStruct.Pin = SPI_NSS_Pin;
ARM GAS  C:\Users\purdu\AppData\Local\Temp\ccNmFYwe.s 			page 5


 170              		.loc 1 60 3 view .LVU46
 171              		.loc 1 60 23 is_stmt 0 view .LVU47
 172 00aa 4023     		movs	r3, #64
 173 00ac 0793     		str	r3, [sp, #28]
  61:Core/Src/gpio.c ****   GPIO_InitStruct.Mode = GPIO_MODE_OUTPUT_PP;
 174              		.loc 1 61 3 is_stmt 1 view .LVU48
 175              		.loc 1 61 24 is_stmt 0 view .LVU49
 176 00ae 0123     		movs	r3, #1
 177 00b0 0893     		str	r3, [sp, #32]
  62:Core/Src/gpio.c ****   GPIO_InitStruct.Pull = GPIO_NOPULL;
 178              		.loc 1 62 3 is_stmt 1 view .LVU50
 179              		.loc 1 62 24 is_stmt 0 view .LVU51
 180 00b2 0994     		str	r4, [sp, #36]
  63:Core/Src/gpio.c ****   GPIO_InitStruct.Speed = GPIO_SPEED_FREQ_LOW;
 181              		.loc 1 63 3 is_stmt 1 view .LVU52
 182              		.loc 1 63 25 is_stmt 0 view .LVU53
 183 00b4 0A94     		str	r4, [sp, #40]
  64:Core/Src/gpio.c ****   HAL_GPIO_Init(SPI_NSS_GPIO_Port, &GPIO_InitStruct);
 184              		.loc 1 64 3 is_stmt 1 view .LVU54
 185 00b6 07A9     		add	r1, sp, #28
 186 00b8 2846     		mov	r0, r5
 187 00ba FFF7FEFF 		bl	HAL_GPIO_Init
 188              	.LVL1:
  65:Core/Src/gpio.c **** 
  66:Core/Src/gpio.c **** }
 189              		.loc 1 66 1 is_stmt 0 view .LVU55
 190 00be 0DB0     		add	sp, sp, #52
 191              	.LCFI2:
 192              		.cfi_def_cfa_offset 12
 193              		@ sp needed
 194 00c0 30BD     		pop	{r4, r5, pc}
 195              	.L4:
 196 00c2 00BF     		.align	2
 197              	.L3:
 198 00c4 00380240 		.word	1073887232
 199 00c8 00140240 		.word	1073878016
 200              		.cfi_endproc
 201              	.LFE130:
 203              		.text
 204              	.Letext0:
 205              		.file 2 "c:\\msys64\\mingw64\\arm-none-eabi\\include\\machine\\_default_types.h"
 206              		.file 3 "c:\\msys64\\mingw64\\arm-none-eabi\\include\\sys\\_stdint.h"
 207              		.file 4 "Drivers/CMSIS/Device/ST/STM32F4xx/Include/stm32f427xx.h"
 208              		.file 5 "Drivers/STM32F4xx_HAL_Driver/Inc/stm32f4xx_hal_gpio.h"
ARM GAS  C:\Users\purdu\AppData\Local\Temp\ccNmFYwe.s 			page 6


DEFINED SYMBOLS
                            *ABS*:00000000 gpio.c
C:\Users\purdu\AppData\Local\Temp\ccNmFYwe.s:21     .text.MX_GPIO_Init:00000000 $t
C:\Users\purdu\AppData\Local\Temp\ccNmFYwe.s:27     .text.MX_GPIO_Init:00000000 MX_GPIO_Init
C:\Users\purdu\AppData\Local\Temp\ccNmFYwe.s:198    .text.MX_GPIO_Init:000000c4 $d

UNDEFINED SYMBOLS
HAL_GPIO_WritePin
HAL_GPIO_Init
