ARM GAS  C:\Users\purdu\AppData\Local\Temp\ccHCSwyP.s 			page 1


   1              		.cpu cortex-m4
   2              		.arch armv7e-m
   3              		.fpu fpv4-sp-d16
   4              		.eabi_attribute 27, 1
   5              		.eabi_attribute 28, 1
   6              		.eabi_attribute 20, 1
   7              		.eabi_attribute 21, 1
   8              		.eabi_attribute 23, 3
   9              		.eabi_attribute 24, 1
  10              		.eabi_attribute 25, 1
  11              		.eabi_attribute 26, 1
  12              		.eabi_attribute 30, 1
  13              		.eabi_attribute 34, 1
  14              		.eabi_attribute 18, 4
  15              		.file	"i2c.c"
  16              		.text
  17              	.Ltext0:
  18              		.cfi_sections	.debug_frame
  19              		.file 1 "Core/Src/i2c.c"
  20              		.section	.text.MX_I2C2_Init,"ax",%progbits
  21              		.align	1
  22              		.global	MX_I2C2_Init
  23              		.syntax unified
  24              		.thumb
  25              		.thumb_func
  27              	MX_I2C2_Init:
  28              	.LFB130:
   1:Core/Src/i2c.c **** /* USER CODE BEGIN Header */
   2:Core/Src/i2c.c **** /**
   3:Core/Src/i2c.c ****   ******************************************************************************
   4:Core/Src/i2c.c ****   * @file    i2c.c
   5:Core/Src/i2c.c ****   * @brief   This file provides code for the configuration
   6:Core/Src/i2c.c ****   *          of the I2C instances.
   7:Core/Src/i2c.c ****   ******************************************************************************
   8:Core/Src/i2c.c ****   * @attention
   9:Core/Src/i2c.c ****   *
  10:Core/Src/i2c.c ****   * Copyright (c) 2022 STMicroelectronics.
  11:Core/Src/i2c.c ****   * All rights reserved.
  12:Core/Src/i2c.c ****   *
  13:Core/Src/i2c.c ****   * This software is licensed under terms that can be found in the LICENSE file
  14:Core/Src/i2c.c ****   * in the root directory of this software component.
  15:Core/Src/i2c.c ****   * If no LICENSE file comes with this software, it is provided AS-IS.
  16:Core/Src/i2c.c ****   *
  17:Core/Src/i2c.c ****   ******************************************************************************
  18:Core/Src/i2c.c ****   */
  19:Core/Src/i2c.c **** /* USER CODE END Header */
  20:Core/Src/i2c.c **** /* Includes ------------------------------------------------------------------*/
  21:Core/Src/i2c.c **** #include "i2c.h"
  22:Core/Src/i2c.c **** 
  23:Core/Src/i2c.c **** /* USER CODE BEGIN 0 */
  24:Core/Src/i2c.c **** 
  25:Core/Src/i2c.c **** /* USER CODE END 0 */
  26:Core/Src/i2c.c **** 
  27:Core/Src/i2c.c **** I2C_HandleTypeDef hi2c2;
  28:Core/Src/i2c.c **** 
  29:Core/Src/i2c.c **** /* I2C2 init function */
  30:Core/Src/i2c.c **** void MX_I2C2_Init(void)
ARM GAS  C:\Users\purdu\AppData\Local\Temp\ccHCSwyP.s 			page 2


  31:Core/Src/i2c.c **** {
  29              		.loc 1 31 1 view -0
  30              		.cfi_startproc
  31              		@ args = 0, pretend = 0, frame = 0
  32              		@ frame_needed = 0, uses_anonymous_args = 0
  33 0000 08B5     		push	{r3, lr}
  34              	.LCFI0:
  35              		.cfi_def_cfa_offset 8
  36              		.cfi_offset 3, -8
  37              		.cfi_offset 14, -4
  32:Core/Src/i2c.c **** 
  33:Core/Src/i2c.c ****   /* USER CODE BEGIN I2C2_Init 0 */
  34:Core/Src/i2c.c **** 
  35:Core/Src/i2c.c ****   /* USER CODE END I2C2_Init 0 */
  36:Core/Src/i2c.c **** 
  37:Core/Src/i2c.c ****   /* USER CODE BEGIN I2C2_Init 1 */
  38:Core/Src/i2c.c **** 
  39:Core/Src/i2c.c ****   /* USER CODE END I2C2_Init 1 */
  40:Core/Src/i2c.c ****   hi2c2.Instance = I2C2;
  38              		.loc 1 40 3 view .LVU1
  39              		.loc 1 40 18 is_stmt 0 view .LVU2
  40 0002 1348     		ldr	r0, .L9
  41 0004 134B     		ldr	r3, .L9+4
  42 0006 0360     		str	r3, [r0]
  41:Core/Src/i2c.c ****   hi2c2.Init.ClockSpeed = 100000;
  43              		.loc 1 41 3 is_stmt 1 view .LVU3
  44              		.loc 1 41 25 is_stmt 0 view .LVU4
  45 0008 134B     		ldr	r3, .L9+8
  46 000a 4360     		str	r3, [r0, #4]
  42:Core/Src/i2c.c ****   hi2c2.Init.DutyCycle = I2C_DUTYCYCLE_2;
  47              		.loc 1 42 3 is_stmt 1 view .LVU5
  48              		.loc 1 42 24 is_stmt 0 view .LVU6
  49 000c 0023     		movs	r3, #0
  50 000e 8360     		str	r3, [r0, #8]
  43:Core/Src/i2c.c ****   hi2c2.Init.OwnAddress1 = 0;
  51              		.loc 1 43 3 is_stmt 1 view .LVU7
  52              		.loc 1 43 26 is_stmt 0 view .LVU8
  53 0010 C360     		str	r3, [r0, #12]
  44:Core/Src/i2c.c ****   hi2c2.Init.AddressingMode = I2C_ADDRESSINGMODE_7BIT;
  54              		.loc 1 44 3 is_stmt 1 view .LVU9
  55              		.loc 1 44 29 is_stmt 0 view .LVU10
  56 0012 4FF48042 		mov	r2, #16384
  57 0016 0261     		str	r2, [r0, #16]
  45:Core/Src/i2c.c ****   hi2c2.Init.DualAddressMode = I2C_DUALADDRESS_DISABLE;
  58              		.loc 1 45 3 is_stmt 1 view .LVU11
  59              		.loc 1 45 30 is_stmt 0 view .LVU12
  60 0018 4361     		str	r3, [r0, #20]
  46:Core/Src/i2c.c ****   hi2c2.Init.OwnAddress2 = 0;
  61              		.loc 1 46 3 is_stmt 1 view .LVU13
  62              		.loc 1 46 26 is_stmt 0 view .LVU14
  63 001a 8361     		str	r3, [r0, #24]
  47:Core/Src/i2c.c ****   hi2c2.Init.GeneralCallMode = I2C_GENERALCALL_DISABLE;
  64              		.loc 1 47 3 is_stmt 1 view .LVU15
  65              		.loc 1 47 30 is_stmt 0 view .LVU16
  66 001c C361     		str	r3, [r0, #28]
  48:Core/Src/i2c.c ****   hi2c2.Init.NoStretchMode = I2C_NOSTRETCH_DISABLE;
  67              		.loc 1 48 3 is_stmt 1 view .LVU17
ARM GAS  C:\Users\purdu\AppData\Local\Temp\ccHCSwyP.s 			page 3


  68              		.loc 1 48 28 is_stmt 0 view .LVU18
  69 001e 0362     		str	r3, [r0, #32]
  49:Core/Src/i2c.c ****   if (HAL_I2C_Init(&hi2c2) != HAL_OK)
  70              		.loc 1 49 3 is_stmt 1 view .LVU19
  71              		.loc 1 49 7 is_stmt 0 view .LVU20
  72 0020 FFF7FEFF 		bl	HAL_I2C_Init
  73              	.LVL0:
  74              		.loc 1 49 6 view .LVU21
  75 0024 50B9     		cbnz	r0, .L6
  76              	.L2:
  50:Core/Src/i2c.c ****   {
  51:Core/Src/i2c.c ****     Error_Handler();
  52:Core/Src/i2c.c ****   }
  53:Core/Src/i2c.c **** 
  54:Core/Src/i2c.c ****   /** Configure Analogue filter
  55:Core/Src/i2c.c ****   */
  56:Core/Src/i2c.c ****   if (HAL_I2CEx_ConfigAnalogFilter(&hi2c2, I2C_ANALOGFILTER_DISABLE) != HAL_OK)
  77              		.loc 1 56 3 is_stmt 1 view .LVU22
  78              		.loc 1 56 7 is_stmt 0 view .LVU23
  79 0026 1021     		movs	r1, #16
  80 0028 0948     		ldr	r0, .L9
  81 002a FFF7FEFF 		bl	HAL_I2CEx_ConfigAnalogFilter
  82              	.LVL1:
  83              		.loc 1 56 6 view .LVU24
  84 002e 40B9     		cbnz	r0, .L7
  85              	.L3:
  57:Core/Src/i2c.c ****   {
  58:Core/Src/i2c.c ****     Error_Handler();
  59:Core/Src/i2c.c ****   }
  60:Core/Src/i2c.c **** 
  61:Core/Src/i2c.c ****   /** Configure Digital filter
  62:Core/Src/i2c.c ****   */
  63:Core/Src/i2c.c ****   if (HAL_I2CEx_ConfigDigitalFilter(&hi2c2, 0) != HAL_OK)
  86              		.loc 1 63 3 is_stmt 1 view .LVU25
  87              		.loc 1 63 7 is_stmt 0 view .LVU26
  88 0030 0021     		movs	r1, #0
  89 0032 0748     		ldr	r0, .L9
  90 0034 FFF7FEFF 		bl	HAL_I2CEx_ConfigDigitalFilter
  91              	.LVL2:
  92              		.loc 1 63 6 view .LVU27
  93 0038 30B9     		cbnz	r0, .L8
  94              	.L1:
  64:Core/Src/i2c.c ****   {
  65:Core/Src/i2c.c ****     Error_Handler();
  66:Core/Src/i2c.c ****   }
  67:Core/Src/i2c.c ****   /* USER CODE BEGIN I2C2_Init 2 */
  68:Core/Src/i2c.c **** 
  69:Core/Src/i2c.c ****   /* USER CODE END I2C2_Init 2 */
  70:Core/Src/i2c.c **** 
  71:Core/Src/i2c.c **** }
  95              		.loc 1 71 1 view .LVU28
  96 003a 08BD     		pop	{r3, pc}
  97              	.L6:
  51:Core/Src/i2c.c ****   }
  98              		.loc 1 51 5 is_stmt 1 view .LVU29
  99 003c FFF7FEFF 		bl	Error_Handler
 100              	.LVL3:
ARM GAS  C:\Users\purdu\AppData\Local\Temp\ccHCSwyP.s 			page 4


 101 0040 F1E7     		b	.L2
 102              	.L7:
  58:Core/Src/i2c.c ****   }
 103              		.loc 1 58 5 view .LVU30
 104 0042 FFF7FEFF 		bl	Error_Handler
 105              	.LVL4:
 106 0046 F3E7     		b	.L3
 107              	.L8:
  65:Core/Src/i2c.c ****   }
 108              		.loc 1 65 5 view .LVU31
 109 0048 FFF7FEFF 		bl	Error_Handler
 110              	.LVL5:
 111              		.loc 1 71 1 is_stmt 0 view .LVU32
 112 004c F5E7     		b	.L1
 113              	.L10:
 114 004e 00BF     		.align	2
 115              	.L9:
 116 0050 00000000 		.word	hi2c2
 117 0054 00580040 		.word	1073764352
 118 0058 A0860100 		.word	100000
 119              		.cfi_endproc
 120              	.LFE130:
 122              		.section	.text.HAL_I2C_MspInit,"ax",%progbits
 123              		.align	1
 124              		.global	HAL_I2C_MspInit
 125              		.syntax unified
 126              		.thumb
 127              		.thumb_func
 129              	HAL_I2C_MspInit:
 130              	.LVL6:
 131              	.LFB131:
  72:Core/Src/i2c.c **** 
  73:Core/Src/i2c.c **** void HAL_I2C_MspInit(I2C_HandleTypeDef* i2cHandle)
  74:Core/Src/i2c.c **** {
 132              		.loc 1 74 1 is_stmt 1 view -0
 133              		.cfi_startproc
 134              		@ args = 0, pretend = 0, frame = 32
 135              		@ frame_needed = 0, uses_anonymous_args = 0
 136              		.loc 1 74 1 is_stmt 0 view .LVU34
 137 0000 30B5     		push	{r4, r5, lr}
 138              	.LCFI1:
 139              		.cfi_def_cfa_offset 12
 140              		.cfi_offset 4, -12
 141              		.cfi_offset 5, -8
 142              		.cfi_offset 14, -4
 143 0002 89B0     		sub	sp, sp, #36
 144              	.LCFI2:
 145              		.cfi_def_cfa_offset 48
  75:Core/Src/i2c.c **** 
  76:Core/Src/i2c.c ****   GPIO_InitTypeDef GPIO_InitStruct = {0};
 146              		.loc 1 76 3 is_stmt 1 view .LVU35
 147              		.loc 1 76 20 is_stmt 0 view .LVU36
 148 0004 0023     		movs	r3, #0
 149 0006 0393     		str	r3, [sp, #12]
 150 0008 0493     		str	r3, [sp, #16]
 151 000a 0593     		str	r3, [sp, #20]
 152 000c 0693     		str	r3, [sp, #24]
ARM GAS  C:\Users\purdu\AppData\Local\Temp\ccHCSwyP.s 			page 5


 153 000e 0793     		str	r3, [sp, #28]
  77:Core/Src/i2c.c ****   if(i2cHandle->Instance==I2C2)
 154              		.loc 1 77 3 is_stmt 1 view .LVU37
 155              		.loc 1 77 15 is_stmt 0 view .LVU38
 156 0010 0268     		ldr	r2, [r0]
 157              		.loc 1 77 5 view .LVU39
 158 0012 144B     		ldr	r3, .L15
 159 0014 9A42     		cmp	r2, r3
 160 0016 01D0     		beq	.L14
 161              	.LVL7:
 162              	.L11:
  78:Core/Src/i2c.c ****   {
  79:Core/Src/i2c.c ****   /* USER CODE BEGIN I2C2_MspInit 0 */
  80:Core/Src/i2c.c **** 
  81:Core/Src/i2c.c ****   /* USER CODE END I2C2_MspInit 0 */
  82:Core/Src/i2c.c **** 
  83:Core/Src/i2c.c ****     __HAL_RCC_GPIOF_CLK_ENABLE();
  84:Core/Src/i2c.c ****     /**I2C2 GPIO Configuration
  85:Core/Src/i2c.c ****     PF0     ------> I2C2_SDA
  86:Core/Src/i2c.c ****     PF1     ------> I2C2_SCL
  87:Core/Src/i2c.c ****     */
  88:Core/Src/i2c.c ****     GPIO_InitStruct.Pin = GPIO_PIN_0|GPIO_PIN_1;
  89:Core/Src/i2c.c ****     GPIO_InitStruct.Mode = GPIO_MODE_AF_OD;
  90:Core/Src/i2c.c ****     GPIO_InitStruct.Pull = GPIO_PULLUP;
  91:Core/Src/i2c.c ****     GPIO_InitStruct.Speed = GPIO_SPEED_FREQ_VERY_HIGH;
  92:Core/Src/i2c.c ****     GPIO_InitStruct.Alternate = GPIO_AF4_I2C2;
  93:Core/Src/i2c.c ****     HAL_GPIO_Init(GPIOF, &GPIO_InitStruct);
  94:Core/Src/i2c.c **** 
  95:Core/Src/i2c.c ****     /* I2C2 clock enable */
  96:Core/Src/i2c.c ****     __HAL_RCC_I2C2_CLK_ENABLE();
  97:Core/Src/i2c.c ****   /* USER CODE BEGIN I2C2_MspInit 1 */
  98:Core/Src/i2c.c **** 
  99:Core/Src/i2c.c ****   /* USER CODE END I2C2_MspInit 1 */
 100:Core/Src/i2c.c ****   }
 101:Core/Src/i2c.c **** }
 163              		.loc 1 101 1 view .LVU40
 164 0018 09B0     		add	sp, sp, #36
 165              	.LCFI3:
 166              		.cfi_remember_state
 167              		.cfi_def_cfa_offset 12
 168              		@ sp needed
 169 001a 30BD     		pop	{r4, r5, pc}
 170              	.LVL8:
 171              	.L14:
 172              	.LCFI4:
 173              		.cfi_restore_state
  83:Core/Src/i2c.c ****     /**I2C2 GPIO Configuration
 174              		.loc 1 83 5 is_stmt 1 view .LVU41
 175              	.LBB2:
  83:Core/Src/i2c.c ****     /**I2C2 GPIO Configuration
 176              		.loc 1 83 5 view .LVU42
 177 001c 0025     		movs	r5, #0
 178 001e 0195     		str	r5, [sp, #4]
  83:Core/Src/i2c.c ****     /**I2C2 GPIO Configuration
 179              		.loc 1 83 5 view .LVU43
 180 0020 114C     		ldr	r4, .L15+4
 181 0022 236B     		ldr	r3, [r4, #48]
ARM GAS  C:\Users\purdu\AppData\Local\Temp\ccHCSwyP.s 			page 6


 182 0024 43F02003 		orr	r3, r3, #32
 183 0028 2363     		str	r3, [r4, #48]
  83:Core/Src/i2c.c ****     /**I2C2 GPIO Configuration
 184              		.loc 1 83 5 view .LVU44
 185 002a 236B     		ldr	r3, [r4, #48]
 186 002c 03F02003 		and	r3, r3, #32
 187 0030 0193     		str	r3, [sp, #4]
  83:Core/Src/i2c.c ****     /**I2C2 GPIO Configuration
 188              		.loc 1 83 5 view .LVU45
 189 0032 019B     		ldr	r3, [sp, #4]
 190              	.LBE2:
  83:Core/Src/i2c.c ****     /**I2C2 GPIO Configuration
 191              		.loc 1 83 5 view .LVU46
  88:Core/Src/i2c.c ****     GPIO_InitStruct.Mode = GPIO_MODE_AF_OD;
 192              		.loc 1 88 5 view .LVU47
  88:Core/Src/i2c.c ****     GPIO_InitStruct.Mode = GPIO_MODE_AF_OD;
 193              		.loc 1 88 25 is_stmt 0 view .LVU48
 194 0034 0323     		movs	r3, #3
 195 0036 0393     		str	r3, [sp, #12]
  89:Core/Src/i2c.c ****     GPIO_InitStruct.Pull = GPIO_PULLUP;
 196              		.loc 1 89 5 is_stmt 1 view .LVU49
  89:Core/Src/i2c.c ****     GPIO_InitStruct.Pull = GPIO_PULLUP;
 197              		.loc 1 89 26 is_stmt 0 view .LVU50
 198 0038 1222     		movs	r2, #18
 199 003a 0492     		str	r2, [sp, #16]
  90:Core/Src/i2c.c ****     GPIO_InitStruct.Speed = GPIO_SPEED_FREQ_VERY_HIGH;
 200              		.loc 1 90 5 is_stmt 1 view .LVU51
  90:Core/Src/i2c.c ****     GPIO_InitStruct.Speed = GPIO_SPEED_FREQ_VERY_HIGH;
 201              		.loc 1 90 26 is_stmt 0 view .LVU52
 202 003c 0122     		movs	r2, #1
 203 003e 0592     		str	r2, [sp, #20]
  91:Core/Src/i2c.c ****     GPIO_InitStruct.Alternate = GPIO_AF4_I2C2;
 204              		.loc 1 91 5 is_stmt 1 view .LVU53
  91:Core/Src/i2c.c ****     GPIO_InitStruct.Alternate = GPIO_AF4_I2C2;
 205              		.loc 1 91 27 is_stmt 0 view .LVU54
 206 0040 0693     		str	r3, [sp, #24]
  92:Core/Src/i2c.c ****     HAL_GPIO_Init(GPIOF, &GPIO_InitStruct);
 207              		.loc 1 92 5 is_stmt 1 view .LVU55
  92:Core/Src/i2c.c ****     HAL_GPIO_Init(GPIOF, &GPIO_InitStruct);
 208              		.loc 1 92 31 is_stmt 0 view .LVU56
 209 0042 0423     		movs	r3, #4
 210 0044 0793     		str	r3, [sp, #28]
  93:Core/Src/i2c.c **** 
 211              		.loc 1 93 5 is_stmt 1 view .LVU57
 212 0046 03A9     		add	r1, sp, #12
 213 0048 0848     		ldr	r0, .L15+8
 214              	.LVL9:
  93:Core/Src/i2c.c **** 
 215              		.loc 1 93 5 is_stmt 0 view .LVU58
 216 004a FFF7FEFF 		bl	HAL_GPIO_Init
 217              	.LVL10:
  96:Core/Src/i2c.c ****   /* USER CODE BEGIN I2C2_MspInit 1 */
 218              		.loc 1 96 5 is_stmt 1 view .LVU59
 219              	.LBB3:
  96:Core/Src/i2c.c ****   /* USER CODE BEGIN I2C2_MspInit 1 */
 220              		.loc 1 96 5 view .LVU60
 221 004e 0295     		str	r5, [sp, #8]
ARM GAS  C:\Users\purdu\AppData\Local\Temp\ccHCSwyP.s 			page 7


  96:Core/Src/i2c.c ****   /* USER CODE BEGIN I2C2_MspInit 1 */
 222              		.loc 1 96 5 view .LVU61
 223 0050 236C     		ldr	r3, [r4, #64]
 224 0052 43F48003 		orr	r3, r3, #4194304
 225 0056 2364     		str	r3, [r4, #64]
  96:Core/Src/i2c.c ****   /* USER CODE BEGIN I2C2_MspInit 1 */
 226              		.loc 1 96 5 view .LVU62
 227 0058 236C     		ldr	r3, [r4, #64]
 228 005a 03F48003 		and	r3, r3, #4194304
 229 005e 0293     		str	r3, [sp, #8]
  96:Core/Src/i2c.c ****   /* USER CODE BEGIN I2C2_MspInit 1 */
 230              		.loc 1 96 5 view .LVU63
 231 0060 029B     		ldr	r3, [sp, #8]
 232              	.LBE3:
  96:Core/Src/i2c.c ****   /* USER CODE BEGIN I2C2_MspInit 1 */
 233              		.loc 1 96 5 view .LVU64
 234              		.loc 1 101 1 is_stmt 0 view .LVU65
 235 0062 D9E7     		b	.L11
 236              	.L16:
 237              		.align	2
 238              	.L15:
 239 0064 00580040 		.word	1073764352
 240 0068 00380240 		.word	1073887232
 241 006c 00140240 		.word	1073878016
 242              		.cfi_endproc
 243              	.LFE131:
 245              		.section	.text.HAL_I2C_MspDeInit,"ax",%progbits
 246              		.align	1
 247              		.global	HAL_I2C_MspDeInit
 248              		.syntax unified
 249              		.thumb
 250              		.thumb_func
 252              	HAL_I2C_MspDeInit:
 253              	.LVL11:
 254              	.LFB132:
 102:Core/Src/i2c.c **** 
 103:Core/Src/i2c.c **** void HAL_I2C_MspDeInit(I2C_HandleTypeDef* i2cHandle)
 104:Core/Src/i2c.c **** {
 255              		.loc 1 104 1 is_stmt 1 view -0
 256              		.cfi_startproc
 257              		@ args = 0, pretend = 0, frame = 0
 258              		@ frame_needed = 0, uses_anonymous_args = 0
 105:Core/Src/i2c.c **** 
 106:Core/Src/i2c.c ****   if(i2cHandle->Instance==I2C2)
 259              		.loc 1 106 3 view .LVU67
 260              		.loc 1 106 15 is_stmt 0 view .LVU68
 261 0000 0268     		ldr	r2, [r0]
 262              		.loc 1 106 5 view .LVU69
 263 0002 0A4B     		ldr	r3, .L24
 264 0004 9A42     		cmp	r2, r3
 265 0006 00D0     		beq	.L23
 266 0008 7047     		bx	lr
 267              	.L23:
 104:Core/Src/i2c.c **** 
 268              		.loc 1 104 1 view .LVU70
 269 000a 10B5     		push	{r4, lr}
 270              	.LCFI5:
ARM GAS  C:\Users\purdu\AppData\Local\Temp\ccHCSwyP.s 			page 8


 271              		.cfi_def_cfa_offset 8
 272              		.cfi_offset 4, -8
 273              		.cfi_offset 14, -4
 107:Core/Src/i2c.c ****   {
 108:Core/Src/i2c.c ****   /* USER CODE BEGIN I2C2_MspDeInit 0 */
 109:Core/Src/i2c.c **** 
 110:Core/Src/i2c.c ****   /* USER CODE END I2C2_MspDeInit 0 */
 111:Core/Src/i2c.c ****     /* Peripheral clock disable */
 112:Core/Src/i2c.c ****     __HAL_RCC_I2C2_CLK_DISABLE();
 274              		.loc 1 112 5 is_stmt 1 view .LVU71
 275 000c 084A     		ldr	r2, .L24+4
 276 000e 136C     		ldr	r3, [r2, #64]
 277 0010 23F48003 		bic	r3, r3, #4194304
 278 0014 1364     		str	r3, [r2, #64]
 113:Core/Src/i2c.c **** 
 114:Core/Src/i2c.c ****     /**I2C2 GPIO Configuration
 115:Core/Src/i2c.c ****     PF0     ------> I2C2_SDA
 116:Core/Src/i2c.c ****     PF1     ------> I2C2_SCL
 117:Core/Src/i2c.c ****     */
 118:Core/Src/i2c.c ****     HAL_GPIO_DeInit(GPIOF, GPIO_PIN_0);
 279              		.loc 1 118 5 view .LVU72
 280 0016 074C     		ldr	r4, .L24+8
 281 0018 0121     		movs	r1, #1
 282 001a 2046     		mov	r0, r4
 283              	.LVL12:
 284              		.loc 1 118 5 is_stmt 0 view .LVU73
 285 001c FFF7FEFF 		bl	HAL_GPIO_DeInit
 286              	.LVL13:
 119:Core/Src/i2c.c **** 
 120:Core/Src/i2c.c ****     HAL_GPIO_DeInit(GPIOF, GPIO_PIN_1);
 287              		.loc 1 120 5 is_stmt 1 view .LVU74
 288 0020 0221     		movs	r1, #2
 289 0022 2046     		mov	r0, r4
 290 0024 FFF7FEFF 		bl	HAL_GPIO_DeInit
 291              	.LVL14:
 121:Core/Src/i2c.c **** 
 122:Core/Src/i2c.c ****   /* USER CODE BEGIN I2C2_MspDeInit 1 */
 123:Core/Src/i2c.c **** 
 124:Core/Src/i2c.c ****   /* USER CODE END I2C2_MspDeInit 1 */
 125:Core/Src/i2c.c ****   }
 126:Core/Src/i2c.c **** }
 292              		.loc 1 126 1 is_stmt 0 view .LVU75
 293 0028 10BD     		pop	{r4, pc}
 294              	.L25:
 295 002a 00BF     		.align	2
 296              	.L24:
 297 002c 00580040 		.word	1073764352
 298 0030 00380240 		.word	1073887232
 299 0034 00140240 		.word	1073878016
 300              		.cfi_endproc
 301              	.LFE132:
 303              		.global	hi2c2
 304              		.section	.bss.hi2c2,"aw",%nobits
 305              		.align	2
 308              	hi2c2:
 309 0000 00000000 		.space	84
 309      00000000 
ARM GAS  C:\Users\purdu\AppData\Local\Temp\ccHCSwyP.s 			page 9


 309      00000000 
 309      00000000 
 309      00000000 
 310              		.text
 311              	.Letext0:
 312              		.file 2 "c:\\msys64\\mingw64\\arm-none-eabi\\include\\machine\\_default_types.h"
 313              		.file 3 "c:\\msys64\\mingw64\\arm-none-eabi\\include\\sys\\_stdint.h"
 314              		.file 4 "Drivers/CMSIS/Device/ST/STM32F4xx/Include/stm32f427xx.h"
 315              		.file 5 "Drivers/STM32F4xx_HAL_Driver/Inc/stm32f4xx_hal_def.h"
 316              		.file 6 "Drivers/STM32F4xx_HAL_Driver/Inc/stm32f4xx_hal_gpio.h"
 317              		.file 7 "Drivers/STM32F4xx_HAL_Driver/Inc/stm32f4xx_hal_dma.h"
 318              		.file 8 "Drivers/STM32F4xx_HAL_Driver/Inc/stm32f4xx_hal_i2c.h"
 319              		.file 9 "Drivers/STM32F4xx_HAL_Driver/Inc/stm32f4xx_hal_i2c_ex.h"
 320              		.file 10 "Core/Inc/i2c.h"
 321              		.file 11 "Core/Inc/main.h"
ARM GAS  C:\Users\purdu\AppData\Local\Temp\ccHCSwyP.s 			page 10


DEFINED SYMBOLS
                            *ABS*:00000000 i2c.c
C:\Users\purdu\AppData\Local\Temp\ccHCSwyP.s:21     .text.MX_I2C2_Init:00000000 $t
C:\Users\purdu\AppData\Local\Temp\ccHCSwyP.s:27     .text.MX_I2C2_Init:00000000 MX_I2C2_Init
C:\Users\purdu\AppData\Local\Temp\ccHCSwyP.s:116    .text.MX_I2C2_Init:00000050 $d
C:\Users\purdu\AppData\Local\Temp\ccHCSwyP.s:308    .bss.hi2c2:00000000 hi2c2
C:\Users\purdu\AppData\Local\Temp\ccHCSwyP.s:123    .text.HAL_I2C_MspInit:00000000 $t
C:\Users\purdu\AppData\Local\Temp\ccHCSwyP.s:129    .text.HAL_I2C_MspInit:00000000 HAL_I2C_MspInit
C:\Users\purdu\AppData\Local\Temp\ccHCSwyP.s:239    .text.HAL_I2C_MspInit:00000064 $d
C:\Users\purdu\AppData\Local\Temp\ccHCSwyP.s:246    .text.HAL_I2C_MspDeInit:00000000 $t
C:\Users\purdu\AppData\Local\Temp\ccHCSwyP.s:252    .text.HAL_I2C_MspDeInit:00000000 HAL_I2C_MspDeInit
C:\Users\purdu\AppData\Local\Temp\ccHCSwyP.s:297    .text.HAL_I2C_MspDeInit:0000002c $d
C:\Users\purdu\AppData\Local\Temp\ccHCSwyP.s:305    .bss.hi2c2:00000000 $d

UNDEFINED SYMBOLS
HAL_I2C_Init
HAL_I2CEx_ConfigAnalogFilter
HAL_I2CEx_ConfigDigitalFilter
Error_Handler
HAL_GPIO_Init
HAL_GPIO_DeInit
