ARM GAS  C:\Users\purdu\AppData\Local\Temp\ccJ2CtND.s 			page 1


   1              		.cpu cortex-m4
   2              		.arch armv7e-m
   3              		.fpu fpv4-sp-d16
   4              		.eabi_attribute 27, 1
   5              		.eabi_attribute 28, 1
   6              		.eabi_attribute 20, 1
   7              		.eabi_attribute 21, 1
   8              		.eabi_attribute 23, 3
   9              		.eabi_attribute 24, 1
  10              		.eabi_attribute 25, 1
  11              		.eabi_attribute 26, 1
  12              		.eabi_attribute 30, 1
  13              		.eabi_attribute 34, 1
  14              		.eabi_attribute 18, 4
  15              		.file	"IMU_Temp_Control.c"
  16              		.text
  17              	.Ltext0:
  18              		.cfi_sections	.debug_frame
  19              		.file 1 "HigherLevelApps/HigherLevelApps.c/IMU_Temp_Control.c"
  20              		.section	.text.Board_A_IMU_Temp_Control,"ax",%progbits
  21              		.align	1
  22              		.global	Board_A_IMU_Temp_Control
  23              		.syntax unified
  24              		.thumb
  25              		.thumb_func
  27              	Board_A_IMU_Temp_Control:
  28              	.LFB163:
   1:HigherLevelApps/HigherLevelApps.c/IMU_Temp_Control.c **** /**
   2:HigherLevelApps/HigherLevelApps.c/IMU_Temp_Control.c ****  * @file IMU_Temp_Control.c
   3:HigherLevelApps/HigherLevelApps.c/IMU_Temp_Control.c ****  * @author Leo Liu
   4:HigherLevelApps/HigherLevelApps.c/IMU_Temp_Control.c ****  * @brief control the temperature of the IMU_Calculated_Data
   5:HigherLevelApps/HigherLevelApps.c/IMU_Temp_Control.c ****  * @version 1.0
   6:HigherLevelApps/HigherLevelApps.c/IMU_Temp_Control.c ****  * @date 2022-07-05
   7:HigherLevelApps/HigherLevelApps.c/IMU_Temp_Control.c ****  * 
   8:HigherLevelApps/HigherLevelApps.c/IMU_Temp_Control.c ****  * @copyright Copyright (c) 2022
   9:HigherLevelApps/HigherLevelApps.c/IMU_Temp_Control.c ****  * 
  10:HigherLevelApps/HigherLevelApps.c/IMU_Temp_Control.c ****  */
  11:HigherLevelApps/HigherLevelApps.c/IMU_Temp_Control.c ****  
  12:HigherLevelApps/HigherLevelApps.c/IMU_Temp_Control.c **** #include "IMU_Temp_Control.h"
  13:HigherLevelApps/HigherLevelApps.c/IMU_Temp_Control.c **** 
  14:HigherLevelApps/HigherLevelApps.c/IMU_Temp_Control.c **** void Board_A_IMU_Temp_Control_Init(void);
  15:HigherLevelApps/HigherLevelApps.c/IMU_Temp_Control.c **** void Board_A_IMU_Temp_Control(void);
  16:HigherLevelApps/HigherLevelApps.c/IMU_Temp_Control.c **** 
  17:HigherLevelApps/HigherLevelApps.c/IMU_Temp_Control.c **** IMU_Temp_Control_Func_t IMU_Temp_Control_Func = IMU_Temp_Control_Func_GroundInit;
  18:HigherLevelApps/HigherLevelApps.c/IMU_Temp_Control.c **** #undef IMU_Temp_Control_Func_GroundInit
  19:HigherLevelApps/HigherLevelApps.c/IMU_Temp_Control.c **** 
  20:HigherLevelApps/HigherLevelApps.c/IMU_Temp_Control.c **** //Start timer's pwm function
  21:HigherLevelApps/HigherLevelApps.c/IMU_Temp_Control.c **** void Board_A_IMU_Temp_Control_Init(void)
  22:HigherLevelApps/HigherLevelApps.c/IMU_Temp_Control.c **** {
  23:HigherLevelApps/HigherLevelApps.c/IMU_Temp_Control.c **** 	HAL_TIM_PWM_Start(&htim3, TIM_CHANNEL_2);
  24:HigherLevelApps/HigherLevelApps.c/IMU_Temp_Control.c **** }
  25:HigherLevelApps/HigherLevelApps.c/IMU_Temp_Control.c **** 
  26:HigherLevelApps/HigherLevelApps.c/IMU_Temp_Control.c **** void Board_A_IMU_Temp_Control(void)
  27:HigherLevelApps/HigherLevelApps.c/IMU_Temp_Control.c **** {
  29              		.loc 1 27 1 view -0
  30              		.cfi_startproc
  31              		@ args = 0, pretend = 0, frame = 0
ARM GAS  C:\Users\purdu\AppData\Local\Temp\ccJ2CtND.s 			page 2


  32              		@ frame_needed = 0, uses_anonymous_args = 0
  33              		@ link register save eliminated.
  28:HigherLevelApps/HigherLevelApps.c/IMU_Temp_Control.c **** 	if(Board_A_IMU.Export_Data.Temperature < MPU6500_MAX_TEMP)
  34              		.loc 1 28 2 view .LVU1
  35              		.loc 1 28 28 is_stmt 0 view .LVU2
  36 0000 0C4B     		ldr	r3, .L7
  37 0002 93ED1E7A 		vldr.32	s14, [r3, #120]
  38              		.loc 1 28 4 view .LVU3
  39 0006 DFED0C7A 		vldr.32	s15, .L7+4
  40 000a B4EEE77A 		vcmpe.f32	s14, s15
  41 000e F1EE10FA 		vmrs	APSR_nzcv, FPSCR
  42 0012 05D5     		bpl	.L6
  29:HigherLevelApps/HigherLevelApps.c/IMU_Temp_Control.c **** 	{
  30:HigherLevelApps/HigherLevelApps.c/IMU_Temp_Control.c **** 		__HAL_TIM_SetCompare(&htim3, TIM_CHANNEL_2, MPU6500_TEMP_MAX_PWM - 1); //Maximum pwm before tempe
  43              		.loc 1 30 3 is_stmt 1 view .LVU4
  44 0014 094B     		ldr	r3, .L7+8
  45 0016 1B68     		ldr	r3, [r3]
  46 0018 41F28732 		movw	r2, #4999
  47 001c 9A63     		str	r2, [r3, #56]
  48 001e 7047     		bx	lr
  49              	.L6:
  31:HigherLevelApps/HigherLevelApps.c/IMU_Temp_Control.c **** 	}
  32:HigherLevelApps/HigherLevelApps.c/IMU_Temp_Control.c **** 	else
  33:HigherLevelApps/HigherLevelApps.c/IMU_Temp_Control.c **** 	{
  34:HigherLevelApps/HigherLevelApps.c/IMU_Temp_Control.c **** 		Board_A_IMU.Temperature_Reached_Flag = 1;
  50              		.loc 1 34 3 view .LVU5
  51              		.loc 1 34 40 is_stmt 0 view .LVU6
  52 0020 044B     		ldr	r3, .L7
  53 0022 0122     		movs	r2, #1
  54 0024 83F88920 		strb	r2, [r3, #137]
  35:HigherLevelApps/HigherLevelApps.c/IMU_Temp_Control.c **** 		__HAL_TIM_SetCompare(&htim3, TIM_CHANNEL_2, 0);
  55              		.loc 1 35 3 is_stmt 1 view .LVU7
  56 0028 044B     		ldr	r3, .L7+8
  57 002a 1B68     		ldr	r3, [r3]
  58 002c 0022     		movs	r2, #0
  59 002e 9A63     		str	r2, [r3, #56]
  36:HigherLevelApps/HigherLevelApps.c/IMU_Temp_Control.c **** 	}
  37:HigherLevelApps/HigherLevelApps.c/IMU_Temp_Control.c **** }
  60              		.loc 1 37 1 is_stmt 0 view .LVU8
  61 0030 7047     		bx	lr
  62              	.L8:
  63 0032 00BF     		.align	2
  64              	.L7:
  65 0034 00000000 		.word	Board_A_IMU
  66 0038 00004842 		.word	1112014848
  67 003c 00000000 		.word	htim3
  68              		.cfi_endproc
  69              	.LFE163:
  71              		.section	.text.Board_A_IMU_Temp_Control_Init,"ax",%progbits
  72              		.align	1
  73              		.global	Board_A_IMU_Temp_Control_Init
  74              		.syntax unified
  75              		.thumb
  76              		.thumb_func
  78              	Board_A_IMU_Temp_Control_Init:
  79              	.LFB162:
  22:HigherLevelApps/HigherLevelApps.c/IMU_Temp_Control.c **** 	HAL_TIM_PWM_Start(&htim3, TIM_CHANNEL_2);
ARM GAS  C:\Users\purdu\AppData\Local\Temp\ccJ2CtND.s 			page 3


  80              		.loc 1 22 1 is_stmt 1 view -0
  81              		.cfi_startproc
  82              		@ args = 0, pretend = 0, frame = 0
  83              		@ frame_needed = 0, uses_anonymous_args = 0
  84 0000 08B5     		push	{r3, lr}
  85              	.LCFI0:
  86              		.cfi_def_cfa_offset 8
  87              		.cfi_offset 3, -8
  88              		.cfi_offset 14, -4
  23:HigherLevelApps/HigherLevelApps.c/IMU_Temp_Control.c **** }
  89              		.loc 1 23 2 view .LVU10
  90 0002 0421     		movs	r1, #4
  91 0004 0148     		ldr	r0, .L11
  92 0006 FFF7FEFF 		bl	HAL_TIM_PWM_Start
  93              	.LVL0:
  24:HigherLevelApps/HigherLevelApps.c/IMU_Temp_Control.c **** 
  94              		.loc 1 24 1 is_stmt 0 view .LVU11
  95 000a 08BD     		pop	{r3, pc}
  96              	.L12:
  97              		.align	2
  98              	.L11:
  99 000c 00000000 		.word	htim3
 100              		.cfi_endproc
 101              	.LFE162:
 103              		.global	IMU_Temp_Control_Func
 104              		.section	.data.IMU_Temp_Control_Func,"aw"
 105              		.align	2
 108              	IMU_Temp_Control_Func:
 109 0000 00000000 		.word	Board_A_IMU_Temp_Control_Init
 110 0004 00000000 		.word	Board_A_IMU_Temp_Control
 111              		.text
 112              	.Letext0:
 113              		.file 2 "c:\\msys64\\mingw64\\arm-none-eabi\\include\\machine\\_default_types.h"
 114              		.file 3 "c:\\msys64\\mingw64\\arm-none-eabi\\include\\sys\\_stdint.h"
 115              		.file 4 "Drivers/CMSIS/Device/ST/STM32F4xx/Include/stm32f427xx.h"
 116              		.file 5 "Drivers/STM32F4xx_HAL_Driver/Inc/stm32f4xx_hal_def.h"
 117              		.file 6 "Drivers/STM32F4xx_HAL_Driver/Inc/stm32f4xx_hal_dma.h"
 118              		.file 7 "Drivers/STM32F4xx_HAL_Driver/Inc/stm32f4xx_hal_tim.h"
 119              		.file 8 "Devices/Devices.h/Board_A_IMU.h"
 120              		.file 9 "Core/Inc/tim.h"
 121              		.file 10 "HigherLevelApps/HigherLevelApps.h/IMU_Temp_Control.h"
ARM GAS  C:\Users\purdu\AppData\Local\Temp\ccJ2CtND.s 			page 4


DEFINED SYMBOLS
                            *ABS*:00000000 IMU_Temp_Control.c
C:\Users\purdu\AppData\Local\Temp\ccJ2CtND.s:21     .text.Board_A_IMU_Temp_Control:00000000 $t
C:\Users\purdu\AppData\Local\Temp\ccJ2CtND.s:27     .text.Board_A_IMU_Temp_Control:00000000 Board_A_IMU_Temp_Control
C:\Users\purdu\AppData\Local\Temp\ccJ2CtND.s:65     .text.Board_A_IMU_Temp_Control:00000034 $d
C:\Users\purdu\AppData\Local\Temp\ccJ2CtND.s:72     .text.Board_A_IMU_Temp_Control_Init:00000000 $t
C:\Users\purdu\AppData\Local\Temp\ccJ2CtND.s:78     .text.Board_A_IMU_Temp_Control_Init:00000000 Board_A_IMU_Temp_Control_Init
C:\Users\purdu\AppData\Local\Temp\ccJ2CtND.s:99     .text.Board_A_IMU_Temp_Control_Init:0000000c $d
C:\Users\purdu\AppData\Local\Temp\ccJ2CtND.s:108    .data.IMU_Temp_Control_Func:00000000 IMU_Temp_Control_Func
C:\Users\purdu\AppData\Local\Temp\ccJ2CtND.s:105    .data.IMU_Temp_Control_Func:00000000 $d

UNDEFINED SYMBOLS
Board_A_IMU
htim3
HAL_TIM_PWM_Start
