ARM GAS  C:\Users\purdu\AppData\Local\Temp\ccKkLlWi.s 			page 1


   1              		.cpu cortex-m4
   2              		.arch armv7e-m
   3              		.fpu fpv4-sp-d16
   4              		.eabi_attribute 27, 1
   5              		.eabi_attribute 28, 1
   6              		.eabi_attribute 20, 1
   7              		.eabi_attribute 21, 1
   8              		.eabi_attribute 23, 3
   9              		.eabi_attribute 24, 1
  10              		.eabi_attribute 25, 1
  11              		.eabi_attribute 26, 1
  12              		.eabi_attribute 30, 1
  13              		.eabi_attribute 34, 1
  14              		.eabi_attribute 18, 4
  15              		.file	"PID.c"
  16              		.text
  17              	.Ltext0:
  18              		.cfi_sections	.debug_frame
  19              		.file 1 "Algorithms/Algorithms.c/PID.c"
  20              		.section	.text.Clear_PID_Data,"ax",%progbits
  21              		.align	1
  22              		.global	Clear_PID_Data
  23              		.syntax unified
  24              		.thumb
  25              		.thumb_func
  27              	Clear_PID_Data:
  28              	.LVL0:
  29              	.LFB164:
   1:Algorithms/Algorithms.c/PID.c **** /**
   2:Algorithms/Algorithms.c/PID.c ****  * @file PID.c
   3:Algorithms/Algorithms.c/PID.c ****  * @author Leo Liu
   4:Algorithms/Algorithms.c/PID.c ****  * @brief PID Algorithms
   5:Algorithms/Algorithms.c/PID.c ****  * @version 1.0
   6:Algorithms/Algorithms.c/PID.c ****  * @date 2022-07-09
   7:Algorithms/Algorithms.c/PID.c ****  * 
   8:Algorithms/Algorithms.c/PID.c ****  * @copyright Copyright (c) 2022
   9:Algorithms/Algorithms.c/PID.c ****  * 
  10:Algorithms/Algorithms.c/PID.c ****  */
  11:Algorithms/Algorithms.c/PID.c ****  
  12:Algorithms/Algorithms.c/PID.c **** #include "PID.h"
  13:Algorithms/Algorithms.c/PID.c **** 
  14:Algorithms/Algorithms.c/PID.c **** float Positional_PID(PID_t *PID, float Target_Value, float Measured_Value);
  15:Algorithms/Algorithms.c/PID.c **** float Incremental_PID(PID_t *PID, float Target_Value, float Measured_Value);
  16:Algorithms/Algorithms.c/PID.c **** void Clear_PID_Data(PID_t *PID);
  17:Algorithms/Algorithms.c/PID.c **** 
  18:Algorithms/Algorithms.c/PID.c **** //Initializing all the used PID parameters in the header file
  19:Algorithms/Algorithms.c/PID.c **** PID_t Fric_Wheel_PID = Fric_Wheel_PIDInit;
  20:Algorithms/Algorithms.c/PID.c **** #undef Fric_Wheel_PIDInit
  21:Algorithms/Algorithms.c/PID.c **** 
  22:Algorithms/Algorithms.c/PID.c **** PID_t Chassis_Angle_PID = Chassis_Angle_PIDInit;
  23:Algorithms/Algorithms.c/PID.c **** #undef Chassis_Angle_PIDInit
  24:Algorithms/Algorithms.c/PID.c **** 
  25:Algorithms/Algorithms.c/PID.c **** PID_t Chassis_Turning_PID = Chassis_Turning_PIDInit;
  26:Algorithms/Algorithms.c/PID.c **** #undef Chassis_Turning_PIDInit
  27:Algorithms/Algorithms.c/PID.c **** 
  28:Algorithms/Algorithms.c/PID.c **** PID_t Chassis_Speed_PID = Chassis_Speed_PIDInit;
  29:Algorithms/Algorithms.c/PID.c **** #undef Chassis_Speed_PIDInit
ARM GAS  C:\Users\purdu\AppData\Local\Temp\ccKkLlWi.s 			page 2


  30:Algorithms/Algorithms.c/PID.c **** 
  31:Algorithms/Algorithms.c/PID.c **** PID_t Chassis_Position_PID = Chassis_Position_PIDInit;
  32:Algorithms/Algorithms.c/PID.c **** #undef Chassis_Position_PIDInit
  33:Algorithms/Algorithms.c/PID.c **** 
  34:Algorithms/Algorithms.c/PID.c **** PID_t Yaw_Angle_PID = Yaw_Angle_PIDInit;
  35:Algorithms/Algorithms.c/PID.c **** #undef Yaw_Angle_PIDInit
  36:Algorithms/Algorithms.c/PID.c **** 
  37:Algorithms/Algorithms.c/PID.c **** PID_t Yaw_Speed_PID = Yaw_Speed_PIDInit;
  38:Algorithms/Algorithms.c/PID.c **** #undef Yaw_Speed_PIDInit
  39:Algorithms/Algorithms.c/PID.c **** 
  40:Algorithms/Algorithms.c/PID.c **** PID_t Pitch_Angle_PID = Pitch_Angle_PIDInit;
  41:Algorithms/Algorithms.c/PID.c **** #undef Pitch_Angle_PIDInit
  42:Algorithms/Algorithms.c/PID.c **** 
  43:Algorithms/Algorithms.c/PID.c **** PID_t Pitch_Speed_PID = Pitch_Speed_PIDInit;
  44:Algorithms/Algorithms.c/PID.c **** #undef Pitch_Speed_PIDInit
  45:Algorithms/Algorithms.c/PID.c **** 
  46:Algorithms/Algorithms.c/PID.c **** PID_t Trigger_Angle_PID = Trigger_Angle_PIDInit;
  47:Algorithms/Algorithms.c/PID.c **** #undef Trigger_Angle_PIDInit
  48:Algorithms/Algorithms.c/PID.c **** 
  49:Algorithms/Algorithms.c/PID.c **** PID_t Trigger_Speed_PID = Trigger_Speed_PIDInit;
  50:Algorithms/Algorithms.c/PID.c **** #undef Trigger_Speed_PIDInit
  51:Algorithms/Algorithms.c/PID.c **** 
  52:Algorithms/Algorithms.c/PID.c **** PID_Func_t PID_Func = PID_Func_GroundInit;
  53:Algorithms/Algorithms.c/PID.c **** #undef PID_Func_GroundInit
  54:Algorithms/Algorithms.c/PID.c **** 
  55:Algorithms/Algorithms.c/PID.c **** float Positional_PID(PID_t *PID, float Target_Value, float Measured_Value)
  56:Algorithms/Algorithms.c/PID.c **** {
  57:Algorithms/Algorithms.c/PID.c **** 	PID->Target_Value = Target_Value;
  58:Algorithms/Algorithms.c/PID.c **** 	PID->Measured_Value = Measured_Value;
  59:Algorithms/Algorithms.c/PID.c **** 	PID->Prev_Error = PID->Error;
  60:Algorithms/Algorithms.c/PID.c **** 	PID->Error = PID->Target_Value - PID->Measured_Value;
  61:Algorithms/Algorithms.c/PID.c **** 	
  62:Algorithms/Algorithms.c/PID.c **** 	PID->P_Out = PID->Kp * PID->Error;
  63:Algorithms/Algorithms.c/PID.c **** 	PID->I_Out += PID->Ki * PID->Error;
  64:Algorithms/Algorithms.c/PID.c **** 	PID->D_Out = PID->Kd * (PID->Error - PID->Prev_Error);
  65:Algorithms/Algorithms.c/PID.c **** 	
  66:Algorithms/Algorithms.c/PID.c **** 	PID->I_Out = VAL_LIMIT(PID->I_Out,PID->I_Out_Max,-PID->I_Out_Max);
  67:Algorithms/Algorithms.c/PID.c **** 	PID->Output = (PID->P_Out + PID->I_Out + PID->D_Out);
  68:Algorithms/Algorithms.c/PID.c **** 	PID->Output = VAL_LIMIT(PID->Output,PID->Output_Max,-PID->Output_Max);
  69:Algorithms/Algorithms.c/PID.c **** 	
  70:Algorithms/Algorithms.c/PID.c **** 	return PID->Output;
  71:Algorithms/Algorithms.c/PID.c **** }
  72:Algorithms/Algorithms.c/PID.c **** 
  73:Algorithms/Algorithms.c/PID.c **** float Incremental_PID(PID_t *PID, float Target_Value, float Measured_Value)
  74:Algorithms/Algorithms.c/PID.c **** {
  75:Algorithms/Algorithms.c/PID.c **** 	PID->Target_Value = Target_Value;
  76:Algorithms/Algorithms.c/PID.c **** 	PID->Measured_Value = Measured_Value;
  77:Algorithms/Algorithms.c/PID.c **** 	PID->Prev_Prev_Error = PID->Prev_Error;
  78:Algorithms/Algorithms.c/PID.c **** 	PID->Prev_Error = PID->Error;
  79:Algorithms/Algorithms.c/PID.c **** 	PID->Error = PID->Target_Value - PID->Measured_Value;
  80:Algorithms/Algorithms.c/PID.c **** 	
  81:Algorithms/Algorithms.c/PID.c **** 	PID->P_Out = PID->Kp * (PID->Error - PID->Prev_Error);
  82:Algorithms/Algorithms.c/PID.c **** 	PID->I_Out = PID->Ki * PID->Error;
  83:Algorithms/Algorithms.c/PID.c **** 	PID->D_Out = PID->Kd * (PID->Error - 2.0f * PID->Prev_Error + PID->Prev_Prev_Error);
  84:Algorithms/Algorithms.c/PID.c **** 	
  85:Algorithms/Algorithms.c/PID.c **** 	PID->I_Out = VAL_LIMIT(PID->I_Out,PID->I_Out_Max,-PID->I_Out_Max);
  86:Algorithms/Algorithms.c/PID.c **** 	PID->Output = (PID->P_Out + PID->I_Out + PID->D_Out);
ARM GAS  C:\Users\purdu\AppData\Local\Temp\ccKkLlWi.s 			page 3


  87:Algorithms/Algorithms.c/PID.c **** 	PID->Output = VAL_LIMIT(PID->Output,PID->Output_Max,-PID->I_Out_Max);
  88:Algorithms/Algorithms.c/PID.c **** 	
  89:Algorithms/Algorithms.c/PID.c **** 	return PID->Output;
  90:Algorithms/Algorithms.c/PID.c **** }
  91:Algorithms/Algorithms.c/PID.c **** 
  92:Algorithms/Algorithms.c/PID.c **** void Clear_PID_Data(PID_t *PID)
  93:Algorithms/Algorithms.c/PID.c **** {
  30              		.loc 1 93 1 view -0
  31              		.cfi_startproc
  32              		@ args = 0, pretend = 0, frame = 0
  33              		@ frame_needed = 0, uses_anonymous_args = 0
  34              		@ link register save eliminated.
  94:Algorithms/Algorithms.c/PID.c **** 	PID->Target_Value = 0;
  35              		.loc 1 94 2 view .LVU1
  36              		.loc 1 94 20 is_stmt 0 view .LVU2
  37 0000 0023     		movs	r3, #0
  38 0002 0360     		str	r3, [r0]	@ float
  95:Algorithms/Algorithms.c/PID.c **** 	PID->Measured_Value = 0;
  39              		.loc 1 95 2 is_stmt 1 view .LVU3
  40              		.loc 1 95 22 is_stmt 0 view .LVU4
  41 0004 4360     		str	r3, [r0, #4]	@ float
  96:Algorithms/Algorithms.c/PID.c **** 	
  97:Algorithms/Algorithms.c/PID.c **** 	PID->Prev_Prev_Error = 0;
  42              		.loc 1 97 2 is_stmt 1 view .LVU5
  43              		.loc 1 97 23 is_stmt 0 view .LVU6
  44 0006 0361     		str	r3, [r0, #16]	@ float
  98:Algorithms/Algorithms.c/PID.c **** 	PID->Prev_Error = 0;
  45              		.loc 1 98 2 is_stmt 1 view .LVU7
  46              		.loc 1 98 18 is_stmt 0 view .LVU8
  47 0008 C360     		str	r3, [r0, #12]	@ float
  99:Algorithms/Algorithms.c/PID.c **** 	PID->Error = 0;
  48              		.loc 1 99 2 is_stmt 1 view .LVU9
  49              		.loc 1 99 13 is_stmt 0 view .LVU10
  50 000a 8360     		str	r3, [r0, #8]	@ float
 100:Algorithms/Algorithms.c/PID.c **** 	
 101:Algorithms/Algorithms.c/PID.c **** 	PID->Kp = 0;
  51              		.loc 1 101 2 is_stmt 1 view .LVU11
  52              		.loc 1 101 10 is_stmt 0 view .LVU12
  53 000c 4361     		str	r3, [r0, #20]	@ float
 102:Algorithms/Algorithms.c/PID.c **** 	PID->Ki = 0;
  54              		.loc 1 102 2 is_stmt 1 view .LVU13
  55              		.loc 1 102 10 is_stmt 0 view .LVU14
  56 000e 8361     		str	r3, [r0, #24]	@ float
 103:Algorithms/Algorithms.c/PID.c **** 	PID->Kd = 0;
  57              		.loc 1 103 2 is_stmt 1 view .LVU15
  58              		.loc 1 103 10 is_stmt 0 view .LVU16
  59 0010 C361     		str	r3, [r0, #28]	@ float
 104:Algorithms/Algorithms.c/PID.c **** 	
 105:Algorithms/Algorithms.c/PID.c **** 	PID->P_Out = 0;
  60              		.loc 1 105 2 is_stmt 1 view .LVU17
  61              		.loc 1 105 13 is_stmt 0 view .LVU18
  62 0012 0362     		str	r3, [r0, #32]	@ float
 106:Algorithms/Algorithms.c/PID.c **** 	PID->I_Out = 0;
  63              		.loc 1 106 2 is_stmt 1 view .LVU19
  64              		.loc 1 106 13 is_stmt 0 view .LVU20
  65 0014 4362     		str	r3, [r0, #36]	@ float
 107:Algorithms/Algorithms.c/PID.c **** 	PID->D_Out = 0;
ARM GAS  C:\Users\purdu\AppData\Local\Temp\ccKkLlWi.s 			page 4


  66              		.loc 1 107 2 is_stmt 1 view .LVU21
  67              		.loc 1 107 13 is_stmt 0 view .LVU22
  68 0016 8362     		str	r3, [r0, #40]	@ float
 108:Algorithms/Algorithms.c/PID.c **** 	
 109:Algorithms/Algorithms.c/PID.c **** 	PID->I_Out_Max = 0;
  69              		.loc 1 109 2 is_stmt 1 view .LVU23
  70              		.loc 1 109 17 is_stmt 0 view .LVU24
  71 0018 4363     		str	r3, [r0, #52]	@ float
 110:Algorithms/Algorithms.c/PID.c **** 	PID->Output = 0;
  72              		.loc 1 110 2 is_stmt 1 view .LVU25
  73              		.loc 1 110 14 is_stmt 0 view .LVU26
  74 001a C362     		str	r3, [r0, #44]	@ float
 111:Algorithms/Algorithms.c/PID.c **** 	PID->Output_Max = 0;
  75              		.loc 1 111 2 is_stmt 1 view .LVU27
  76              		.loc 1 111 18 is_stmt 0 view .LVU28
  77 001c 0363     		str	r3, [r0, #48]	@ float
 112:Algorithms/Algorithms.c/PID.c **** }
  78              		.loc 1 112 1 view .LVU29
  79 001e 7047     		bx	lr
  80              		.cfi_endproc
  81              	.LFE164:
  83              		.section	.text.Positional_PID,"ax",%progbits
  84              		.align	1
  85              		.global	Positional_PID
  86              		.syntax unified
  87              		.thumb
  88              		.thumb_func
  90              	Positional_PID:
  91              	.LVL1:
  92              	.LFB162:
  56:Algorithms/Algorithms.c/PID.c **** 	PID->Target_Value = Target_Value;
  93              		.loc 1 56 1 is_stmt 1 view -0
  94              		.cfi_startproc
  95              		@ args = 0, pretend = 0, frame = 0
  96              		@ frame_needed = 0, uses_anonymous_args = 0
  56:Algorithms/Algorithms.c/PID.c **** 	PID->Target_Value = Target_Value;
  97              		.loc 1 56 1 is_stmt 0 view .LVU31
  98 0000 10B5     		push	{r4, lr}
  99              	.LCFI0:
 100              		.cfi_def_cfa_offset 8
 101              		.cfi_offset 4, -8
 102              		.cfi_offset 14, -4
 103 0002 0446     		mov	r4, r0
  57:Algorithms/Algorithms.c/PID.c **** 	PID->Measured_Value = Measured_Value;
 104              		.loc 1 57 2 is_stmt 1 view .LVU32
  57:Algorithms/Algorithms.c/PID.c **** 	PID->Measured_Value = Measured_Value;
 105              		.loc 1 57 20 is_stmt 0 view .LVU33
 106 0004 80ED000A 		vstr.32	s0, [r0]
  58:Algorithms/Algorithms.c/PID.c **** 	PID->Prev_Error = PID->Error;
 107              		.loc 1 58 2 is_stmt 1 view .LVU34
  58:Algorithms/Algorithms.c/PID.c **** 	PID->Prev_Error = PID->Error;
 108              		.loc 1 58 22 is_stmt 0 view .LVU35
 109 0008 C0ED010A 		vstr.32	s1, [r0, #4]
  59:Algorithms/Algorithms.c/PID.c **** 	PID->Error = PID->Target_Value - PID->Measured_Value;
 110              		.loc 1 59 2 is_stmt 1 view .LVU36
  59:Algorithms/Algorithms.c/PID.c **** 	PID->Error = PID->Target_Value - PID->Measured_Value;
 111              		.loc 1 59 23 is_stmt 0 view .LVU37
ARM GAS  C:\Users\purdu\AppData\Local\Temp\ccKkLlWi.s 			page 5


 112 000c 90ED027A 		vldr.32	s14, [r0, #8]
  59:Algorithms/Algorithms.c/PID.c **** 	PID->Error = PID->Target_Value - PID->Measured_Value;
 113              		.loc 1 59 18 view .LVU38
 114 0010 80ED037A 		vstr.32	s14, [r0, #12]
  60:Algorithms/Algorithms.c/PID.c **** 	
 115              		.loc 1 60 2 is_stmt 1 view .LVU39
  60:Algorithms/Algorithms.c/PID.c **** 	
 116              		.loc 1 60 33 is_stmt 0 view .LVU40
 117 0014 70EE600A 		vsub.f32	s1, s0, s1
 118              	.LVL2:
  60:Algorithms/Algorithms.c/PID.c **** 	
 119              		.loc 1 60 13 view .LVU41
 120 0018 C0ED020A 		vstr.32	s1, [r0, #8]
  62:Algorithms/Algorithms.c/PID.c **** 	PID->I_Out += PID->Ki * PID->Error;
 121              		.loc 1 62 2 is_stmt 1 view .LVU42
  62:Algorithms/Algorithms.c/PID.c **** 	PID->I_Out += PID->Ki * PID->Error;
 122              		.loc 1 62 18 is_stmt 0 view .LVU43
 123 001c D0ED057A 		vldr.32	s15, [r0, #20]
  62:Algorithms/Algorithms.c/PID.c **** 	PID->I_Out += PID->Ki * PID->Error;
 124              		.loc 1 62 23 view .LVU44
 125 0020 60EEA77A 		vmul.f32	s15, s1, s15
  62:Algorithms/Algorithms.c/PID.c **** 	PID->I_Out += PID->Ki * PID->Error;
 126              		.loc 1 62 13 view .LVU45
 127 0024 C0ED087A 		vstr.32	s15, [r0, #32]
  63:Algorithms/Algorithms.c/PID.c **** 	PID->D_Out = PID->Kd * (PID->Error - PID->Prev_Error);
 128              		.loc 1 63 2 is_stmt 1 view .LVU46
  63:Algorithms/Algorithms.c/PID.c **** 	PID->D_Out = PID->Kd * (PID->Error - PID->Prev_Error);
 129              		.loc 1 63 5 is_stmt 0 view .LVU47
 130 0028 90ED090A 		vldr.32	s0, [r0, #36]
 131              	.LVL3:
  63:Algorithms/Algorithms.c/PID.c **** 	PID->D_Out = PID->Kd * (PID->Error - PID->Prev_Error);
 132              		.loc 1 63 19 view .LVU48
 133 002c D0ED067A 		vldr.32	s15, [r0, #24]
  63:Algorithms/Algorithms.c/PID.c **** 	PID->D_Out = PID->Kd * (PID->Error - PID->Prev_Error);
 134              		.loc 1 63 24 view .LVU49
 135 0030 60EEA77A 		vmul.f32	s15, s1, s15
  63:Algorithms/Algorithms.c/PID.c **** 	PID->D_Out = PID->Kd * (PID->Error - PID->Prev_Error);
 136              		.loc 1 63 13 view .LVU50
 137 0034 30EE270A 		vadd.f32	s0, s0, s15
 138 0038 80ED090A 		vstr.32	s0, [r0, #36]
  64:Algorithms/Algorithms.c/PID.c **** 	
 139              		.loc 1 64 2 is_stmt 1 view .LVU51
  64:Algorithms/Algorithms.c/PID.c **** 	
 140              		.loc 1 64 18 is_stmt 0 view .LVU52
 141 003c D0ED077A 		vldr.32	s15, [r0, #28]
  64:Algorithms/Algorithms.c/PID.c **** 	
 142              		.loc 1 64 37 view .LVU53
 143 0040 70EEC70A 		vsub.f32	s1, s1, s14
  64:Algorithms/Algorithms.c/PID.c **** 	
 144              		.loc 1 64 23 view .LVU54
 145 0044 67EEA07A 		vmul.f32	s15, s15, s1
  64:Algorithms/Algorithms.c/PID.c **** 	
 146              		.loc 1 64 13 view .LVU55
 147 0048 C0ED0A7A 		vstr.32	s15, [r0, #40]
  66:Algorithms/Algorithms.c/PID.c **** 	PID->Output = (PID->P_Out + PID->I_Out + PID->D_Out);
 148              		.loc 1 66 2 is_stmt 1 view .LVU56
  66:Algorithms/Algorithms.c/PID.c **** 	PID->Output = (PID->P_Out + PID->I_Out + PID->D_Out);
ARM GAS  C:\Users\purdu\AppData\Local\Temp\ccKkLlWi.s 			page 6


 149              		.loc 1 66 15 is_stmt 0 view .LVU57
 150 004c D0ED0D0A 		vldr.32	s1, [r0, #52]
 151 0050 B1EE601A 		vneg.f32	s2, s1
 152 0054 FFF7FEFF 		bl	VAL_LIMIT
 153              	.LVL4:
  66:Algorithms/Algorithms.c/PID.c **** 	PID->Output = (PID->P_Out + PID->I_Out + PID->D_Out);
 154              		.loc 1 66 13 view .LVU58
 155 0058 84ED090A 		vstr.32	s0, [r4, #36]
  67:Algorithms/Algorithms.c/PID.c **** 	PID->Output = VAL_LIMIT(PID->Output,PID->Output_Max,-PID->Output_Max);
 156              		.loc 1 67 2 is_stmt 1 view .LVU59
  67:Algorithms/Algorithms.c/PID.c **** 	PID->Output = VAL_LIMIT(PID->Output,PID->Output_Max,-PID->Output_Max);
 157              		.loc 1 67 20 is_stmt 0 view .LVU60
 158 005c D4ED087A 		vldr.32	s15, [r4, #32]
  67:Algorithms/Algorithms.c/PID.c **** 	PID->Output = VAL_LIMIT(PID->Output,PID->Output_Max,-PID->Output_Max);
 159              		.loc 1 67 28 view .LVU61
 160 0060 30EE270A 		vadd.f32	s0, s0, s15
  67:Algorithms/Algorithms.c/PID.c **** 	PID->Output = VAL_LIMIT(PID->Output,PID->Output_Max,-PID->Output_Max);
 161              		.loc 1 67 46 view .LVU62
 162 0064 D4ED0A7A 		vldr.32	s15, [r4, #40]
  67:Algorithms/Algorithms.c/PID.c **** 	PID->Output = VAL_LIMIT(PID->Output,PID->Output_Max,-PID->Output_Max);
 163              		.loc 1 67 41 view .LVU63
 164 0068 30EE270A 		vadd.f32	s0, s0, s15
  67:Algorithms/Algorithms.c/PID.c **** 	PID->Output = VAL_LIMIT(PID->Output,PID->Output_Max,-PID->Output_Max);
 165              		.loc 1 67 14 view .LVU64
 166 006c 84ED0B0A 		vstr.32	s0, [r4, #44]
  68:Algorithms/Algorithms.c/PID.c **** 	
 167              		.loc 1 68 2 is_stmt 1 view .LVU65
  68:Algorithms/Algorithms.c/PID.c **** 	
 168              		.loc 1 68 16 is_stmt 0 view .LVU66
 169 0070 D4ED0C0A 		vldr.32	s1, [r4, #48]
 170 0074 B1EE601A 		vneg.f32	s2, s1
 171 0078 FFF7FEFF 		bl	VAL_LIMIT
 172              	.LVL5:
  68:Algorithms/Algorithms.c/PID.c **** 	
 173              		.loc 1 68 14 view .LVU67
 174 007c 84ED0B0A 		vstr.32	s0, [r4, #44]
  70:Algorithms/Algorithms.c/PID.c **** }
 175              		.loc 1 70 2 is_stmt 1 view .LVU68
  71:Algorithms/Algorithms.c/PID.c **** 
 176              		.loc 1 71 1 is_stmt 0 view .LVU69
 177 0080 10BD     		pop	{r4, pc}
  71:Algorithms/Algorithms.c/PID.c **** 
 178              		.loc 1 71 1 view .LVU70
 179              		.cfi_endproc
 180              	.LFE162:
 182              		.section	.text.Incremental_PID,"ax",%progbits
 183              		.align	1
 184              		.global	Incremental_PID
 185              		.syntax unified
 186              		.thumb
 187              		.thumb_func
 189              	Incremental_PID:
 190              	.LVL6:
 191              	.LFB163:
  74:Algorithms/Algorithms.c/PID.c **** 	PID->Target_Value = Target_Value;
 192              		.loc 1 74 1 is_stmt 1 view -0
 193              		.cfi_startproc
ARM GAS  C:\Users\purdu\AppData\Local\Temp\ccKkLlWi.s 			page 7


 194              		@ args = 0, pretend = 0, frame = 0
 195              		@ frame_needed = 0, uses_anonymous_args = 0
  74:Algorithms/Algorithms.c/PID.c **** 	PID->Target_Value = Target_Value;
 196              		.loc 1 74 1 is_stmt 0 view .LVU72
 197 0000 10B5     		push	{r4, lr}
 198              	.LCFI1:
 199              		.cfi_def_cfa_offset 8
 200              		.cfi_offset 4, -8
 201              		.cfi_offset 14, -4
 202 0002 0446     		mov	r4, r0
  75:Algorithms/Algorithms.c/PID.c **** 	PID->Measured_Value = Measured_Value;
 203              		.loc 1 75 2 is_stmt 1 view .LVU73
  75:Algorithms/Algorithms.c/PID.c **** 	PID->Measured_Value = Measured_Value;
 204              		.loc 1 75 20 is_stmt 0 view .LVU74
 205 0004 80ED000A 		vstr.32	s0, [r0]
  76:Algorithms/Algorithms.c/PID.c **** 	PID->Prev_Prev_Error = PID->Prev_Error;
 206              		.loc 1 76 2 is_stmt 1 view .LVU75
  76:Algorithms/Algorithms.c/PID.c **** 	PID->Prev_Prev_Error = PID->Prev_Error;
 207              		.loc 1 76 22 is_stmt 0 view .LVU76
 208 0008 C0ED010A 		vstr.32	s1, [r0, #4]
  77:Algorithms/Algorithms.c/PID.c **** 	PID->Prev_Error = PID->Error;
 209              		.loc 1 77 2 is_stmt 1 view .LVU77
  77:Algorithms/Algorithms.c/PID.c **** 	PID->Prev_Error = PID->Error;
 210              		.loc 1 77 28 is_stmt 0 view .LVU78
 211 000c 90ED037A 		vldr.32	s14, [r0, #12]
  77:Algorithms/Algorithms.c/PID.c **** 	PID->Prev_Error = PID->Error;
 212              		.loc 1 77 23 view .LVU79
 213 0010 80ED047A 		vstr.32	s14, [r0, #16]
  78:Algorithms/Algorithms.c/PID.c **** 	PID->Error = PID->Target_Value - PID->Measured_Value;
 214              		.loc 1 78 2 is_stmt 1 view .LVU80
  78:Algorithms/Algorithms.c/PID.c **** 	PID->Error = PID->Target_Value - PID->Measured_Value;
 215              		.loc 1 78 23 is_stmt 0 view .LVU81
 216 0014 D0ED027A 		vldr.32	s15, [r0, #8]
  78:Algorithms/Algorithms.c/PID.c **** 	PID->Error = PID->Target_Value - PID->Measured_Value;
 217              		.loc 1 78 18 view .LVU82
 218 0018 C0ED037A 		vstr.32	s15, [r0, #12]
  79:Algorithms/Algorithms.c/PID.c **** 	
 219              		.loc 1 79 2 is_stmt 1 view .LVU83
  79:Algorithms/Algorithms.c/PID.c **** 	
 220              		.loc 1 79 33 is_stmt 0 view .LVU84
 221 001c 70EE600A 		vsub.f32	s1, s0, s1
 222              	.LVL7:
  79:Algorithms/Algorithms.c/PID.c **** 	
 223              		.loc 1 79 13 view .LVU85
 224 0020 C0ED020A 		vstr.32	s1, [r0, #8]
  81:Algorithms/Algorithms.c/PID.c **** 	PID->I_Out = PID->Ki * PID->Error;
 225              		.loc 1 81 2 is_stmt 1 view .LVU86
  81:Algorithms/Algorithms.c/PID.c **** 	PID->I_Out = PID->Ki * PID->Error;
 226              		.loc 1 81 18 is_stmt 0 view .LVU87
 227 0024 D0ED056A 		vldr.32	s13, [r0, #20]
  81:Algorithms/Algorithms.c/PID.c **** 	PID->I_Out = PID->Ki * PID->Error;
 228              		.loc 1 81 37 view .LVU88
 229 0028 30EEE76A 		vsub.f32	s12, s1, s15
  81:Algorithms/Algorithms.c/PID.c **** 	PID->I_Out = PID->Ki * PID->Error;
 230              		.loc 1 81 23 view .LVU89
 231 002c 66EE866A 		vmul.f32	s13, s13, s12
  81:Algorithms/Algorithms.c/PID.c **** 	PID->I_Out = PID->Ki * PID->Error;
ARM GAS  C:\Users\purdu\AppData\Local\Temp\ccKkLlWi.s 			page 8


 232              		.loc 1 81 13 view .LVU90
 233 0030 C0ED086A 		vstr.32	s13, [r0, #32]
  82:Algorithms/Algorithms.c/PID.c **** 	PID->D_Out = PID->Kd * (PID->Error - 2.0f * PID->Prev_Error + PID->Prev_Prev_Error);
 234              		.loc 1 82 2 is_stmt 1 view .LVU91
  82:Algorithms/Algorithms.c/PID.c **** 	PID->D_Out = PID->Kd * (PID->Error - 2.0f * PID->Prev_Error + PID->Prev_Prev_Error);
 235              		.loc 1 82 18 is_stmt 0 view .LVU92
 236 0034 90ED060A 		vldr.32	s0, [r0, #24]
 237              	.LVL8:
  82:Algorithms/Algorithms.c/PID.c **** 	PID->D_Out = PID->Kd * (PID->Error - 2.0f * PID->Prev_Error + PID->Prev_Prev_Error);
 238              		.loc 1 82 23 view .LVU93
 239 0038 20EE800A 		vmul.f32	s0, s1, s0
  82:Algorithms/Algorithms.c/PID.c **** 	PID->D_Out = PID->Kd * (PID->Error - 2.0f * PID->Prev_Error + PID->Prev_Prev_Error);
 240              		.loc 1 82 13 view .LVU94
 241 003c 80ED090A 		vstr.32	s0, [r0, #36]
  83:Algorithms/Algorithms.c/PID.c **** 	
 242              		.loc 1 83 2 is_stmt 1 view .LVU95
  83:Algorithms/Algorithms.c/PID.c **** 	
 243              		.loc 1 83 18 is_stmt 0 view .LVU96
 244 0040 D0ED076A 		vldr.32	s13, [r0, #28]
  83:Algorithms/Algorithms.c/PID.c **** 	
 245              		.loc 1 83 44 view .LVU97
 246 0044 77EEA77A 		vadd.f32	s15, s15, s15
  83:Algorithms/Algorithms.c/PID.c **** 	
 247              		.loc 1 83 37 view .LVU98
 248 0048 70EEE70A 		vsub.f32	s1, s1, s15
  83:Algorithms/Algorithms.c/PID.c **** 	
 249              		.loc 1 83 62 view .LVU99
 250 004c 37EE207A 		vadd.f32	s14, s14, s1
  83:Algorithms/Algorithms.c/PID.c **** 	
 251              		.loc 1 83 23 view .LVU100
 252 0050 66EE877A 		vmul.f32	s15, s13, s14
  83:Algorithms/Algorithms.c/PID.c **** 	
 253              		.loc 1 83 13 view .LVU101
 254 0054 C0ED0A7A 		vstr.32	s15, [r0, #40]
  85:Algorithms/Algorithms.c/PID.c **** 	PID->Output = (PID->P_Out + PID->I_Out + PID->D_Out);
 255              		.loc 1 85 2 is_stmt 1 view .LVU102
  85:Algorithms/Algorithms.c/PID.c **** 	PID->Output = (PID->P_Out + PID->I_Out + PID->D_Out);
 256              		.loc 1 85 15 is_stmt 0 view .LVU103
 257 0058 D0ED0D0A 		vldr.32	s1, [r0, #52]
 258 005c B1EE601A 		vneg.f32	s2, s1
 259 0060 FFF7FEFF 		bl	VAL_LIMIT
 260              	.LVL9:
  85:Algorithms/Algorithms.c/PID.c **** 	PID->Output = (PID->P_Out + PID->I_Out + PID->D_Out);
 261              		.loc 1 85 13 view .LVU104
 262 0064 84ED090A 		vstr.32	s0, [r4, #36]
  86:Algorithms/Algorithms.c/PID.c **** 	PID->Output = VAL_LIMIT(PID->Output,PID->Output_Max,-PID->I_Out_Max);
 263              		.loc 1 86 2 is_stmt 1 view .LVU105
  86:Algorithms/Algorithms.c/PID.c **** 	PID->Output = VAL_LIMIT(PID->Output,PID->Output_Max,-PID->I_Out_Max);
 264              		.loc 1 86 20 is_stmt 0 view .LVU106
 265 0068 D4ED087A 		vldr.32	s15, [r4, #32]
  86:Algorithms/Algorithms.c/PID.c **** 	PID->Output = VAL_LIMIT(PID->Output,PID->Output_Max,-PID->I_Out_Max);
 266              		.loc 1 86 28 view .LVU107
 267 006c 30EE270A 		vadd.f32	s0, s0, s15
  86:Algorithms/Algorithms.c/PID.c **** 	PID->Output = VAL_LIMIT(PID->Output,PID->Output_Max,-PID->I_Out_Max);
 268              		.loc 1 86 46 view .LVU108
 269 0070 D4ED0A7A 		vldr.32	s15, [r4, #40]
  86:Algorithms/Algorithms.c/PID.c **** 	PID->Output = VAL_LIMIT(PID->Output,PID->Output_Max,-PID->I_Out_Max);
ARM GAS  C:\Users\purdu\AppData\Local\Temp\ccKkLlWi.s 			page 9


 270              		.loc 1 86 41 view .LVU109
 271 0074 30EE270A 		vadd.f32	s0, s0, s15
  86:Algorithms/Algorithms.c/PID.c **** 	PID->Output = VAL_LIMIT(PID->Output,PID->Output_Max,-PID->I_Out_Max);
 272              		.loc 1 86 14 view .LVU110
 273 0078 84ED0B0A 		vstr.32	s0, [r4, #44]
  87:Algorithms/Algorithms.c/PID.c **** 	
 274              		.loc 1 87 2 is_stmt 1 view .LVU111
  87:Algorithms/Algorithms.c/PID.c **** 	
 275              		.loc 1 87 58 is_stmt 0 view .LVU112
 276 007c 94ED0D1A 		vldr.32	s2, [r4, #52]
  87:Algorithms/Algorithms.c/PID.c **** 	
 277              		.loc 1 87 16 view .LVU113
 278 0080 B1EE411A 		vneg.f32	s2, s2
 279 0084 D4ED0C0A 		vldr.32	s1, [r4, #48]
 280 0088 FFF7FEFF 		bl	VAL_LIMIT
 281              	.LVL10:
  87:Algorithms/Algorithms.c/PID.c **** 	
 282              		.loc 1 87 14 view .LVU114
 283 008c 84ED0B0A 		vstr.32	s0, [r4, #44]
  89:Algorithms/Algorithms.c/PID.c **** }
 284              		.loc 1 89 2 is_stmt 1 view .LVU115
  90:Algorithms/Algorithms.c/PID.c **** 
 285              		.loc 1 90 1 is_stmt 0 view .LVU116
 286 0090 10BD     		pop	{r4, pc}
  90:Algorithms/Algorithms.c/PID.c **** 
 287              		.loc 1 90 1 view .LVU117
 288              		.cfi_endproc
 289              	.LFE163:
 291              		.global	PID_Func
 292              		.section	.data.PID_Func,"aw"
 293              		.align	2
 296              	PID_Func:
 297 0000 00000000 		.word	Positional_PID
 298 0004 00000000 		.word	Incremental_PID
 299 0008 00000000 		.word	Clear_PID_Data
 300              		.global	Trigger_Speed_PID
 301              		.section	.data.Trigger_Speed_PID,"aw"
 302              		.align	2
 305              	Trigger_Speed_PID:
 306 0000 00000000 		.word	0
 307 0004 00000000 		.word	0
 308 0008 00000000 		.word	0
 309 000c 00000000 		.word	0
 310 0010 00000000 		.word	0
 311 0014 00000041 		.word	1090519040
 312 0018 00000000 		.word	0
 313 001c 00000000 		.word	0
 314 0020 00000000 		.word	0
 315 0024 00000000 		.word	0
 316 0028 00000000 		.word	0
 317 002c 00000000 		.word	0
 318 0030 00401C46 		.word	1176256512
 319 0034 00000000 		.word	0
 320              		.global	Trigger_Angle_PID
 321              		.section	.data.Trigger_Angle_PID,"aw"
 322              		.align	2
 325              	Trigger_Angle_PID:
ARM GAS  C:\Users\purdu\AppData\Local\Temp\ccKkLlWi.s 			page 10


 326 0000 00000000 		.word	0
 327 0004 00000000 		.word	0
 328 0008 00000000 		.word	0
 329 000c 00000000 		.word	0
 330 0010 00000000 		.word	0
 331 0014 00008040 		.word	1082130432
 332 0018 00000000 		.word	0
 333 001c 00004842 		.word	1112014848
 334 0020 00000000 		.word	0
 335 0024 00000000 		.word	0
 336 0028 00000000 		.word	0
 337 002c 00000000 		.word	0
 338 0030 0080BB45 		.word	1169915904
 339 0034 00000000 		.word	0
 340              		.global	Pitch_Speed_PID
 341              		.section	.data.Pitch_Speed_PID,"aw"
 342              		.align	2
 345              	Pitch_Speed_PID:
 346 0000 00000000 		.word	0
 347 0004 00000000 		.word	0
 348 0008 00000000 		.word	0
 349 000c 00000000 		.word	0
 350 0010 00000000 		.word	0
 351 0014 0000C843 		.word	1137180672
 352 0018 CDCC4C3E 		.word	1045220557
 353 001c 00000000 		.word	0
 354 0020 00000000 		.word	0
 355 0024 00000000 		.word	0
 356 0028 00000000 		.word	0
 357 002c 00000000 		.word	0
 358 0030 00C0DA46 		.word	1188741120
 359 0034 00007A45 		.word	1165623296
 360              		.global	Pitch_Angle_PID
 361              		.section	.data.Pitch_Angle_PID,"aw"
 362              		.align	2
 365              	Pitch_Angle_PID:
 366 0000 00000000 		.word	0
 367 0004 00000000 		.word	0
 368 0008 00000000 		.word	0
 369 000c 00000000 		.word	0
 370 0010 00000000 		.word	0
 371 0014 00008040 		.word	1082130432
 372 0018 00000000 		.word	0
 373 001c 0000F041 		.word	1106247680
 374 0020 00000000 		.word	0
 375 0024 00000000 		.word	0
 376 0028 00000000 		.word	0
 377 002c 00000000 		.word	0
 378 0030 00803B45 		.word	1161527296
 379 0034 00000000 		.word	0
 380              		.global	Yaw_Speed_PID
 381              		.section	.data.Yaw_Speed_PID,"aw"
 382              		.align	2
 385              	Yaw_Speed_PID:
 386 0000 00000000 		.word	0
 387 0004 00000000 		.word	0
 388 0008 00000000 		.word	0
ARM GAS  C:\Users\purdu\AppData\Local\Temp\ccKkLlWi.s 			page 11


 389 000c 00000000 		.word	0
 390 0010 00000000 		.word	0
 391 0014 0000A040 		.word	1084227584
 392 0018 00000000 		.word	0
 393 001c 00000040 		.word	1073741824
 394 0020 00000000 		.word	0
 395 0024 00000000 		.word	0
 396 0028 00000000 		.word	0
 397 002c 00000000 		.word	0
 398 0030 0050C346 		.word	1187205120
 399 0034 00401C46 		.word	1176256512
 400              		.global	Yaw_Angle_PID
 401              		.section	.data.Yaw_Angle_PID,"aw"
 402              		.align	2
 405              	Yaw_Angle_PID:
 406 0000 00000000 		.word	0
 407 0004 00000000 		.word	0
 408 0008 00000000 		.word	0
 409 000c 00000000 		.word	0
 410 0010 00000000 		.word	0
 411 0014 00001644 		.word	1142292480
 412 0018 00000000 		.word	0
 413 001c 00606A47 		.word	1198153728
 414 0020 00000000 		.word	0
 415 0024 00000000 		.word	0
 416 0028 00000000 		.word	0
 417 002c 00000000 		.word	0
 418 0030 00C0DA46 		.word	1188741120
 419 0034 00000000 		.word	0
 420              		.global	Chassis_Position_PID
 421              		.section	.data.Chassis_Position_PID,"aw"
 422              		.align	2
 425              	Chassis_Position_PID:
 426 0000 00000000 		.word	0
 427 0004 00000000 		.word	0
 428 0008 00000000 		.word	0
 429 000c 00000000 		.word	0
 430 0010 00000000 		.word	0
 431 0014 0080BB45 		.word	1169915904
 432 0018 00000000 		.word	0
 433 001c 00E62A49 		.word	1227548160
 434 0020 00000000 		.word	0
 435 0024 00000000 		.word	0
 436 0028 00000000 		.word	0
 437 002c 00000000 		.word	0
 438 0030 00401C46 		.word	1176256512
 439 0034 00000000 		.word	0
 440              		.global	Chassis_Speed_PID
 441              		.section	.data.Chassis_Speed_PID,"aw"
 442              		.align	2
 445              	Chassis_Speed_PID:
 446 0000 00000000 		.word	0
 447 0004 00000000 		.word	0
 448 0008 00000000 		.word	0
 449 000c 00000000 		.word	0
 450 0010 00000000 		.word	0
 451 0014 00007A44 		.word	1148846080
ARM GAS  C:\Users\purdu\AppData\Local\Temp\ccKkLlWi.s 			page 12


 452 0018 0000F041 		.word	1106247680
 453 001c 00000000 		.word	0
 454 0020 00000000 		.word	0
 455 0024 00000000 		.word	0
 456 0028 00000000 		.word	0
 457 002c 00000000 		.word	0
 458 0030 00401C46 		.word	1176256512
 459 0034 0000FA43 		.word	1140457472
 460              		.global	Chassis_Turning_PID
 461              		.section	.data.Chassis_Turning_PID,"aw"
 462              		.align	2
 465              	Chassis_Turning_PID:
 466 0000 00000000 		.word	0
 467 0004 00000000 		.word	0
 468 0008 00000000 		.word	0
 469 000c 00000000 		.word	0
 470 0010 00000000 		.word	0
 471 0014 0000803F 		.word	1065353216
 472 0018 00000000 		.word	0
 473 001c 0000803F 		.word	1065353216
 474 0020 00000000 		.word	0
 475 0024 00000000 		.word	0
 476 0028 00000000 		.word	0
 477 002c 00000000 		.word	0
 478 0030 00401C46 		.word	1176256512
 479 0034 00000000 		.word	0
 480              		.global	Chassis_Angle_PID
 481              		.section	.data.Chassis_Angle_PID,"aw"
 482              		.align	2
 485              	Chassis_Angle_PID:
 486 0000 00000000 		.word	0
 487 0004 00000000 		.word	0
 488 0008 00000000 		.word	0
 489 000c 00000000 		.word	0
 490 0010 00000000 		.word	0
 491 0014 00003443 		.word	1127481344
 492 0018 00000000 		.word	0
 493 001c 00606A46 		.word	1181376512
 494 0020 00000000 		.word	0
 495 0024 00000000 		.word	0
 496 0028 00000000 		.word	0
 497 002c 00000000 		.word	0
 498 0030 00401C46 		.word	1176256512
 499 0034 00000000 		.word	0
 500              		.global	Fric_Wheel_PID
 501              		.section	.data.Fric_Wheel_PID,"aw"
 502              		.align	2
 505              	Fric_Wheel_PID:
 506 0000 00000000 		.word	0
 507 0004 00000000 		.word	0
 508 0008 00000000 		.word	0
 509 000c 00000000 		.word	0
 510 0010 00000000 		.word	0
 511 0014 00002041 		.word	1092616192
 512 0018 00000000 		.word	0
 513 001c 00000000 		.word	0
 514 0020 00000000 		.word	0
ARM GAS  C:\Users\purdu\AppData\Local\Temp\ccKkLlWi.s 			page 13


 515 0024 00000000 		.word	0
 516 0028 00000000 		.word	0
 517 002c 00000000 		.word	0
 518 0030 00008046 		.word	1182793728
 519 0034 00409C45 		.word	1167867904
 520              		.text
 521              	.Letext0:
 522              		.file 2 "Algorithms/Algorithms.h/PID.h"
 523              		.file 3 "Algorithms/Algorithms.h/User_Defined_Math.h"
ARM GAS  C:\Users\purdu\AppData\Local\Temp\ccKkLlWi.s 			page 14


DEFINED SYMBOLS
                            *ABS*:00000000 PID.c
C:\Users\purdu\AppData\Local\Temp\ccKkLlWi.s:21     .text.Clear_PID_Data:00000000 $t
C:\Users\purdu\AppData\Local\Temp\ccKkLlWi.s:27     .text.Clear_PID_Data:00000000 Clear_PID_Data
C:\Users\purdu\AppData\Local\Temp\ccKkLlWi.s:84     .text.Positional_PID:00000000 $t
C:\Users\purdu\AppData\Local\Temp\ccKkLlWi.s:90     .text.Positional_PID:00000000 Positional_PID
C:\Users\purdu\AppData\Local\Temp\ccKkLlWi.s:183    .text.Incremental_PID:00000000 $t
C:\Users\purdu\AppData\Local\Temp\ccKkLlWi.s:189    .text.Incremental_PID:00000000 Incremental_PID
C:\Users\purdu\AppData\Local\Temp\ccKkLlWi.s:296    .data.PID_Func:00000000 PID_Func
C:\Users\purdu\AppData\Local\Temp\ccKkLlWi.s:293    .data.PID_Func:00000000 $d
C:\Users\purdu\AppData\Local\Temp\ccKkLlWi.s:305    .data.Trigger_Speed_PID:00000000 Trigger_Speed_PID
C:\Users\purdu\AppData\Local\Temp\ccKkLlWi.s:302    .data.Trigger_Speed_PID:00000000 $d
C:\Users\purdu\AppData\Local\Temp\ccKkLlWi.s:325    .data.Trigger_Angle_PID:00000000 Trigger_Angle_PID
C:\Users\purdu\AppData\Local\Temp\ccKkLlWi.s:322    .data.Trigger_Angle_PID:00000000 $d
C:\Users\purdu\AppData\Local\Temp\ccKkLlWi.s:345    .data.Pitch_Speed_PID:00000000 Pitch_Speed_PID
C:\Users\purdu\AppData\Local\Temp\ccKkLlWi.s:342    .data.Pitch_Speed_PID:00000000 $d
C:\Users\purdu\AppData\Local\Temp\ccKkLlWi.s:365    .data.Pitch_Angle_PID:00000000 Pitch_Angle_PID
C:\Users\purdu\AppData\Local\Temp\ccKkLlWi.s:362    .data.Pitch_Angle_PID:00000000 $d
C:\Users\purdu\AppData\Local\Temp\ccKkLlWi.s:385    .data.Yaw_Speed_PID:00000000 Yaw_Speed_PID
C:\Users\purdu\AppData\Local\Temp\ccKkLlWi.s:382    .data.Yaw_Speed_PID:00000000 $d
C:\Users\purdu\AppData\Local\Temp\ccKkLlWi.s:405    .data.Yaw_Angle_PID:00000000 Yaw_Angle_PID
C:\Users\purdu\AppData\Local\Temp\ccKkLlWi.s:402    .data.Yaw_Angle_PID:00000000 $d
C:\Users\purdu\AppData\Local\Temp\ccKkLlWi.s:425    .data.Chassis_Position_PID:00000000 Chassis_Position_PID
C:\Users\purdu\AppData\Local\Temp\ccKkLlWi.s:422    .data.Chassis_Position_PID:00000000 $d
C:\Users\purdu\AppData\Local\Temp\ccKkLlWi.s:445    .data.Chassis_Speed_PID:00000000 Chassis_Speed_PID
C:\Users\purdu\AppData\Local\Temp\ccKkLlWi.s:442    .data.Chassis_Speed_PID:00000000 $d
C:\Users\purdu\AppData\Local\Temp\ccKkLlWi.s:465    .data.Chassis_Turning_PID:00000000 Chassis_Turning_PID
C:\Users\purdu\AppData\Local\Temp\ccKkLlWi.s:462    .data.Chassis_Turning_PID:00000000 $d
C:\Users\purdu\AppData\Local\Temp\ccKkLlWi.s:485    .data.Chassis_Angle_PID:00000000 Chassis_Angle_PID
C:\Users\purdu\AppData\Local\Temp\ccKkLlWi.s:482    .data.Chassis_Angle_PID:00000000 $d
C:\Users\purdu\AppData\Local\Temp\ccKkLlWi.s:505    .data.Fric_Wheel_PID:00000000 Fric_Wheel_PID
C:\Users\purdu\AppData\Local\Temp\ccKkLlWi.s:502    .data.Fric_Wheel_PID:00000000 $d

UNDEFINED SYMBOLS
VAL_LIMIT
